The system is: Linux - 4.4.0-96-generic - x86_64
Compiling the C compiler identification source file "CMakeCCompilerId.c" succeeded.
Compiler: /usr/bin/cc 
Build flags: 
Id flags: 

The output was:
0


Compilation of the C compiler identification source "CMakeCCompilerId.c" produced "a.out"

The C compiler identification is GNU, found in "/home/thfabian/Desktop/dawn/build/gcc/CMakeFiles/3.5.1/CompilerIdC/a.out"

Compiling the CXX compiler identification source file "CMakeCXXCompilerId.cpp" succeeded.
Compiler: /usr/bin/g++ 
Build flags: 
Id flags: 

The output was:
0


Compilation of the CXX compiler identification source "CMakeCXXCompilerId.cpp" produced "a.out"

The CXX compiler identification is GNU, found in "/home/thfabian/Desktop/dawn/build/gcc/CMakeFiles/3.5.1/CompilerIdCXX/a.out"

Determining if the C compiler works passed with the following output:
Change Dir: /home/thfabian/Desktop/dawn/build/gcc/CMakeFiles/CMakeTmp

Run Build Command:"/usr/bin/make" "cmTC_44acc/fast"
/usr/bin/make -f CMakeFiles/cmTC_44acc.dir/build.make CMakeFiles/cmTC_44acc.dir/build
make[1]: Entering directory '/home/thfabian/Desktop/dawn/build/gcc/CMakeFiles/CMakeTmp'
Building C object CMakeFiles/cmTC_44acc.dir/testCCompiler.c.o
/usr/bin/cc     -o CMakeFiles/cmTC_44acc.dir/testCCompiler.c.o   -c /home/thfabian/Desktop/dawn/build/gcc/CMakeFiles/CMakeTmp/testCCompiler.c
Linking C executable cmTC_44acc
/usr/bin/cmake -E cmake_link_script CMakeFiles/cmTC_44acc.dir/link.txt --verbose=1
/usr/bin/cc       CMakeFiles/cmTC_44acc.dir/testCCompiler.c.o  -o cmTC_44acc -rdynamic 
make[1]: Leaving directory '/home/thfabian/Desktop/dawn/build/gcc/CMakeFiles/CMakeTmp'


Detecting C compiler ABI info compiled with the following output:
Change Dir: /home/thfabian/Desktop/dawn/build/gcc/CMakeFiles/CMakeTmp

Run Build Command:"/usr/bin/make" "cmTC_242cd/fast"
/usr/bin/make -f CMakeFiles/cmTC_242cd.dir/build.make CMakeFiles/cmTC_242cd.dir/build
make[1]: Entering directory '/home/thfabian/Desktop/dawn/build/gcc/CMakeFiles/CMakeTmp'
Building C object CMakeFiles/cmTC_242cd.dir/CMakeCCompilerABI.c.o
/usr/bin/cc     -o CMakeFiles/cmTC_242cd.dir/CMakeCCompilerABI.c.o   -c /usr/share/cmake-3.5/Modules/CMakeCCompilerABI.c
Linking C executable cmTC_242cd
/usr/bin/cmake -E cmake_link_script CMakeFiles/cmTC_242cd.dir/link.txt --verbose=1
/usr/bin/cc      -v CMakeFiles/cmTC_242cd.dir/CMakeCCompilerABI.c.o  -o cmTC_242cd -rdynamic  
Using built-in specs.
COLLECT_GCC=/usr/bin/cc
COLLECT_LTO_WRAPPER=/usr/lib/gcc/x86_64-linux-gnu/5/lto-wrapper
Target: x86_64-linux-gnu
Configured with: ../src/configure -v --with-pkgversion='Ubuntu 5.4.0-6ubuntu1~16.04.4' --with-bugurl=file:///usr/share/doc/gcc-5/README.Bugs --enable-languages=c,ada,c++,java,go,d,fortran,objc,obj-c++ --prefix=/usr --program-suffix=-5 --enable-shared --enable-linker-build-id --libexecdir=/usr/lib --without-included-gettext --enable-threads=posix --libdir=/usr/lib --enable-nls --with-sysroot=/ --enable-clocale=gnu --enable-libstdcxx-debug --enable-libstdcxx-time=yes --with-default-libstdcxx-abi=new --enable-gnu-unique-object --disable-vtable-verify --enable-libmpx --enable-plugin --with-system-zlib --disable-browser-plugin --enable-java-awt=gtk --enable-gtk-cairo --with-java-home=/usr/lib/jvm/java-1.5.0-gcj-5-amd64/jre --enable-java-home --with-jvm-root-dir=/usr/lib/jvm/java-1.5.0-gcj-5-amd64 --with-jvm-jar-dir=/usr/lib/jvm-exports/java-1.5.0-gcj-5-amd64 --with-arch-directory=amd64 --with-ecj-jar=/usr/share/java/eclipse-ecj.jar --enable-objc-gc --enable-multiarch --disable-werror --with-arch-32=i686 --with-abi=m64 --with-multilib-list=m32,m64,mx32 --enable-multilib --with-tune=generic --enable-checking=release --build=x86_64-linux-gnu --host=x86_64-linux-gnu --target=x86_64-linux-gnu
Thread model: posix
gcc version 5.4.0 20160609 (Ubuntu 5.4.0-6ubuntu1~16.04.4) 
COMPILER_PATH=/usr/lib/gcc/x86_64-linux-gnu/5/:/usr/lib/gcc/x86_64-linux-gnu/5/:/usr/lib/gcc/x86_64-linux-gnu/:/usr/lib/gcc/x86_64-linux-gnu/5/:/usr/lib/gcc/x86_64-linux-gnu/
LIBRARY_PATH=/usr/lib/gcc/x86_64-linux-gnu/5/:/usr/lib/gcc/x86_64-linux-gnu/5/../../../x86_64-linux-gnu/:/usr/lib/gcc/x86_64-linux-gnu/5/../../../../lib/:/lib/x86_64-linux-gnu/:/lib/../lib/:/usr/lib/x86_64-linux-gnu/:/usr/lib/../lib/:/usr/lib/gcc/x86_64-linux-gnu/5/../../../:/lib/:/usr/lib/
COLLECT_GCC_OPTIONS='-v' '-o' 'cmTC_242cd' '-rdynamic' '-mtune=generic' '-march=x86-64'
 /usr/lib/gcc/x86_64-linux-gnu/5/collect2 -plugin /usr/lib/gcc/x86_64-linux-gnu/5/liblto_plugin.so -plugin-opt=/usr/lib/gcc/x86_64-linux-gnu/5/lto-wrapper -plugin-opt=-fresolution=/tmp/ccwRr1kd.res -plugin-opt=-pass-through=-lgcc -plugin-opt=-pass-through=-lgcc_s -plugin-opt=-pass-through=-lc -plugin-opt=-pass-through=-lgcc -plugin-opt=-pass-through=-lgcc_s --sysroot=/ --build-id --eh-frame-hdr -m elf_x86_64 --hash-style=gnu --as-needed -export-dynamic -dynamic-linker /lib64/ld-linux-x86-64.so.2 -z relro -o cmTC_242cd /usr/lib/gcc/x86_64-linux-gnu/5/../../../x86_64-linux-gnu/crt1.o /usr/lib/gcc/x86_64-linux-gnu/5/../../../x86_64-linux-gnu/crti.o /usr/lib/gcc/x86_64-linux-gnu/5/crtbegin.o -L/usr/lib/gcc/x86_64-linux-gnu/5 -L/usr/lib/gcc/x86_64-linux-gnu/5/../../../x86_64-linux-gnu -L/usr/lib/gcc/x86_64-linux-gnu/5/../../../../lib -L/lib/x86_64-linux-gnu -L/lib/../lib -L/usr/lib/x86_64-linux-gnu -L/usr/lib/../lib -L/usr/lib/gcc/x86_64-linux-gnu/5/../../.. CMakeFiles/cmTC_242cd.dir/CMakeCCompilerABI.c.o -lgcc --as-needed -lgcc_s --no-as-needed -lc -lgcc --as-needed -lgcc_s --no-as-needed /usr/lib/gcc/x86_64-linux-gnu/5/crtend.o /usr/lib/gcc/x86_64-linux-gnu/5/../../../x86_64-linux-gnu/crtn.o
make[1]: Leaving directory '/home/thfabian/Desktop/dawn/build/gcc/CMakeFiles/CMakeTmp'


Parsed C implicit link information from above output:
  link line regex: [^( *|.*[/\])(ld|([^/\]+-)?ld|collect2)[^/\]*( |$)]
  ignore line: [Change Dir: /home/thfabian/Desktop/dawn/build/gcc/CMakeFiles/CMakeTmp]
  ignore line: []
  ignore line: [Run Build Command:"/usr/bin/make" "cmTC_242cd/fast"]
  ignore line: [/usr/bin/make -f CMakeFiles/cmTC_242cd.dir/build.make CMakeFiles/cmTC_242cd.dir/build]
  ignore line: [make[1]: Entering directory '/home/thfabian/Desktop/dawn/build/gcc/CMakeFiles/CMakeTmp']
  ignore line: [Building C object CMakeFiles/cmTC_242cd.dir/CMakeCCompilerABI.c.o]
  ignore line: [/usr/bin/cc     -o CMakeFiles/cmTC_242cd.dir/CMakeCCompilerABI.c.o   -c /usr/share/cmake-3.5/Modules/CMakeCCompilerABI.c]
  ignore line: [Linking C executable cmTC_242cd]
  ignore line: [/usr/bin/cmake -E cmake_link_script CMakeFiles/cmTC_242cd.dir/link.txt --verbose=1]
  ignore line: [/usr/bin/cc      -v CMakeFiles/cmTC_242cd.dir/CMakeCCompilerABI.c.o  -o cmTC_242cd -rdynamic  ]
  ignore line: [Using built-in specs.]
  ignore line: [COLLECT_GCC=/usr/bin/cc]
  ignore line: [COLLECT_LTO_WRAPPER=/usr/lib/gcc/x86_64-linux-gnu/5/lto-wrapper]
  ignore line: [Target: x86_64-linux-gnu]
  ignore line: [Configured with: ../src/configure -v --with-pkgversion='Ubuntu 5.4.0-6ubuntu1~16.04.4' --with-bugurl=file:///usr/share/doc/gcc-5/README.Bugs --enable-languages=c,ada,c++,java,go,d,fortran,objc,obj-c++ --prefix=/usr --program-suffix=-5 --enable-shared --enable-linker-build-id --libexecdir=/usr/lib --without-included-gettext --enable-threads=posix --libdir=/usr/lib --enable-nls --with-sysroot=/ --enable-clocale=gnu --enable-libstdcxx-debug --enable-libstdcxx-time=yes --with-default-libstdcxx-abi=new --enable-gnu-unique-object --disable-vtable-verify --enable-libmpx --enable-plugin --with-system-zlib --disable-browser-plugin --enable-java-awt=gtk --enable-gtk-cairo --with-java-home=/usr/lib/jvm/java-1.5.0-gcj-5-amd64/jre --enable-java-home --with-jvm-root-dir=/usr/lib/jvm/java-1.5.0-gcj-5-amd64 --with-jvm-jar-dir=/usr/lib/jvm-exports/java-1.5.0-gcj-5-amd64 --with-arch-directory=amd64 --with-ecj-jar=/usr/share/java/eclipse-ecj.jar --enable-objc-gc --enable-multiarch --disable-werror --with-arch-32=i686 --with-abi=m64 --with-multilib-list=m32,m64,mx32 --enable-multilib --with-tune=generic --enable-checking=release --build=x86_64-linux-gnu --host=x86_64-linux-gnu --target=x86_64-linux-gnu]
  ignore line: [Thread model: posix]
  ignore line: [gcc version 5.4.0 20160609 (Ubuntu 5.4.0-6ubuntu1~16.04.4) ]
  ignore line: [COMPILER_PATH=/usr/lib/gcc/x86_64-linux-gnu/5/:/usr/lib/gcc/x86_64-linux-gnu/5/:/usr/lib/gcc/x86_64-linux-gnu/:/usr/lib/gcc/x86_64-linux-gnu/5/:/usr/lib/gcc/x86_64-linux-gnu/]
  ignore line: [LIBRARY_PATH=/usr/lib/gcc/x86_64-linux-gnu/5/:/usr/lib/gcc/x86_64-linux-gnu/5/../../../x86_64-linux-gnu/:/usr/lib/gcc/x86_64-linux-gnu/5/../../../../lib/:/lib/x86_64-linux-gnu/:/lib/../lib/:/usr/lib/x86_64-linux-gnu/:/usr/lib/../lib/:/usr/lib/gcc/x86_64-linux-gnu/5/../../../:/lib/:/usr/lib/]
  ignore line: [COLLECT_GCC_OPTIONS='-v' '-o' 'cmTC_242cd' '-rdynamic' '-mtune=generic' '-march=x86-64']
  link line: [ /usr/lib/gcc/x86_64-linux-gnu/5/collect2 -plugin /usr/lib/gcc/x86_64-linux-gnu/5/liblto_plugin.so -plugin-opt=/usr/lib/gcc/x86_64-linux-gnu/5/lto-wrapper -plugin-opt=-fresolution=/tmp/ccwRr1kd.res -plugin-opt=-pass-through=-lgcc -plugin-opt=-pass-through=-lgcc_s -plugin-opt=-pass-through=-lc -plugin-opt=-pass-through=-lgcc -plugin-opt=-pass-through=-lgcc_s --sysroot=/ --build-id --eh-frame-hdr -m elf_x86_64 --hash-style=gnu --as-needed -export-dynamic -dynamic-linker /lib64/ld-linux-x86-64.so.2 -z relro -o cmTC_242cd /usr/lib/gcc/x86_64-linux-gnu/5/../../../x86_64-linux-gnu/crt1.o /usr/lib/gcc/x86_64-linux-gnu/5/../../../x86_64-linux-gnu/crti.o /usr/lib/gcc/x86_64-linux-gnu/5/crtbegin.o -L/usr/lib/gcc/x86_64-linux-gnu/5 -L/usr/lib/gcc/x86_64-linux-gnu/5/../../../x86_64-linux-gnu -L/usr/lib/gcc/x86_64-linux-gnu/5/../../../../lib -L/lib/x86_64-linux-gnu -L/lib/../lib -L/usr/lib/x86_64-linux-gnu -L/usr/lib/../lib -L/usr/lib/gcc/x86_64-linux-gnu/5/../../.. CMakeFiles/cmTC_242cd.dir/CMakeCCompilerABI.c.o -lgcc --as-needed -lgcc_s --no-as-needed -lc -lgcc --as-needed -lgcc_s --no-as-needed /usr/lib/gcc/x86_64-linux-gnu/5/crtend.o /usr/lib/gcc/x86_64-linux-gnu/5/../../../x86_64-linux-gnu/crtn.o]
    arg [/usr/lib/gcc/x86_64-linux-gnu/5/collect2] ==> ignore
    arg [-plugin] ==> ignore
    arg [/usr/lib/gcc/x86_64-linux-gnu/5/liblto_plugin.so] ==> ignore
    arg [-plugin-opt=/usr/lib/gcc/x86_64-linux-gnu/5/lto-wrapper] ==> ignore
    arg [-plugin-opt=-fresolution=/tmp/ccwRr1kd.res] ==> ignore
    arg [-plugin-opt=-pass-through=-lgcc] ==> ignore
    arg [-plugin-opt=-pass-through=-lgcc_s] ==> ignore
    arg [-plugin-opt=-pass-through=-lc] ==> ignore
    arg [-plugin-opt=-pass-through=-lgcc] ==> ignore
    arg [-plugin-opt=-pass-through=-lgcc_s] ==> ignore
    arg [--sysroot=/] ==> ignore
    arg [--build-id] ==> ignore
    arg [--eh-frame-hdr] ==> ignore
    arg [-m] ==> ignore
    arg [elf_x86_64] ==> ignore
    arg [--hash-style=gnu] ==> ignore
    arg [--as-needed] ==> ignore
    arg [-export-dynamic] ==> ignore
    arg [-dynamic-linker] ==> ignore
    arg [/lib64/ld-linux-x86-64.so.2] ==> ignore
    arg [-zrelro] ==> ignore
    arg [-o] ==> ignore
    arg [cmTC_242cd] ==> ignore
    arg [/usr/lib/gcc/x86_64-linux-gnu/5/../../../x86_64-linux-gnu/crt1.o] ==> ignore
    arg [/usr/lib/gcc/x86_64-linux-gnu/5/../../../x86_64-linux-gnu/crti.o] ==> ignore
    arg [/usr/lib/gcc/x86_64-linux-gnu/5/crtbegin.o] ==> ignore
    arg [-L/usr/lib/gcc/x86_64-linux-gnu/5] ==> dir [/usr/lib/gcc/x86_64-linux-gnu/5]
    arg [-L/usr/lib/gcc/x86_64-linux-gnu/5/../../../x86_64-linux-gnu] ==> dir [/usr/lib/gcc/x86_64-linux-gnu/5/../../../x86_64-linux-gnu]
    arg [-L/usr/lib/gcc/x86_64-linux-gnu/5/../../../../lib] ==> dir [/usr/lib/gcc/x86_64-linux-gnu/5/../../../../lib]
    arg [-L/lib/x86_64-linux-gnu] ==> dir [/lib/x86_64-linux-gnu]
    arg [-L/lib/../lib] ==> dir [/lib/../lib]
    arg [-L/usr/lib/x86_64-linux-gnu] ==> dir [/usr/lib/x86_64-linux-gnu]
    arg [-L/usr/lib/../lib] ==> dir [/usr/lib/../lib]
    arg [-L/usr/lib/gcc/x86_64-linux-gnu/5/../../..] ==> dir [/usr/lib/gcc/x86_64-linux-gnu/5/../../..]
    arg [CMakeFiles/cmTC_242cd.dir/CMakeCCompilerABI.c.o] ==> ignore
    arg [-lgcc] ==> lib [gcc]
    arg [--as-needed] ==> ignore
    arg [-lgcc_s] ==> lib [gcc_s]
    arg [--no-as-needed] ==> ignore
    arg [-lc] ==> lib [c]
    arg [-lgcc] ==> lib [gcc]
    arg [--as-needed] ==> ignore
    arg [-lgcc_s] ==> lib [gcc_s]
    arg [--no-as-needed] ==> ignore
    arg [/usr/lib/gcc/x86_64-linux-gnu/5/crtend.o] ==> ignore
    arg [/usr/lib/gcc/x86_64-linux-gnu/5/../../../x86_64-linux-gnu/crtn.o] ==> ignore
  remove lib [gcc]
  remove lib [gcc_s]
  remove lib [gcc]
  remove lib [gcc_s]
  collapse library dir [/usr/lib/gcc/x86_64-linux-gnu/5] ==> [/usr/lib/gcc/x86_64-linux-gnu/5]
  collapse library dir [/usr/lib/gcc/x86_64-linux-gnu/5/../../../x86_64-linux-gnu] ==> [/usr/lib/x86_64-linux-gnu]
  collapse library dir [/usr/lib/gcc/x86_64-linux-gnu/5/../../../../lib] ==> [/usr/lib]
  collapse library dir [/lib/x86_64-linux-gnu] ==> [/lib/x86_64-linux-gnu]
  collapse library dir [/lib/../lib] ==> [/lib]
  collapse library dir [/usr/lib/x86_64-linux-gnu] ==> [/usr/lib/x86_64-linux-gnu]
  collapse library dir [/usr/lib/../lib] ==> [/usr/lib]
  collapse library dir [/usr/lib/gcc/x86_64-linux-gnu/5/../../..] ==> [/usr/lib]
  implicit libs: [c]
  implicit dirs: [/usr/lib/gcc/x86_64-linux-gnu/5;/usr/lib/x86_64-linux-gnu;/usr/lib;/lib/x86_64-linux-gnu;/lib]
  implicit fwks: []




Detecting C [-std=c11] compiler features compiled with the following output:
Change Dir: /home/thfabian/Desktop/dawn/build/gcc/CMakeFiles/CMakeTmp

Run Build Command:"/usr/bin/make" "cmTC_4e94c/fast"
/usr/bin/make -f CMakeFiles/cmTC_4e94c.dir/build.make CMakeFiles/cmTC_4e94c.dir/build
make[1]: Entering directory '/home/thfabian/Desktop/dawn/build/gcc/CMakeFiles/CMakeTmp'
Building C object CMakeFiles/cmTC_4e94c.dir/feature_tests.c.o
/usr/bin/cc    -std=c11 -o CMakeFiles/cmTC_4e94c.dir/feature_tests.c.o   -c /home/thfabian/Desktop/dawn/build/gcc/CMakeFiles/feature_tests.c
Linking C executable cmTC_4e94c
/usr/bin/cmake -E cmake_link_script CMakeFiles/cmTC_4e94c.dir/link.txt --verbose=1
/usr/bin/cc       CMakeFiles/cmTC_4e94c.dir/feature_tests.c.o  -o cmTC_4e94c -rdynamic 
make[1]: Leaving directory '/home/thfabian/Desktop/dawn/build/gcc/CMakeFiles/CMakeTmp'


    Feature record: C_FEATURE:1c_function_prototypes
    Feature record: C_FEATURE:1c_restrict
    Feature record: C_FEATURE:1c_static_assert
    Feature record: C_FEATURE:1c_variadic_macros


Detecting C [-std=c99] compiler features compiled with the following output:
Change Dir: /home/thfabian/Desktop/dawn/build/gcc/CMakeFiles/CMakeTmp

Run Build Command:"/usr/bin/make" "cmTC_eca5a/fast"
/usr/bin/make -f CMakeFiles/cmTC_eca5a.dir/build.make CMakeFiles/cmTC_eca5a.dir/build
make[1]: Entering directory '/home/thfabian/Desktop/dawn/build/gcc/CMakeFiles/CMakeTmp'
Building C object CMakeFiles/cmTC_eca5a.dir/feature_tests.c.o
/usr/bin/cc    -std=c99 -o CMakeFiles/cmTC_eca5a.dir/feature_tests.c.o   -c /home/thfabian/Desktop/dawn/build/gcc/CMakeFiles/feature_tests.c
Linking C executable cmTC_eca5a
/usr/bin/cmake -E cmake_link_script CMakeFiles/cmTC_eca5a.dir/link.txt --verbose=1
/usr/bin/cc       CMakeFiles/cmTC_eca5a.dir/feature_tests.c.o  -o cmTC_eca5a -rdynamic 
make[1]: Leaving directory '/home/thfabian/Desktop/dawn/build/gcc/CMakeFiles/CMakeTmp'


    Feature record: C_FEATURE:1c_function_prototypes
    Feature record: C_FEATURE:1c_restrict
    Feature record: C_FEATURE:0c_static_assert
    Feature record: C_FEATURE:1c_variadic_macros


Detecting C [-std=c90] compiler features compiled with the following output:
Change Dir: /home/thfabian/Desktop/dawn/build/gcc/CMakeFiles/CMakeTmp

Run Build Command:"/usr/bin/make" "cmTC_58fc6/fast"
/usr/bin/make -f CMakeFiles/cmTC_58fc6.dir/build.make CMakeFiles/cmTC_58fc6.dir/build
make[1]: Entering directory '/home/thfabian/Desktop/dawn/build/gcc/CMakeFiles/CMakeTmp'
Building C object CMakeFiles/cmTC_58fc6.dir/feature_tests.c.o
/usr/bin/cc    -std=c90 -o CMakeFiles/cmTC_58fc6.dir/feature_tests.c.o   -c /home/thfabian/Desktop/dawn/build/gcc/CMakeFiles/feature_tests.c
Linking C executable cmTC_58fc6
/usr/bin/cmake -E cmake_link_script CMakeFiles/cmTC_58fc6.dir/link.txt --verbose=1
/usr/bin/cc       CMakeFiles/cmTC_58fc6.dir/feature_tests.c.o  -o cmTC_58fc6 -rdynamic 
make[1]: Leaving directory '/home/thfabian/Desktop/dawn/build/gcc/CMakeFiles/CMakeTmp'


    Feature record: C_FEATURE:1c_function_prototypes
    Feature record: C_FEATURE:0c_restrict
    Feature record: C_FEATURE:0c_static_assert
    Feature record: C_FEATURE:0c_variadic_macros
Determining if the CXX compiler works passed with the following output:
Change Dir: /home/thfabian/Desktop/dawn/build/gcc/CMakeFiles/CMakeTmp

Run Build Command:"/usr/bin/make" "cmTC_cdefd/fast"
/usr/bin/make -f CMakeFiles/cmTC_cdefd.dir/build.make CMakeFiles/cmTC_cdefd.dir/build
make[1]: Entering directory '/home/thfabian/Desktop/dawn/build/gcc/CMakeFiles/CMakeTmp'
Building CXX object CMakeFiles/cmTC_cdefd.dir/testCXXCompiler.cxx.o
/usr/bin/g++      -o CMakeFiles/cmTC_cdefd.dir/testCXXCompiler.cxx.o -c /home/thfabian/Desktop/dawn/build/gcc/CMakeFiles/CMakeTmp/testCXXCompiler.cxx
Linking CXX executable cmTC_cdefd
/usr/bin/cmake -E cmake_link_script CMakeFiles/cmTC_cdefd.dir/link.txt --verbose=1
/usr/bin/g++        CMakeFiles/cmTC_cdefd.dir/testCXXCompiler.cxx.o  -o cmTC_cdefd -rdynamic 
make[1]: Leaving directory '/home/thfabian/Desktop/dawn/build/gcc/CMakeFiles/CMakeTmp'


Detecting CXX compiler ABI info compiled with the following output:
Change Dir: /home/thfabian/Desktop/dawn/build/gcc/CMakeFiles/CMakeTmp

Run Build Command:"/usr/bin/make" "cmTC_5f753/fast"
/usr/bin/make -f CMakeFiles/cmTC_5f753.dir/build.make CMakeFiles/cmTC_5f753.dir/build
make[1]: Entering directory '/home/thfabian/Desktop/dawn/build/gcc/CMakeFiles/CMakeTmp'
Building CXX object CMakeFiles/cmTC_5f753.dir/CMakeCXXCompilerABI.cpp.o
/usr/bin/g++      -o CMakeFiles/cmTC_5f753.dir/CMakeCXXCompilerABI.cpp.o -c /usr/share/cmake-3.5/Modules/CMakeCXXCompilerABI.cpp
Linking CXX executable cmTC_5f753
/usr/bin/cmake -E cmake_link_script CMakeFiles/cmTC_5f753.dir/link.txt --verbose=1
/usr/bin/g++       -v CMakeFiles/cmTC_5f753.dir/CMakeCXXCompilerABI.cpp.o  -o cmTC_5f753 -rdynamic  
Using built-in specs.
COLLECT_GCC=/usr/bin/g++
COLLECT_LTO_WRAPPER=/usr/lib/gcc/x86_64-linux-gnu/5/lto-wrapper
Target: x86_64-linux-gnu
Configured with: ../src/configure -v --with-pkgversion='Ubuntu 5.4.0-6ubuntu1~16.04.4' --with-bugurl=file:///usr/share/doc/gcc-5/README.Bugs --enable-languages=c,ada,c++,java,go,d,fortran,objc,obj-c++ --prefix=/usr --program-suffix=-5 --enable-shared --enable-linker-build-id --libexecdir=/usr/lib --without-included-gettext --enable-threads=posix --libdir=/usr/lib --enable-nls --with-sysroot=/ --enable-clocale=gnu --enable-libstdcxx-debug --enable-libstdcxx-time=yes --with-default-libstdcxx-abi=new --enable-gnu-unique-object --disable-vtable-verify --enable-libmpx --enable-plugin --with-system-zlib --disable-browser-plugin --enable-java-awt=gtk --enable-gtk-cairo --with-java-home=/usr/lib/jvm/java-1.5.0-gcj-5-amd64/jre --enable-java-home --with-jvm-root-dir=/usr/lib/jvm/java-1.5.0-gcj-5-amd64 --with-jvm-jar-dir=/usr/lib/jvm-exports/java-1.5.0-gcj-5-amd64 --with-arch-directory=amd64 --with-ecj-jar=/usr/share/java/eclipse-ecj.jar --enable-objc-gc --enable-multiarch --disable-werror --with-arch-32=i686 --with-abi=m64 --with-multilib-list=m32,m64,mx32 --enable-multilib --with-tune=generic --enable-checking=release --build=x86_64-linux-gnu --host=x86_64-linux-gnu --target=x86_64-linux-gnu
Thread model: posix
gcc version 5.4.0 20160609 (Ubuntu 5.4.0-6ubuntu1~16.04.4) 
COMPILER_PATH=/usr/lib/gcc/x86_64-linux-gnu/5/:/usr/lib/gcc/x86_64-linux-gnu/5/:/usr/lib/gcc/x86_64-linux-gnu/:/usr/lib/gcc/x86_64-linux-gnu/5/:/usr/lib/gcc/x86_64-linux-gnu/
LIBRARY_PATH=/usr/lib/gcc/x86_64-linux-gnu/5/:/usr/lib/gcc/x86_64-linux-gnu/5/../../../x86_64-linux-gnu/:/usr/lib/gcc/x86_64-linux-gnu/5/../../../../lib/:/lib/x86_64-linux-gnu/:/lib/../lib/:/usr/lib/x86_64-linux-gnu/:/usr/lib/../lib/:/usr/lib/gcc/x86_64-linux-gnu/5/../../../:/lib/:/usr/lib/
COLLECT_GCC_OPTIONS='-v' '-o' 'cmTC_5f753' '-rdynamic' '-shared-libgcc' '-mtune=generic' '-march=x86-64'
 /usr/lib/gcc/x86_64-linux-gnu/5/collect2 -plugin /usr/lib/gcc/x86_64-linux-gnu/5/liblto_plugin.so -plugin-opt=/usr/lib/gcc/x86_64-linux-gnu/5/lto-wrapper -plugin-opt=-fresolution=/tmp/ccwLi6wC.res -plugin-opt=-pass-through=-lgcc_s -plugin-opt=-pass-through=-lgcc -plugin-opt=-pass-through=-lc -plugin-opt=-pass-through=-lgcc_s -plugin-opt=-pass-through=-lgcc --sysroot=/ --build-id --eh-frame-hdr -m elf_x86_64 --hash-style=gnu --as-needed -export-dynamic -dynamic-linker /lib64/ld-linux-x86-64.so.2 -z relro -o cmTC_5f753 /usr/lib/gcc/x86_64-linux-gnu/5/../../../x86_64-linux-gnu/crt1.o /usr/lib/gcc/x86_64-linux-gnu/5/../../../x86_64-linux-gnu/crti.o /usr/lib/gcc/x86_64-linux-gnu/5/crtbegin.o -L/usr/lib/gcc/x86_64-linux-gnu/5 -L/usr/lib/gcc/x86_64-linux-gnu/5/../../../x86_64-linux-gnu -L/usr/lib/gcc/x86_64-linux-gnu/5/../../../../lib -L/lib/x86_64-linux-gnu -L/lib/../lib -L/usr/lib/x86_64-linux-gnu -L/usr/lib/../lib -L/usr/lib/gcc/x86_64-linux-gnu/5/../../.. CMakeFiles/cmTC_5f753.dir/CMakeCXXCompilerABI.cpp.o -lstdc++ -lm -lgcc_s -lgcc -lc -lgcc_s -lgcc /usr/lib/gcc/x86_64-linux-gnu/5/crtend.o /usr/lib/gcc/x86_64-linux-gnu/5/../../../x86_64-linux-gnu/crtn.o
make[1]: Leaving directory '/home/thfabian/Desktop/dawn/build/gcc/CMakeFiles/CMakeTmp'


Parsed CXX implicit link information from above output:
  link line regex: [^( *|.*[/\])(ld|([^/\]+-)?ld|collect2)[^/\]*( |$)]
  ignore line: [Change Dir: /home/thfabian/Desktop/dawn/build/gcc/CMakeFiles/CMakeTmp]
  ignore line: []
  ignore line: [Run Build Command:"/usr/bin/make" "cmTC_5f753/fast"]
  ignore line: [/usr/bin/make -f CMakeFiles/cmTC_5f753.dir/build.make CMakeFiles/cmTC_5f753.dir/build]
  ignore line: [make[1]: Entering directory '/home/thfabian/Desktop/dawn/build/gcc/CMakeFiles/CMakeTmp']
  ignore line: [Building CXX object CMakeFiles/cmTC_5f753.dir/CMakeCXXCompilerABI.cpp.o]
  ignore line: [/usr/bin/g++      -o CMakeFiles/cmTC_5f753.dir/CMakeCXXCompilerABI.cpp.o -c /usr/share/cmake-3.5/Modules/CMakeCXXCompilerABI.cpp]
  ignore line: [Linking CXX executable cmTC_5f753]
  ignore line: [/usr/bin/cmake -E cmake_link_script CMakeFiles/cmTC_5f753.dir/link.txt --verbose=1]
  ignore line: [/usr/bin/g++       -v CMakeFiles/cmTC_5f753.dir/CMakeCXXCompilerABI.cpp.o  -o cmTC_5f753 -rdynamic  ]
  ignore line: [Using built-in specs.]
  ignore line: [COLLECT_GCC=/usr/bin/g++]
  ignore line: [COLLECT_LTO_WRAPPER=/usr/lib/gcc/x86_64-linux-gnu/5/lto-wrapper]
  ignore line: [Target: x86_64-linux-gnu]
  ignore line: [Configured with: ../src/configure -v --with-pkgversion='Ubuntu 5.4.0-6ubuntu1~16.04.4' --with-bugurl=file:///usr/share/doc/gcc-5/README.Bugs --enable-languages=c,ada,c++,java,go,d,fortran,objc,obj-c++ --prefix=/usr --program-suffix=-5 --enable-shared --enable-linker-build-id --libexecdir=/usr/lib --without-included-gettext --enable-threads=posix --libdir=/usr/lib --enable-nls --with-sysroot=/ --enable-clocale=gnu --enable-libstdcxx-debug --enable-libstdcxx-time=yes --with-default-libstdcxx-abi=new --enable-gnu-unique-object --disable-vtable-verify --enable-libmpx --enable-plugin --with-system-zlib --disable-browser-plugin --enable-java-awt=gtk --enable-gtk-cairo --with-java-home=/usr/lib/jvm/java-1.5.0-gcj-5-amd64/jre --enable-java-home --with-jvm-root-dir=/usr/lib/jvm/java-1.5.0-gcj-5-amd64 --with-jvm-jar-dir=/usr/lib/jvm-exports/java-1.5.0-gcj-5-amd64 --with-arch-directory=amd64 --with-ecj-jar=/usr/share/java/eclipse-ecj.jar --enable-objc-gc --enable-multiarch --disable-werror --with-arch-32=i686 --with-abi=m64 --with-multilib-list=m32,m64,mx32 --enable-multilib --with-tune=generic --enable-checking=release --build=x86_64-linux-gnu --host=x86_64-linux-gnu --target=x86_64-linux-gnu]
  ignore line: [Thread model: posix]
  ignore line: [gcc version 5.4.0 20160609 (Ubuntu 5.4.0-6ubuntu1~16.04.4) ]
  ignore line: [COMPILER_PATH=/usr/lib/gcc/x86_64-linux-gnu/5/:/usr/lib/gcc/x86_64-linux-gnu/5/:/usr/lib/gcc/x86_64-linux-gnu/:/usr/lib/gcc/x86_64-linux-gnu/5/:/usr/lib/gcc/x86_64-linux-gnu/]
  ignore line: [LIBRARY_PATH=/usr/lib/gcc/x86_64-linux-gnu/5/:/usr/lib/gcc/x86_64-linux-gnu/5/../../../x86_64-linux-gnu/:/usr/lib/gcc/x86_64-linux-gnu/5/../../../../lib/:/lib/x86_64-linux-gnu/:/lib/../lib/:/usr/lib/x86_64-linux-gnu/:/usr/lib/../lib/:/usr/lib/gcc/x86_64-linux-gnu/5/../../../:/lib/:/usr/lib/]
  ignore line: [COLLECT_GCC_OPTIONS='-v' '-o' 'cmTC_5f753' '-rdynamic' '-shared-libgcc' '-mtune=generic' '-march=x86-64']
  link line: [ /usr/lib/gcc/x86_64-linux-gnu/5/collect2 -plugin /usr/lib/gcc/x86_64-linux-gnu/5/liblto_plugin.so -plugin-opt=/usr/lib/gcc/x86_64-linux-gnu/5/lto-wrapper -plugin-opt=-fresolution=/tmp/ccwLi6wC.res -plugin-opt=-pass-through=-lgcc_s -plugin-opt=-pass-through=-lgcc -plugin-opt=-pass-through=-lc -plugin-opt=-pass-through=-lgcc_s -plugin-opt=-pass-through=-lgcc --sysroot=/ --build-id --eh-frame-hdr -m elf_x86_64 --hash-style=gnu --as-needed -export-dynamic -dynamic-linker /lib64/ld-linux-x86-64.so.2 -z relro -o cmTC_5f753 /usr/lib/gcc/x86_64-linux-gnu/5/../../../x86_64-linux-gnu/crt1.o /usr/lib/gcc/x86_64-linux-gnu/5/../../../x86_64-linux-gnu/crti.o /usr/lib/gcc/x86_64-linux-gnu/5/crtbegin.o -L/usr/lib/gcc/x86_64-linux-gnu/5 -L/usr/lib/gcc/x86_64-linux-gnu/5/../../../x86_64-linux-gnu -L/usr/lib/gcc/x86_64-linux-gnu/5/../../../../lib -L/lib/x86_64-linux-gnu -L/lib/../lib -L/usr/lib/x86_64-linux-gnu -L/usr/lib/../lib -L/usr/lib/gcc/x86_64-linux-gnu/5/../../.. CMakeFiles/cmTC_5f753.dir/CMakeCXXCompilerABI.cpp.o -lstdc++ -lm -lgcc_s -lgcc -lc -lgcc_s -lgcc /usr/lib/gcc/x86_64-linux-gnu/5/crtend.o /usr/lib/gcc/x86_64-linux-gnu/5/../../../x86_64-linux-gnu/crtn.o]
    arg [/usr/lib/gcc/x86_64-linux-gnu/5/collect2] ==> ignore
    arg [-plugin] ==> ignore
    arg [/usr/lib/gcc/x86_64-linux-gnu/5/liblto_plugin.so] ==> ignore
    arg [-plugin-opt=/usr/lib/gcc/x86_64-linux-gnu/5/lto-wrapper] ==> ignore
    arg [-plugin-opt=-fresolution=/tmp/ccwLi6wC.res] ==> ignore
    arg [-plugin-opt=-pass-through=-lgcc_s] ==> ignore
    arg [-plugin-opt=-pass-through=-lgcc] ==> ignore
    arg [-plugin-opt=-pass-through=-lc] ==> ignore
    arg [-plugin-opt=-pass-through=-lgcc_s] ==> ignore
    arg [-plugin-opt=-pass-through=-lgcc] ==> ignore
    arg [--sysroot=/] ==> ignore
    arg [--build-id] ==> ignore
    arg [--eh-frame-hdr] ==> ignore
    arg [-m] ==> ignore
    arg [elf_x86_64] ==> ignore
    arg [--hash-style=gnu] ==> ignore
    arg [--as-needed] ==> ignore
    arg [-export-dynamic] ==> ignore
    arg [-dynamic-linker] ==> ignore
    arg [/lib64/ld-linux-x86-64.so.2] ==> ignore
    arg [-zrelro] ==> ignore
    arg [-o] ==> ignore
    arg [cmTC_5f753] ==> ignore
    arg [/usr/lib/gcc/x86_64-linux-gnu/5/../../../x86_64-linux-gnu/crt1.o] ==> ignore
    arg [/usr/lib/gcc/x86_64-linux-gnu/5/../../../x86_64-linux-gnu/crti.o] ==> ignore
    arg [/usr/lib/gcc/x86_64-linux-gnu/5/crtbegin.o] ==> ignore
    arg [-L/usr/lib/gcc/x86_64-linux-gnu/5] ==> dir [/usr/lib/gcc/x86_64-linux-gnu/5]
    arg [-L/usr/lib/gcc/x86_64-linux-gnu/5/../../../x86_64-linux-gnu] ==> dir [/usr/lib/gcc/x86_64-linux-gnu/5/../../../x86_64-linux-gnu]
    arg [-L/usr/lib/gcc/x86_64-linux-gnu/5/../../../../lib] ==> dir [/usr/lib/gcc/x86_64-linux-gnu/5/../../../../lib]
    arg [-L/lib/x86_64-linux-gnu] ==> dir [/lib/x86_64-linux-gnu]
    arg [-L/lib/../lib] ==> dir [/lib/../lib]
    arg [-L/usr/lib/x86_64-linux-gnu] ==> dir [/usr/lib/x86_64-linux-gnu]
    arg [-L/usr/lib/../lib] ==> dir [/usr/lib/../lib]
    arg [-L/usr/lib/gcc/x86_64-linux-gnu/5/../../..] ==> dir [/usr/lib/gcc/x86_64-linux-gnu/5/../../..]
    arg [CMakeFiles/cmTC_5f753.dir/CMakeCXXCompilerABI.cpp.o] ==> ignore
    arg [-lstdc++] ==> lib [stdc++]
    arg [-lm] ==> lib [m]
    arg [-lgcc_s] ==> lib [gcc_s]
    arg [-lgcc] ==> lib [gcc]
    arg [-lc] ==> lib [c]
    arg [-lgcc_s] ==> lib [gcc_s]
    arg [-lgcc] ==> lib [gcc]
    arg [/usr/lib/gcc/x86_64-linux-gnu/5/crtend.o] ==> ignore
    arg [/usr/lib/gcc/x86_64-linux-gnu/5/../../../x86_64-linux-gnu/crtn.o] ==> ignore
  remove lib [gcc_s]
  remove lib [gcc]
  remove lib [gcc_s]
  remove lib [gcc]
  collapse library dir [/usr/lib/gcc/x86_64-linux-gnu/5] ==> [/usr/lib/gcc/x86_64-linux-gnu/5]
  collapse library dir [/usr/lib/gcc/x86_64-linux-gnu/5/../../../x86_64-linux-gnu] ==> [/usr/lib/x86_64-linux-gnu]
  collapse library dir [/usr/lib/gcc/x86_64-linux-gnu/5/../../../../lib] ==> [/usr/lib]
  collapse library dir [/lib/x86_64-linux-gnu] ==> [/lib/x86_64-linux-gnu]
  collapse library dir [/lib/../lib] ==> [/lib]
  collapse library dir [/usr/lib/x86_64-linux-gnu] ==> [/usr/lib/x86_64-linux-gnu]
  collapse library dir [/usr/lib/../lib] ==> [/usr/lib]
  collapse library dir [/usr/lib/gcc/x86_64-linux-gnu/5/../../..] ==> [/usr/lib]
  implicit libs: [stdc++;m;c]
  implicit dirs: [/usr/lib/gcc/x86_64-linux-gnu/5;/usr/lib/x86_64-linux-gnu;/usr/lib;/lib/x86_64-linux-gnu;/lib]
  implicit fwks: []




Detecting CXX [-std=c++14] compiler features compiled with the following output:
Change Dir: /home/thfabian/Desktop/dawn/build/gcc/CMakeFiles/CMakeTmp

Run Build Command:"/usr/bin/make" "cmTC_1cadc/fast"
/usr/bin/make -f CMakeFiles/cmTC_1cadc.dir/build.make CMakeFiles/cmTC_1cadc.dir/build
make[1]: Entering directory '/home/thfabian/Desktop/dawn/build/gcc/CMakeFiles/CMakeTmp'
Building CXX object CMakeFiles/cmTC_1cadc.dir/feature_tests.cxx.o
/usr/bin/g++     -std=c++14 -o CMakeFiles/cmTC_1cadc.dir/feature_tests.cxx.o -c /home/thfabian/Desktop/dawn/build/gcc/CMakeFiles/feature_tests.cxx
Linking CXX executable cmTC_1cadc
/usr/bin/cmake -E cmake_link_script CMakeFiles/cmTC_1cadc.dir/link.txt --verbose=1
/usr/bin/g++        CMakeFiles/cmTC_1cadc.dir/feature_tests.cxx.o  -o cmTC_1cadc -rdynamic 
make[1]: Leaving directory '/home/thfabian/Desktop/dawn/build/gcc/CMakeFiles/CMakeTmp'


    Feature record: CXX_FEATURE:1cxx_aggregate_default_initializers
    Feature record: CXX_FEATURE:1cxx_alias_templates
    Feature record: CXX_FEATURE:1cxx_alignas
    Feature record: CXX_FEATURE:1cxx_alignof
    Feature record: CXX_FEATURE:1cxx_attributes
    Feature record: CXX_FEATURE:1cxx_attribute_deprecated
    Feature record: CXX_FEATURE:1cxx_auto_type
    Feature record: CXX_FEATURE:1cxx_binary_literals
    Feature record: CXX_FEATURE:1cxx_constexpr
    Feature record: CXX_FEATURE:1cxx_contextual_conversions
    Feature record: CXX_FEATURE:1cxx_decltype
    Feature record: CXX_FEATURE:1cxx_decltype_auto
    Feature record: CXX_FEATURE:1cxx_decltype_incomplete_return_types
    Feature record: CXX_FEATURE:1cxx_default_function_template_args
    Feature record: CXX_FEATURE:1cxx_defaulted_functions
    Feature record: CXX_FEATURE:1cxx_defaulted_move_initializers
    Feature record: CXX_FEATURE:1cxx_delegating_constructors
    Feature record: CXX_FEATURE:1cxx_deleted_functions
    Feature record: CXX_FEATURE:1cxx_digit_separators
    Feature record: CXX_FEATURE:1cxx_enum_forward_declarations
    Feature record: CXX_FEATURE:1cxx_explicit_conversions
    Feature record: CXX_FEATURE:1cxx_extended_friend_declarations
    Feature record: CXX_FEATURE:1cxx_extern_templates
    Feature record: CXX_FEATURE:1cxx_final
    Feature record: CXX_FEATURE:1cxx_func_identifier
    Feature record: CXX_FEATURE:1cxx_generalized_initializers
    Feature record: CXX_FEATURE:1cxx_generic_lambdas
    Feature record: CXX_FEATURE:1cxx_inheriting_constructors
    Feature record: CXX_FEATURE:1cxx_inline_namespaces
    Feature record: CXX_FEATURE:1cxx_lambdas
    Feature record: CXX_FEATURE:1cxx_lambda_init_captures
    Feature record: CXX_FEATURE:1cxx_local_type_template_args
    Feature record: CXX_FEATURE:1cxx_long_long_type
    Feature record: CXX_FEATURE:1cxx_noexcept
    Feature record: CXX_FEATURE:1cxx_nonstatic_member_init
    Feature record: CXX_FEATURE:1cxx_nullptr
    Feature record: CXX_FEATURE:1cxx_override
    Feature record: CXX_FEATURE:1cxx_range_for
    Feature record: CXX_FEATURE:1cxx_raw_string_literals
    Feature record: CXX_FEATURE:1cxx_reference_qualified_functions
    Feature record: CXX_FEATURE:1cxx_relaxed_constexpr
    Feature record: CXX_FEATURE:1cxx_return_type_deduction
    Feature record: CXX_FEATURE:1cxx_right_angle_brackets
    Feature record: CXX_FEATURE:1cxx_rvalue_references
    Feature record: CXX_FEATURE:1cxx_sizeof_member
    Feature record: CXX_FEATURE:1cxx_static_assert
    Feature record: CXX_FEATURE:1cxx_strong_enums
    Feature record: CXX_FEATURE:1cxx_template_template_parameters
    Feature record: CXX_FEATURE:1cxx_thread_local
    Feature record: CXX_FEATURE:1cxx_trailing_return_types
    Feature record: CXX_FEATURE:1cxx_unicode_literals
    Feature record: CXX_FEATURE:1cxx_uniform_initialization
    Feature record: CXX_FEATURE:1cxx_unrestricted_unions
    Feature record: CXX_FEATURE:1cxx_user_literals
    Feature record: CXX_FEATURE:1cxx_variable_templates
    Feature record: CXX_FEATURE:1cxx_variadic_macros
    Feature record: CXX_FEATURE:1cxx_variadic_templates


Detecting CXX [-std=c++11] compiler features compiled with the following output:
Change Dir: /home/thfabian/Desktop/dawn/build/gcc/CMakeFiles/CMakeTmp

Run Build Command:"/usr/bin/make" "cmTC_5fc36/fast"
/usr/bin/make -f CMakeFiles/cmTC_5fc36.dir/build.make CMakeFiles/cmTC_5fc36.dir/build
make[1]: Entering directory '/home/thfabian/Desktop/dawn/build/gcc/CMakeFiles/CMakeTmp'
Building CXX object CMakeFiles/cmTC_5fc36.dir/feature_tests.cxx.o
/usr/bin/g++     -std=c++11 -o CMakeFiles/cmTC_5fc36.dir/feature_tests.cxx.o -c /home/thfabian/Desktop/dawn/build/gcc/CMakeFiles/feature_tests.cxx
Linking CXX executable cmTC_5fc36
/usr/bin/cmake -E cmake_link_script CMakeFiles/cmTC_5fc36.dir/link.txt --verbose=1
/usr/bin/g++        CMakeFiles/cmTC_5fc36.dir/feature_tests.cxx.o  -o cmTC_5fc36 -rdynamic 
make[1]: Leaving directory '/home/thfabian/Desktop/dawn/build/gcc/CMakeFiles/CMakeTmp'


    Feature record: CXX_FEATURE:0cxx_aggregate_default_initializers
    Feature record: CXX_FEATURE:1cxx_alias_templates
    Feature record: CXX_FEATURE:1cxx_alignas
    Feature record: CXX_FEATURE:1cxx_alignof
    Feature record: CXX_FEATURE:1cxx_attributes
    Feature record: CXX_FEATURE:0cxx_attribute_deprecated
    Feature record: CXX_FEATURE:1cxx_auto_type
    Feature record: CXX_FEATURE:0cxx_binary_literals
    Feature record: CXX_FEATURE:1cxx_constexpr
    Feature record: CXX_FEATURE:0cxx_contextual_conversions
    Feature record: CXX_FEATURE:1cxx_decltype
    Feature record: CXX_FEATURE:0cxx_decltype_auto
    Feature record: CXX_FEATURE:1cxx_decltype_incomplete_return_types
    Feature record: CXX_FEATURE:1cxx_default_function_template_args
    Feature record: CXX_FEATURE:1cxx_defaulted_functions
    Feature record: CXX_FEATURE:1cxx_defaulted_move_initializers
    Feature record: CXX_FEATURE:1cxx_delegating_constructors
    Feature record: CXX_FEATURE:1cxx_deleted_functions
    Feature record: CXX_FEATURE:0cxx_digit_separators
    Feature record: CXX_FEATURE:1cxx_enum_forward_declarations
    Feature record: CXX_FEATURE:1cxx_explicit_conversions
    Feature record: CXX_FEATURE:1cxx_extended_friend_declarations
    Feature record: CXX_FEATURE:1cxx_extern_templates
    Feature record: CXX_FEATURE:1cxx_final
    Feature record: CXX_FEATURE:1cxx_func_identifier
    Feature record: CXX_FEATURE:1cxx_generalized_initializers
    Feature record: CXX_FEATURE:0cxx_generic_lambdas
    Feature record: CXX_FEATURE:1cxx_inheriting_constructors
    Feature record: CXX_FEATURE:1cxx_inline_namespaces
    Feature record: CXX_FEATURE:1cxx_lambdas
    Feature record: CXX_FEATURE:0cxx_lambda_init_captures
    Feature record: CXX_FEATURE:1cxx_local_type_template_args
    Feature record: CXX_FEATURE:1cxx_long_long_type
    Feature record: CXX_FEATURE:1cxx_noexcept
    Feature record: CXX_FEATURE:1cxx_nonstatic_member_init
    Feature record: CXX_FEATURE:1cxx_nullptr
    Feature record: CXX_FEATURE:1cxx_override
    Feature record: CXX_FEATURE:1cxx_range_for
    Feature record: CXX_FEATURE:1cxx_raw_string_literals
    Feature record: CXX_FEATURE:1cxx_reference_qualified_functions
    Feature record: CXX_FEATURE:0cxx_relaxed_constexpr
    Feature record: CXX_FEATURE:0cxx_return_type_deduction
    Feature record: CXX_FEATURE:1cxx_right_angle_brackets
    Feature record: CXX_FEATURE:1cxx_rvalue_references
    Feature record: CXX_FEATURE:1cxx_sizeof_member
    Feature record: CXX_FEATURE:1cxx_static_assert
    Feature record: CXX_FEATURE:1cxx_strong_enums
    Feature record: CXX_FEATURE:1cxx_template_template_parameters
    Feature record: CXX_FEATURE:1cxx_thread_local
    Feature record: CXX_FEATURE:1cxx_trailing_return_types
    Feature record: CXX_FEATURE:1cxx_unicode_literals
    Feature record: CXX_FEATURE:1cxx_uniform_initialization
    Feature record: CXX_FEATURE:1cxx_unrestricted_unions
    Feature record: CXX_FEATURE:1cxx_user_literals
    Feature record: CXX_FEATURE:0cxx_variable_templates
    Feature record: CXX_FEATURE:1cxx_variadic_macros
    Feature record: CXX_FEATURE:1cxx_variadic_templates


Detecting CXX [-std=c++98] compiler features compiled with the following output:
Change Dir: /home/thfabian/Desktop/dawn/build/gcc/CMakeFiles/CMakeTmp

Run Build Command:"/usr/bin/make" "cmTC_01fb7/fast"
/usr/bin/make -f CMakeFiles/cmTC_01fb7.dir/build.make CMakeFiles/cmTC_01fb7.dir/build
make[1]: Entering directory '/home/thfabian/Desktop/dawn/build/gcc/CMakeFiles/CMakeTmp'
Building CXX object CMakeFiles/cmTC_01fb7.dir/feature_tests.cxx.o
/usr/bin/g++     -std=c++98 -o CMakeFiles/cmTC_01fb7.dir/feature_tests.cxx.o -c /home/thfabian/Desktop/dawn/build/gcc/CMakeFiles/feature_tests.cxx
Linking CXX executable cmTC_01fb7
/usr/bin/cmake -E cmake_link_script CMakeFiles/cmTC_01fb7.dir/link.txt --verbose=1
/usr/bin/g++        CMakeFiles/cmTC_01fb7.dir/feature_tests.cxx.o  -o cmTC_01fb7 -rdynamic 
make[1]: Leaving directory '/home/thfabian/Desktop/dawn/build/gcc/CMakeFiles/CMakeTmp'


    Feature record: CXX_FEATURE:0cxx_aggregate_default_initializers
    Feature record: CXX_FEATURE:0cxx_alias_templates
    Feature record: CXX_FEATURE:0cxx_alignas
    Feature record: CXX_FEATURE:0cxx_alignof
    Feature record: CXX_FEATURE:0cxx_attributes
    Feature record: CXX_FEATURE:0cxx_attribute_deprecated
    Feature record: CXX_FEATURE:0cxx_auto_type
    Feature record: CXX_FEATURE:0cxx_binary_literals
    Feature record: CXX_FEATURE:0cxx_constexpr
    Feature record: CXX_FEATURE:0cxx_contextual_conversions
    Feature record: CXX_FEATURE:0cxx_decltype
    Feature record: CXX_FEATURE:0cxx_decltype_auto
    Feature record: CXX_FEATURE:0cxx_decltype_incomplete_return_types
    Feature record: CXX_FEATURE:0cxx_default_function_template_args
    Feature record: CXX_FEATURE:0cxx_defaulted_functions
    Feature record: CXX_FEATURE:0cxx_defaulted_move_initializers
    Feature record: CXX_FEATURE:0cxx_delegating_constructors
    Feature record: CXX_FEATURE:0cxx_deleted_functions
    Feature record: CXX_FEATURE:0cxx_digit_separators
    Feature record: CXX_FEATURE:0cxx_enum_forward_declarations
    Feature record: CXX_FEATURE:0cxx_explicit_conversions
    Feature record: CXX_FEATURE:0cxx_extended_friend_declarations
    Feature record: CXX_FEATURE:0cxx_extern_templates
    Feature record: CXX_FEATURE:0cxx_final
    Feature record: CXX_FEATURE:0cxx_func_identifier
    Feature record: CXX_FEATURE:0cxx_generalized_initializers
    Feature record: CXX_FEATURE:0cxx_generic_lambdas
    Feature record: CXX_FEATURE:0cxx_inheriting_constructors
    Feature record: CXX_FEATURE:0cxx_inline_namespaces
    Feature record: CXX_FEATURE:0cxx_lambdas
    Feature record: CXX_FEATURE:0cxx_lambda_init_captures
    Feature record: CXX_FEATURE:0cxx_local_type_template_args
    Feature record: CXX_FEATURE:0cxx_long_long_type
    Feature record: CXX_FEATURE:0cxx_noexcept
    Feature record: CXX_FEATURE:0cxx_nonstatic_member_init
    Feature record: CXX_FEATURE:0cxx_nullptr
    Feature record: CXX_FEATURE:0cxx_override
    Feature record: CXX_FEATURE:0cxx_range_for
    Feature record: CXX_FEATURE:0cxx_raw_string_literals
    Feature record: CXX_FEATURE:0cxx_reference_qualified_functions
    Feature record: CXX_FEATURE:0cxx_relaxed_constexpr
    Feature record: CXX_FEATURE:0cxx_return_type_deduction
    Feature record: CXX_FEATURE:0cxx_right_angle_brackets
    Feature record: CXX_FEATURE:0cxx_rvalue_references
    Feature record: CXX_FEATURE:0cxx_sizeof_member
    Feature record: CXX_FEATURE:0cxx_static_assert
    Feature record: CXX_FEATURE:0cxx_strong_enums
    Feature record: CXX_FEATURE:1cxx_template_template_parameters
    Feature record: CXX_FEATURE:0cxx_thread_local
    Feature record: CXX_FEATURE:0cxx_trailing_return_types
    Feature record: CXX_FEATURE:0cxx_unicode_literals
    Feature record: CXX_FEATURE:0cxx_uniform_initialization
    Feature record: CXX_FEATURE:0cxx_unrestricted_unions
    Feature record: CXX_FEATURE:0cxx_user_literals
    Feature record: CXX_FEATURE:0cxx_variable_templates
    Feature record: CXX_FEATURE:0cxx_variadic_macros
    Feature record: CXX_FEATURE:0cxx_variadic_templates
Performing C++ SOURCE FILE Test HAVE_CXX11_STANDARD_SUPPORT succeeded with the following output:
Change Dir: /home/thfabian/Desktop/dawn/build/gcc/CMakeFiles/CMakeTmp

Run Build Command:"/usr/bin/make" "cmTC_69b99/fast"
/usr/bin/make -f CMakeFiles/cmTC_69b99.dir/build.make CMakeFiles/cmTC_69b99.dir/build
make[1]: Entering directory '/home/thfabian/Desktop/dawn/build/gcc/CMakeFiles/CMakeTmp'
Building CXX object CMakeFiles/cmTC_69b99.dir/src.cxx.o
/usr/bin/g++     -DHAVE_CXX11_STANDARD_SUPPORT   -std=c++11 -o CMakeFiles/cmTC_69b99.dir/src.cxx.o -c /home/thfabian/Desktop/dawn/build/gcc/CMakeFiles/CMakeTmp/src.cxx
Linking CXX executable cmTC_69b99
/usr/bin/cmake -E cmake_link_script CMakeFiles/cmTC_69b99.dir/link.txt --verbose=1
/usr/bin/g++    -DHAVE_CXX11_STANDARD_SUPPORT    CMakeFiles/cmTC_69b99.dir/src.cxx.o  -o cmTC_69b99 -rdynamic 
make[1]: Leaving directory '/home/thfabian/Desktop/dawn/build/gcc/CMakeFiles/CMakeTmp'

Source file was:
int main() { return 0; }
Performing C++ SOURCE FILE Test HAVE_GCC_MARCH_NATIVE succeeded with the following output:
Change Dir: /home/thfabian/Desktop/dawn/build/gcc/CMakeFiles/CMakeTmp

Run Build Command:"/usr/bin/make" "cmTC_1acbf/fast"
/usr/bin/make -f CMakeFiles/cmTC_1acbf.dir/build.make CMakeFiles/cmTC_1acbf.dir/build
make[1]: Entering directory '/home/thfabian/Desktop/dawn/build/gcc/CMakeFiles/CMakeTmp'
Building CXX object CMakeFiles/cmTC_1acbf.dir/src.cxx.o
/usr/bin/g++     -std=c++11 -DHAVE_GCC_MARCH_NATIVE   -march=native -o CMakeFiles/cmTC_1acbf.dir/src.cxx.o -c /home/thfabian/Desktop/dawn/build/gcc/CMakeFiles/CMakeTmp/src.cxx
Linking CXX executable cmTC_1acbf
/usr/bin/cmake -E cmake_link_script CMakeFiles/cmTC_1acbf.dir/link.txt --verbose=1
/usr/bin/g++    -std=c++11 -DHAVE_GCC_MARCH_NATIVE    CMakeFiles/cmTC_1acbf.dir/src.cxx.o  -o cmTC_1acbf -rdynamic 
make[1]: Leaving directory '/home/thfabian/Desktop/dawn/build/gcc/CMakeFiles/CMakeTmp'

Source file was:
int main() { return 0; }
Performing C++ SOURCE FILE Test HAVE_GCC_PTHREAD succeeded with the following output:
Change Dir: /home/thfabian/Desktop/dawn/build/gcc/CMakeFiles/CMakeTmp

Run Build Command:"/usr/bin/make" "cmTC_bf015/fast"
/usr/bin/make -f CMakeFiles/cmTC_bf015.dir/build.make CMakeFiles/cmTC_bf015.dir/build
make[1]: Entering directory '/home/thfabian/Desktop/dawn/build/gcc/CMakeFiles/CMakeTmp'
Building CXX object CMakeFiles/cmTC_bf015.dir/src.cxx.o
/usr/bin/g++     -std=c++11 -march=native -DHAVE_GCC_PTHREAD   -pthread -o CMakeFiles/cmTC_bf015.dir/src.cxx.o -c /home/thfabian/Desktop/dawn/build/gcc/CMakeFiles/CMakeTmp/src.cxx
Linking CXX executable cmTC_bf015
/usr/bin/cmake -E cmake_link_script CMakeFiles/cmTC_bf015.dir/link.txt --verbose=1
/usr/bin/g++    -std=c++11 -march=native -DHAVE_GCC_PTHREAD    CMakeFiles/cmTC_bf015.dir/src.cxx.o  -o cmTC_bf015 -rdynamic 
make[1]: Leaving directory '/home/thfabian/Desktop/dawn/build/gcc/CMakeFiles/CMakeTmp'

Source file was:
int main() { return 0; }
Performing C++ SOURCE FILE Test HAVE_GCC_WALL succeeded with the following output:
Change Dir: /home/thfabian/Desktop/dawn/build/gcc/CMakeFiles/CMakeTmp

Run Build Command:"/usr/bin/make" "cmTC_5dd7f/fast"
/usr/bin/make -f CMakeFiles/cmTC_5dd7f.dir/build.make CMakeFiles/cmTC_5dd7f.dir/build
make[1]: Entering directory '/home/thfabian/Desktop/dawn/build/gcc/CMakeFiles/CMakeTmp'
Building CXX object CMakeFiles/cmTC_5dd7f.dir/src.cxx.o
/usr/bin/g++     -std=c++11 -march=native -pthread -DHAVE_GCC_WALL   -Wall -o CMakeFiles/cmTC_5dd7f.dir/src.cxx.o -c /home/thfabian/Desktop/dawn/build/gcc/CMakeFiles/CMakeTmp/src.cxx
Linking CXX executable cmTC_5dd7f
/usr/bin/cmake -E cmake_link_script CMakeFiles/cmTC_5dd7f.dir/link.txt --verbose=1
/usr/bin/g++    -std=c++11 -march=native -pthread -DHAVE_GCC_WALL    CMakeFiles/cmTC_5dd7f.dir/src.cxx.o  -o cmTC_5dd7f -rdynamic 
make[1]: Leaving directory '/home/thfabian/Desktop/dawn/build/gcc/CMakeFiles/CMakeTmp'

Source file was:
int main() { return 0; }
Performing C++ SOURCE FILE Test HAVE_GCC_W succeeded with the following output:
Change Dir: /home/thfabian/Desktop/dawn/build/gcc/CMakeFiles/CMakeTmp

Run Build Command:"/usr/bin/make" "cmTC_7b0ed/fast"
/usr/bin/make -f CMakeFiles/cmTC_7b0ed.dir/build.make CMakeFiles/cmTC_7b0ed.dir/build
make[1]: Entering directory '/home/thfabian/Desktop/dawn/build/gcc/CMakeFiles/CMakeTmp'
Building CXX object CMakeFiles/cmTC_7b0ed.dir/src.cxx.o
/usr/bin/g++     -std=c++11 -march=native -pthread -Wall -DHAVE_GCC_W   -W -o CMakeFiles/cmTC_7b0ed.dir/src.cxx.o -c /home/thfabian/Desktop/dawn/build/gcc/CMakeFiles/CMakeTmp/src.cxx
Linking CXX executable cmTC_7b0ed
/usr/bin/cmake -E cmake_link_script CMakeFiles/cmTC_7b0ed.dir/link.txt --verbose=1
/usr/bin/g++    -std=c++11 -march=native -pthread -Wall -DHAVE_GCC_W    CMakeFiles/cmTC_7b0ed.dir/src.cxx.o  -o cmTC_7b0ed -rdynamic 
make[1]: Leaving directory '/home/thfabian/Desktop/dawn/build/gcc/CMakeFiles/CMakeTmp'

Source file was:
int main() { return 0; }
Performing C++ SOURCE FILE Test HAVE_GCC_WFORMAT succeeded with the following output:
Change Dir: /home/thfabian/Desktop/dawn/build/gcc/CMakeFiles/CMakeTmp

Run Build Command:"/usr/bin/make" "cmTC_4d28b/fast"
/usr/bin/make -f CMakeFiles/cmTC_4d28b.dir/build.make CMakeFiles/cmTC_4d28b.dir/build
make[1]: Entering directory '/home/thfabian/Desktop/dawn/build/gcc/CMakeFiles/CMakeTmp'
Building CXX object CMakeFiles/cmTC_4d28b.dir/src.cxx.o
/usr/bin/g++     -std=c++11 -march=native -pthread -Wall -W -DHAVE_GCC_WFORMAT   -Wformat -o CMakeFiles/cmTC_4d28b.dir/src.cxx.o -c /home/thfabian/Desktop/dawn/build/gcc/CMakeFiles/CMakeTmp/src.cxx
Linking CXX executable cmTC_4d28b
/usr/bin/cmake -E cmake_link_script CMakeFiles/cmTC_4d28b.dir/link.txt --verbose=1
/usr/bin/g++    -std=c++11 -march=native -pthread -Wall -W -DHAVE_GCC_WFORMAT    CMakeFiles/cmTC_4d28b.dir/src.cxx.o  -o cmTC_4d28b -rdynamic 
make[1]: Leaving directory '/home/thfabian/Desktop/dawn/build/gcc/CMakeFiles/CMakeTmp'

Source file was:
int main() { return 0; }
Performing C++ SOURCE FILE Test HAVE_GCC_WMISSING_DECLARATIONS succeeded with the following output:
Change Dir: /home/thfabian/Desktop/dawn/build/gcc/CMakeFiles/CMakeTmp

Run Build Command:"/usr/bin/make" "cmTC_5f0a4/fast"
/usr/bin/make -f CMakeFiles/cmTC_5f0a4.dir/build.make CMakeFiles/cmTC_5f0a4.dir/build
make[1]: Entering directory '/home/thfabian/Desktop/dawn/build/gcc/CMakeFiles/CMakeTmp'
Building CXX object CMakeFiles/cmTC_5f0a4.dir/src.cxx.o
/usr/bin/g++     -std=c++11 -march=native -pthread -Wall -W -Wformat -DHAVE_GCC_WMISSING_DECLARATIONS   -Wmissing-declarations -o CMakeFiles/cmTC_5f0a4.dir/src.cxx.o -c /home/thfabian/Desktop/dawn/build/gcc/CMakeFiles/CMakeTmp/src.cxx
Linking CXX executable cmTC_5f0a4
/usr/bin/cmake -E cmake_link_script CMakeFiles/cmTC_5f0a4.dir/link.txt --verbose=1
/usr/bin/g++    -std=c++11 -march=native -pthread -Wall -W -Wformat -DHAVE_GCC_WMISSING_DECLARATIONS    CMakeFiles/cmTC_5f0a4.dir/src.cxx.o  -o cmTC_5f0a4 -rdynamic 
make[1]: Leaving directory '/home/thfabian/Desktop/dawn/build/gcc/CMakeFiles/CMakeTmp'

Source file was:
int main() { return 0; }
Performing C++ SOURCE FILE Test HAVE_GCC_WUNDEF succeeded with the following output:
Change Dir: /home/thfabian/Desktop/dawn/build/gcc/CMakeFiles/CMakeTmp

Run Build Command:"/usr/bin/make" "cmTC_2895e/fast"
/usr/bin/make -f CMakeFiles/cmTC_2895e.dir/build.make CMakeFiles/cmTC_2895e.dir/build
make[1]: Entering directory '/home/thfabian/Desktop/dawn/build/gcc/CMakeFiles/CMakeTmp'
Building CXX object CMakeFiles/cmTC_2895e.dir/src.cxx.o
/usr/bin/g++     -std=c++11 -march=native -pthread -Wall -W -Wformat -Wmissing-declarations -DHAVE_GCC_WUNDEF   -Wundef -o CMakeFiles/cmTC_2895e.dir/src.cxx.o -c /home/thfabian/Desktop/dawn/build/gcc/CMakeFiles/CMakeTmp/src.cxx
Linking CXX executable cmTC_2895e
/usr/bin/cmake -E cmake_link_script CMakeFiles/cmTC_2895e.dir/link.txt --verbose=1
/usr/bin/g++    -std=c++11 -march=native -pthread -Wall -W -Wformat -Wmissing-declarations -DHAVE_GCC_WUNDEF    CMakeFiles/cmTC_2895e.dir/src.cxx.o  -o cmTC_2895e -rdynamic 
make[1]: Leaving directory '/home/thfabian/Desktop/dawn/build/gcc/CMakeFiles/CMakeTmp'

Source file was:
int main() { return 0; }
Performing C++ SOURCE FILE Test HAVE_GCC_WINI_SELF succeeded with the following output:
Change Dir: /home/thfabian/Desktop/dawn/build/gcc/CMakeFiles/CMakeTmp

Run Build Command:"/usr/bin/make" "cmTC_d97c5/fast"
/usr/bin/make -f CMakeFiles/cmTC_d97c5.dir/build.make CMakeFiles/cmTC_d97c5.dir/build
make[1]: Entering directory '/home/thfabian/Desktop/dawn/build/gcc/CMakeFiles/CMakeTmp'
Building CXX object CMakeFiles/cmTC_d97c5.dir/src.cxx.o
/usr/bin/g++     -std=c++11 -march=native -pthread -Wall -W -Wformat -Wmissing-declarations -Wundef -DHAVE_GCC_WINI_SELF   -Winit-self -o CMakeFiles/cmTC_d97c5.dir/src.cxx.o -c /home/thfabian/Desktop/dawn/build/gcc/CMakeFiles/CMakeTmp/src.cxx
Linking CXX executable cmTC_d97c5
/usr/bin/cmake -E cmake_link_script CMakeFiles/cmTC_d97c5.dir/link.txt --verbose=1
/usr/bin/g++    -std=c++11 -march=native -pthread -Wall -W -Wformat -Wmissing-declarations -Wundef -DHAVE_GCC_WINI_SELF    CMakeFiles/cmTC_d97c5.dir/src.cxx.o  -o cmTC_d97c5 -rdynamic 
make[1]: Leaving directory '/home/thfabian/Desktop/dawn/build/gcc/CMakeFiles/CMakeTmp'

Source file was:
int main() { return 0; }
Performing C++ SOURCE FILE Test HAVE_GCC_WPOINTER_ARITH succeeded with the following output:
Change Dir: /home/thfabian/Desktop/dawn/build/gcc/CMakeFiles/CMakeTmp

Run Build Command:"/usr/bin/make" "cmTC_eb60e/fast"
/usr/bin/make -f CMakeFiles/cmTC_eb60e.dir/build.make CMakeFiles/cmTC_eb60e.dir/build
make[1]: Entering directory '/home/thfabian/Desktop/dawn/build/gcc/CMakeFiles/CMakeTmp'
Building CXX object CMakeFiles/cmTC_eb60e.dir/src.cxx.o
/usr/bin/g++     -std=c++11 -march=native -pthread -Wall -W -Wformat -Wmissing-declarations -Wundef -Winit-self -DHAVE_GCC_WPOINTER_ARITH   -Wpointer-arith -o CMakeFiles/cmTC_eb60e.dir/src.cxx.o -c /home/thfabian/Desktop/dawn/build/gcc/CMakeFiles/CMakeTmp/src.cxx
Linking CXX executable cmTC_eb60e
/usr/bin/cmake -E cmake_link_script CMakeFiles/cmTC_eb60e.dir/link.txt --verbose=1
/usr/bin/g++    -std=c++11 -march=native -pthread -Wall -W -Wformat -Wmissing-declarations -Wundef -Winit-self -DHAVE_GCC_WPOINTER_ARITH    CMakeFiles/cmTC_eb60e.dir/src.cxx.o  -o cmTC_eb60e -rdynamic 
make[1]: Leaving directory '/home/thfabian/Desktop/dawn/build/gcc/CMakeFiles/CMakeTmp'

Source file was:
int main() { return 0; }
Performing C++ SOURCE FILE Test HAVE_GCC_WSHADOW succeeded with the following output:
Change Dir: /home/thfabian/Desktop/dawn/build/gcc/CMakeFiles/CMakeTmp

Run Build Command:"/usr/bin/make" "cmTC_cadc2/fast"
/usr/bin/make -f CMakeFiles/cmTC_cadc2.dir/build.make CMakeFiles/cmTC_cadc2.dir/build
make[1]: Entering directory '/home/thfabian/Desktop/dawn/build/gcc/CMakeFiles/CMakeTmp'
Building CXX object CMakeFiles/cmTC_cadc2.dir/src.cxx.o
/usr/bin/g++     -std=c++11 -march=native -pthread -Wall -W -Wformat -Wmissing-declarations -Wundef -Winit-self -Wpointer-arith -DHAVE_GCC_WSHADOW   -Wshadow -o CMakeFiles/cmTC_cadc2.dir/src.cxx.o -c /home/thfabian/Desktop/dawn/build/gcc/CMakeFiles/CMakeTmp/src.cxx
Linking CXX executable cmTC_cadc2
/usr/bin/cmake -E cmake_link_script CMakeFiles/cmTC_cadc2.dir/link.txt --verbose=1
/usr/bin/g++    -std=c++11 -march=native -pthread -Wall -W -Wformat -Wmissing-declarations -Wundef -Winit-self -Wpointer-arith -DHAVE_GCC_WSHADOW    CMakeFiles/cmTC_cadc2.dir/src.cxx.o  -o cmTC_cadc2 -rdynamic 
make[1]: Leaving directory '/home/thfabian/Desktop/dawn/build/gcc/CMakeFiles/CMakeTmp'

Source file was:
int main() { return 0; }
Performing C++ SOURCE FILE Test HAVE_GCC_WSIGN_PROMO succeeded with the following output:
Change Dir: /home/thfabian/Desktop/dawn/build/gcc/CMakeFiles/CMakeTmp

Run Build Command:"/usr/bin/make" "cmTC_089ed/fast"
/usr/bin/make -f CMakeFiles/cmTC_089ed.dir/build.make CMakeFiles/cmTC_089ed.dir/build
make[1]: Entering directory '/home/thfabian/Desktop/dawn/build/gcc/CMakeFiles/CMakeTmp'
Building CXX object CMakeFiles/cmTC_089ed.dir/src.cxx.o
/usr/bin/g++     -std=c++11 -march=native -pthread -Wall -W -Wformat -Wmissing-declarations -Wundef -Winit-self -Wpointer-arith -Wshadow -DHAVE_GCC_WSIGN_PROMO   -Wsign-promo -o CMakeFiles/cmTC_089ed.dir/src.cxx.o -c /home/thfabian/Desktop/dawn/build/gcc/CMakeFiles/CMakeTmp/src.cxx
Linking CXX executable cmTC_089ed
/usr/bin/cmake -E cmake_link_script CMakeFiles/cmTC_089ed.dir/link.txt --verbose=1
/usr/bin/g++    -std=c++11 -march=native -pthread -Wall -W -Wformat -Wmissing-declarations -Wundef -Winit-self -Wpointer-arith -Wshadow -DHAVE_GCC_WSIGN_PROMO    CMakeFiles/cmTC_089ed.dir/src.cxx.o  -o cmTC_089ed -rdynamic 
make[1]: Leaving directory '/home/thfabian/Desktop/dawn/build/gcc/CMakeFiles/CMakeTmp'

Source file was:
int main() { return 0; }
Performing C++ SOURCE FILE Test HAVE_GCC_WERROR_RETURN_TYPE succeeded with the following output:
Change Dir: /home/thfabian/Desktop/dawn/build/gcc/CMakeFiles/CMakeTmp

Run Build Command:"/usr/bin/make" "cmTC_e02a0/fast"
/usr/bin/make -f CMakeFiles/cmTC_e02a0.dir/build.make CMakeFiles/cmTC_e02a0.dir/build
make[1]: Entering directory '/home/thfabian/Desktop/dawn/build/gcc/CMakeFiles/CMakeTmp'
Building CXX object CMakeFiles/cmTC_e02a0.dir/src.cxx.o
/usr/bin/g++     -std=c++11 -march=native -pthread -Wall -W -Wformat -Wmissing-declarations -Wundef -Winit-self -Wpointer-arith -Wshadow -Wsign-promo -DHAVE_GCC_WERROR_RETURN_TYPE   -Werror=return-type -o CMakeFiles/cmTC_e02a0.dir/src.cxx.o -c /home/thfabian/Desktop/dawn/build/gcc/CMakeFiles/CMakeTmp/src.cxx
Linking CXX executable cmTC_e02a0
/usr/bin/cmake -E cmake_link_script CMakeFiles/cmTC_e02a0.dir/link.txt --verbose=1
/usr/bin/g++    -std=c++11 -march=native -pthread -Wall -W -Wformat -Wmissing-declarations -Wundef -Winit-self -Wpointer-arith -Wshadow -Wsign-promo -DHAVE_GCC_WERROR_RETURN_TYPE    CMakeFiles/cmTC_e02a0.dir/src.cxx.o  -o cmTC_e02a0 -rdynamic 
make[1]: Leaving directory '/home/thfabian/Desktop/dawn/build/gcc/CMakeFiles/CMakeTmp'

Source file was:
int main() { return 0; }
Performing C++ SOURCE FILE Test HAVE_GCC_WERROR_NON_VIRTUAL_DTOR succeeded with the following output:
Change Dir: /home/thfabian/Desktop/dawn/build/gcc/CMakeFiles/CMakeTmp

Run Build Command:"/usr/bin/make" "cmTC_ceb8f/fast"
/usr/bin/make -f CMakeFiles/cmTC_ceb8f.dir/build.make CMakeFiles/cmTC_ceb8f.dir/build
make[1]: Entering directory '/home/thfabian/Desktop/dawn/build/gcc/CMakeFiles/CMakeTmp'
Building CXX object CMakeFiles/cmTC_ceb8f.dir/src.cxx.o
/usr/bin/g++     -std=c++11 -march=native -pthread -Wall -W -Wformat -Wmissing-declarations -Wundef -Winit-self -Wpointer-arith -Wshadow -Wsign-promo -Werror=return-type -DHAVE_GCC_WERROR_NON_VIRTUAL_DTOR   -Werror=non-virtual-dtor -o CMakeFiles/cmTC_ceb8f.dir/src.cxx.o -c /home/thfabian/Desktop/dawn/build/gcc/CMakeFiles/CMakeTmp/src.cxx
Linking CXX executable cmTC_ceb8f
/usr/bin/cmake -E cmake_link_script CMakeFiles/cmTC_ceb8f.dir/link.txt --verbose=1
/usr/bin/g++    -std=c++11 -march=native -pthread -Wall -W -Wformat -Wmissing-declarations -Wundef -Winit-self -Wpointer-arith -Wshadow -Wsign-promo -Werror=return-type -DHAVE_GCC_WERROR_NON_VIRTUAL_DTOR    CMakeFiles/cmTC_ceb8f.dir/src.cxx.o  -o cmTC_ceb8f -rdynamic 
make[1]: Leaving directory '/home/thfabian/Desktop/dawn/build/gcc/CMakeFiles/CMakeTmp'

Source file was:
int main() { return 0; }
Performing C++ SOURCE FILE Test HAVE_GCC_WERROR_ADDRESS succeeded with the following output:
Change Dir: /home/thfabian/Desktop/dawn/build/gcc/CMakeFiles/CMakeTmp

Run Build Command:"/usr/bin/make" "cmTC_f43d8/fast"
/usr/bin/make -f CMakeFiles/cmTC_f43d8.dir/build.make CMakeFiles/cmTC_f43d8.dir/build
make[1]: Entering directory '/home/thfabian/Desktop/dawn/build/gcc/CMakeFiles/CMakeTmp'
Building CXX object CMakeFiles/cmTC_f43d8.dir/src.cxx.o
/usr/bin/g++     -std=c++11 -march=native -pthread -Wall -W -Wformat -Wmissing-declarations -Wundef -Winit-self -Wpointer-arith -Wshadow -Wsign-promo -Werror=return-type -Werror=non-virtual-dtor -DHAVE_GCC_WERROR_ADDRESS   -Werror=address -o CMakeFiles/cmTC_f43d8.dir/src.cxx.o -c /home/thfabian/Desktop/dawn/build/gcc/CMakeFiles/CMakeTmp/src.cxx
Linking CXX executable cmTC_f43d8
/usr/bin/cmake -E cmake_link_script CMakeFiles/cmTC_f43d8.dir/link.txt --verbose=1
/usr/bin/g++    -std=c++11 -march=native -pthread -Wall -W -Wformat -Wmissing-declarations -Wundef -Winit-self -Wpointer-arith -Wshadow -Wsign-promo -Werror=return-type -Werror=non-virtual-dtor -DHAVE_GCC_WERROR_ADDRESS    CMakeFiles/cmTC_f43d8.dir/src.cxx.o  -o cmTC_f43d8 -rdynamic 
make[1]: Leaving directory '/home/thfabian/Desktop/dawn/build/gcc/CMakeFiles/CMakeTmp'

Source file was:
int main() { return 0; }
Performing C++ SOURCE FILE Test HAVE_GCC_WERROR_SEQUENCE_POINT succeeded with the following output:
Change Dir: /home/thfabian/Desktop/dawn/build/gcc/CMakeFiles/CMakeTmp

Run Build Command:"/usr/bin/make" "cmTC_563f5/fast"
/usr/bin/make -f CMakeFiles/cmTC_563f5.dir/build.make CMakeFiles/cmTC_563f5.dir/build
make[1]: Entering directory '/home/thfabian/Desktop/dawn/build/gcc/CMakeFiles/CMakeTmp'
Building CXX object CMakeFiles/cmTC_563f5.dir/src.cxx.o
/usr/bin/g++     -std=c++11 -march=native -pthread -Wall -W -Wformat -Wmissing-declarations -Wundef -Winit-self -Wpointer-arith -Wshadow -Wsign-promo -Werror=return-type -Werror=non-virtual-dtor -Werror=address -DHAVE_GCC_WERROR_SEQUENCE_POINT   -Werror=sequence-point -o CMakeFiles/cmTC_563f5.dir/src.cxx.o -c /home/thfabian/Desktop/dawn/build/gcc/CMakeFiles/CMakeTmp/src.cxx
Linking CXX executable cmTC_563f5
/usr/bin/cmake -E cmake_link_script CMakeFiles/cmTC_563f5.dir/link.txt --verbose=1
/usr/bin/g++    -std=c++11 -march=native -pthread -Wall -W -Wformat -Wmissing-declarations -Wundef -Winit-self -Wpointer-arith -Wshadow -Wsign-promo -Werror=return-type -Werror=non-virtual-dtor -Werror=address -DHAVE_GCC_WERROR_SEQUENCE_POINT    CMakeFiles/cmTC_563f5.dir/src.cxx.o  -o cmTC_563f5 -rdynamic 
make[1]: Leaving directory '/home/thfabian/Desktop/dawn/build/gcc/CMakeFiles/CMakeTmp'

Source file was:
int main() { return 0; }
Performing C++ SOURCE FILE Test HAVE_GCC_WNO_SIGN_PROMO succeeded with the following output:
Change Dir: /home/thfabian/Desktop/dawn/build/gcc/CMakeFiles/CMakeTmp

Run Build Command:"/usr/bin/make" "cmTC_15249/fast"
/usr/bin/make -f CMakeFiles/cmTC_15249.dir/build.make CMakeFiles/cmTC_15249.dir/build
make[1]: Entering directory '/home/thfabian/Desktop/dawn/build/gcc/CMakeFiles/CMakeTmp'
Building CXX object CMakeFiles/cmTC_15249.dir/src.cxx.o
/usr/bin/g++     -std=c++11 -march=native -pthread -Wall -W -Wformat -Wmissing-declarations -Wundef -Winit-self -Wpointer-arith -Wshadow -Wsign-promo -Werror=return-type -Werror=non-virtual-dtor -Werror=address -Werror=sequence-point -DHAVE_GCC_WNO_SIGN_PROMO   -Wno-sign-promo -o CMakeFiles/cmTC_15249.dir/src.cxx.o -c /home/thfabian/Desktop/dawn/build/gcc/CMakeFiles/CMakeTmp/src.cxx
Linking CXX executable cmTC_15249
/usr/bin/cmake -E cmake_link_script CMakeFiles/cmTC_15249.dir/link.txt --verbose=1
/usr/bin/g++    -std=c++11 -march=native -pthread -Wall -W -Wformat -Wmissing-declarations -Wundef -Winit-self -Wpointer-arith -Wshadow -Wsign-promo -Werror=return-type -Werror=non-virtual-dtor -Werror=address -Werror=sequence-point -DHAVE_GCC_WNO_SIGN_PROMO    CMakeFiles/cmTC_15249.dir/src.cxx.o  -o cmTC_15249 -rdynamic 
make[1]: Leaving directory '/home/thfabian/Desktop/dawn/build/gcc/CMakeFiles/CMakeTmp'

Source file was:
int main() { return 0; }
Performing C++ SOURCE FILE Test HAVE_GCC_WNO_SIGN_COMPARE succeeded with the following output:
Change Dir: /home/thfabian/Desktop/dawn/build/gcc/CMakeFiles/CMakeTmp

Run Build Command:"/usr/bin/make" "cmTC_fe26e/fast"
/usr/bin/make -f CMakeFiles/cmTC_fe26e.dir/build.make CMakeFiles/cmTC_fe26e.dir/build
make[1]: Entering directory '/home/thfabian/Desktop/dawn/build/gcc/CMakeFiles/CMakeTmp'
Building CXX object CMakeFiles/cmTC_fe26e.dir/src.cxx.o
/usr/bin/g++     -std=c++11 -march=native -pthread -Wall -W -Wformat -Wmissing-declarations -Wundef -Winit-self -Wpointer-arith -Wshadow -Wsign-promo -Werror=return-type -Werror=non-virtual-dtor -Werror=address -Werror=sequence-point -Wno-sign-promo -DHAVE_GCC_WNO_SIGN_COMPARE   -Wno-sign-compare -o CMakeFiles/cmTC_fe26e.dir/src.cxx.o -c /home/thfabian/Desktop/dawn/build/gcc/CMakeFiles/CMakeTmp/src.cxx
Linking CXX executable cmTC_fe26e
/usr/bin/cmake -E cmake_link_script CMakeFiles/cmTC_fe26e.dir/link.txt --verbose=1
/usr/bin/g++    -std=c++11 -march=native -pthread -Wall -W -Wformat -Wmissing-declarations -Wundef -Winit-self -Wpointer-arith -Wshadow -Wsign-promo -Werror=return-type -Werror=non-virtual-dtor -Werror=address -Werror=sequence-point -Wno-sign-promo -DHAVE_GCC_WNO_SIGN_COMPARE    CMakeFiles/cmTC_fe26e.dir/src.cxx.o  -o cmTC_fe26e -rdynamic 
make[1]: Leaving directory '/home/thfabian/Desktop/dawn/build/gcc/CMakeFiles/CMakeTmp'

Source file was:
int main() { return 0; }
Performing C++ SOURCE FILE Test HAVE_GCC_WNO_UNUSDED_PARAMETER succeeded with the following output:
Change Dir: /home/thfabian/Desktop/dawn/build/gcc/CMakeFiles/CMakeTmp

Run Build Command:"/usr/bin/make" "cmTC_57272/fast"
/usr/bin/make -f CMakeFiles/cmTC_57272.dir/build.make CMakeFiles/cmTC_57272.dir/build
make[1]: Entering directory '/home/thfabian/Desktop/dawn/build/gcc/CMakeFiles/CMakeTmp'
Building CXX object CMakeFiles/cmTC_57272.dir/src.cxx.o
/usr/bin/g++     -std=c++11 -march=native -pthread -Wall -W -Wformat -Wmissing-declarations -Wundef -Winit-self -Wpointer-arith -Wshadow -Wsign-promo -Werror=return-type -Werror=non-virtual-dtor -Werror=address -Werror=sequence-point -Wno-sign-promo -Wno-sign-compare -DHAVE_GCC_WNO_UNUSDED_PARAMETER   -Wno-unused-parameter -o CMakeFiles/cmTC_57272.dir/src.cxx.o -c /home/thfabian/Desktop/dawn/build/gcc/CMakeFiles/CMakeTmp/src.cxx
Linking CXX executable cmTC_57272
/usr/bin/cmake -E cmake_link_script CMakeFiles/cmTC_57272.dir/link.txt --verbose=1
/usr/bin/g++    -std=c++11 -march=native -pthread -Wall -W -Wformat -Wmissing-declarations -Wundef -Winit-self -Wpointer-arith -Wshadow -Wsign-promo -Werror=return-type -Werror=non-virtual-dtor -Werror=address -Werror=sequence-point -Wno-sign-promo -Wno-sign-compare -DHAVE_GCC_WNO_UNUSDED_PARAMETER    CMakeFiles/cmTC_57272.dir/src.cxx.o  -o cmTC_57272 -rdynamic 
make[1]: Leaving directory '/home/thfabian/Desktop/dawn/build/gcc/CMakeFiles/CMakeTmp'

Source file was:
int main() { return 0; }
Performing C++ SOURCE FILE Test HAVE_GCC_COLOR_DIAGNOSTICS succeeded with the following output:
Change Dir: /home/thfabian/Desktop/dawn/build/gcc/CMakeFiles/CMakeTmp

Run Build Command:"/usr/bin/make" "cmTC_6f8da/fast"
/usr/bin/make -f CMakeFiles/cmTC_6f8da.dir/build.make CMakeFiles/cmTC_6f8da.dir/build
make[1]: Entering directory '/home/thfabian/Desktop/dawn/build/gcc/CMakeFiles/CMakeTmp'
Building CXX object CMakeFiles/cmTC_6f8da.dir/src.cxx.o
/usr/bin/g++     -std=c++11 -march=native -pthread -Wall -W -Wformat -Wmissing-declarations -Wundef -Winit-self -Wpointer-arith -Wshadow -Wsign-promo -Werror=return-type -Werror=non-virtual-dtor -Werror=address -Werror=sequence-point -Wno-sign-promo -Wno-sign-compare -Wno-unused-parameter -DHAVE_GCC_COLOR_DIAGNOSTICS   -fdiagnostics-color=always -o CMakeFiles/cmTC_6f8da.dir/src.cxx.o -c /home/thfabian/Desktop/dawn/build/gcc/CMakeFiles/CMakeTmp/src.cxx
Linking CXX executable cmTC_6f8da
/usr/bin/cmake -E cmake_link_script CMakeFiles/cmTC_6f8da.dir/link.txt --verbose=1
/usr/bin/g++    -std=c++11 -march=native -pthread -Wall -W -Wformat -Wmissing-declarations -Wundef -Winit-self -Wpointer-arith -Wshadow -Wsign-promo -Werror=return-type -Werror=non-virtual-dtor -Werror=address -Werror=sequence-point -Wno-sign-promo -Wno-sign-compare -Wno-unused-parameter -DHAVE_GCC_COLOR_DIAGNOSTICS    CMakeFiles/cmTC_6f8da.dir/src.cxx.o  -o cmTC_6f8da -rdynamic 
make[1]: Leaving directory '/home/thfabian/Desktop/dawn/build/gcc/CMakeFiles/CMakeTmp'

Source file was:
int main() { return 0; }
Determining if the include file pthread.h exists passed with the following output:
Change Dir: /home/thfabian/Desktop/dawn/build/gcc/CMakeFiles/CMakeTmp

Run Build Command:"/usr/bin/make" "cmTC_802aa/fast"
/usr/bin/make -f CMakeFiles/cmTC_802aa.dir/build.make CMakeFiles/cmTC_802aa.dir/build
make[1]: Entering directory '/home/thfabian/Desktop/dawn/build/gcc/CMakeFiles/CMakeTmp'
Building C object CMakeFiles/cmTC_802aa.dir/CheckIncludeFile.c.o
/usr/bin/cc     -o CMakeFiles/cmTC_802aa.dir/CheckIncludeFile.c.o   -c /home/thfabian/Desktop/dawn/build/gcc/CMakeFiles/CMakeTmp/CheckIncludeFile.c
Linking C executable cmTC_802aa
/usr/bin/cmake -E cmake_link_script CMakeFiles/cmTC_802aa.dir/link.txt --verbose=1
/usr/bin/cc       CMakeFiles/cmTC_802aa.dir/CheckIncludeFile.c.o  -o cmTC_802aa -rdynamic 
make[1]: Leaving directory '/home/thfabian/Desktop/dawn/build/gcc/CMakeFiles/CMakeTmp'


Determining if the function pthread_create exists in the pthread passed with the following output:
Change Dir: /home/thfabian/Desktop/dawn/build/gcc/CMakeFiles/CMakeTmp

Run Build Command:"/usr/bin/make" "cmTC_809be/fast"
/usr/bin/make -f CMakeFiles/cmTC_809be.dir/build.make CMakeFiles/cmTC_809be.dir/build
make[1]: Entering directory '/home/thfabian/Desktop/dawn/build/gcc/CMakeFiles/CMakeTmp'
Building C object CMakeFiles/cmTC_809be.dir/CheckFunctionExists.c.o
/usr/bin/cc    -DCHECK_FUNCTION_EXISTS=pthread_create   -o CMakeFiles/cmTC_809be.dir/CheckFunctionExists.c.o   -c /usr/share/cmake-3.5/Modules/CheckFunctionExists.c
Linking C executable cmTC_809be
/usr/bin/cmake -E cmake_link_script CMakeFiles/cmTC_809be.dir/link.txt --verbose=1
/usr/bin/cc   -DCHECK_FUNCTION_EXISTS=pthread_create    CMakeFiles/cmTC_809be.dir/CheckFunctionExists.c.o  -o cmTC_809be -rdynamic -lpthread 
make[1]: Leaving directory '/home/thfabian/Desktop/dawn/build/gcc/CMakeFiles/CMakeTmp'


Performing C++ SOURCE FILE Test HAVE_GCC_NO_WARNING succeeded with the following output:
Change Dir: /home/thfabian/Desktop/dawn/build/gcc/CMakeFiles/CMakeTmp

Run Build Command:"/usr/bin/make" "cmTC_4c223/fast"
/usr/bin/make -f CMakeFiles/cmTC_4c223.dir/build.make CMakeFiles/cmTC_4c223.dir/build
make[1]: Entering directory '/home/thfabian/Desktop/dawn/build/gcc/CMakeFiles/CMakeTmp'
Building CXX object CMakeFiles/cmTC_4c223.dir/src.cxx.o
/usr/bin/g++     -std=c++11 -march=native -pthread -Wall -W -Wformat -Wmissing-declarations -Wundef -Winit-self -Wpointer-arith -Wshadow -Wsign-promo -Werror=return-type -Werror=non-virtual-dtor -Werror=address -Werror=sequence-point -Wno-sign-promo -Wno-sign-compare -Wno-unused-parameter -fdiagnostics-color=always -DHAVE_GCC_NO_WARNING   -w -o CMakeFiles/cmTC_4c223.dir/src.cxx.o -c /home/thfabian/Desktop/dawn/build/gcc/CMakeFiles/CMakeTmp/src.cxx
Linking CXX executable cmTC_4c223
/usr/bin/cmake -E cmake_link_script CMakeFiles/cmTC_4c223.dir/link.txt --verbose=1
/usr/bin/g++    -std=c++11 -march=native -pthread -Wall -W -Wformat -Wmissing-declarations -Wundef -Winit-self -Wpointer-arith -Wshadow -Wsign-promo -Werror=return-type -Werror=non-virtual-dtor -Werror=address -Werror=sequence-point -Wno-sign-promo -Wno-sign-compare -Wno-unused-parameter -fdiagnostics-color=always -DHAVE_GCC_NO_WARNING    CMakeFiles/cmTC_4c223.dir/src.cxx.o  -o cmTC_4c223 -rdynamic 
make[1]: Leaving directory '/home/thfabian/Desktop/dawn/build/gcc/CMakeFiles/CMakeTmp'

Source file was:
int main() { return 0; }
