Performing C++ SOURCE FILE Test HAVE_GCC_WMISSING_PROTOTYPES failed with the following output:
Change Dir: /home/thfabian/Desktop/dawn/build/gcc/CMakeFiles/CMakeTmp

Run Build Command:"/usr/bin/make" "cmTC_4b61b/fast"
/usr/bin/make -f CMakeFiles/cmTC_4b61b.dir/build.make CMakeFiles/cmTC_4b61b.dir/build
make[1]: Entering directory '/home/thfabian/Desktop/dawn/build/gcc/CMakeFiles/CMakeTmp'
Building CXX object CMakeFiles/cmTC_4b61b.dir/src.cxx.o
/usr/bin/g++     -std=c++11 -march=native -pthread -Wall -W -Wformat -Wmissing-declarations -DHAVE_GCC_WMISSING_PROTOTYPES   -Wmissing-prototypes -o CMakeFiles/cmTC_4b61b.dir/src.cxx.o -c /home/thfabian/Desktop/dawn/build/gcc/CMakeFiles/CMakeTmp/src.cxx
cc1plus: warning: command line option '-Wmissing-prototypes' is valid for C/ObjC but not for C++
Linking CXX executable cmTC_4b61b
/usr/bin/cmake -E cmake_link_script CMakeFiles/cmTC_4b61b.dir/link.txt --verbose=1
/usr/bin/g++    -std=c++11 -march=native -pthread -Wall -W -Wformat -Wmissing-declarations -DHAVE_GCC_WMISSING_PROTOTYPES    CMakeFiles/cmTC_4b61b.dir/src.cxx.o  -o cmTC_4b61b -rdynamic 
make[1]: Leaving directory '/home/thfabian/Desktop/dawn/build/gcc/CMakeFiles/CMakeTmp'

Source file was:
int main() { return 0; }
Performing C++ SOURCE FILE Test HAVE_GCC_WSTRICT_PROTOTYPES failed with the following output:
Change Dir: /home/thfabian/Desktop/dawn/build/gcc/CMakeFiles/CMakeTmp

Run Build Command:"/usr/bin/make" "cmTC_ca797/fast"
/usr/bin/make -f CMakeFiles/cmTC_ca797.dir/build.make CMakeFiles/cmTC_ca797.dir/build
make[1]: Entering directory '/home/thfabian/Desktop/dawn/build/gcc/CMakeFiles/CMakeTmp'
Building CXX object CMakeFiles/cmTC_ca797.dir/src.cxx.o
/usr/bin/g++     -std=c++11 -march=native -pthread -Wall -W -Wformat -Wmissing-declarations -DHAVE_GCC_WSTRICT_PROTOTYPES   -Wstrict-prototypes -o CMakeFiles/cmTC_ca797.dir/src.cxx.o -c /home/thfabian/Desktop/dawn/build/gcc/CMakeFiles/CMakeTmp/src.cxx
cc1plus: warning: command line option '-Wstrict-prototypes' is valid for C/ObjC but not for C++
Linking CXX executable cmTC_ca797
/usr/bin/cmake -E cmake_link_script CMakeFiles/cmTC_ca797.dir/link.txt --verbose=1
/usr/bin/g++    -std=c++11 -march=native -pthread -Wall -W -Wformat -Wmissing-declarations -DHAVE_GCC_WSTRICT_PROTOTYPES    CMakeFiles/cmTC_ca797.dir/src.cxx.o  -o cmTC_ca797 -rdynamic 
make[1]: Leaving directory '/home/thfabian/Desktop/dawn/build/gcc/CMakeFiles/CMakeTmp'

Source file was:
int main() { return 0; }
Determining if the pthread_create exist failed with the following output:
Change Dir: /home/thfabian/Desktop/dawn/build/gcc/CMakeFiles/CMakeTmp

Run Build Command:"/usr/bin/make" "cmTC_aaad2/fast"
/usr/bin/make -f CMakeFiles/cmTC_aaad2.dir/build.make CMakeFiles/cmTC_aaad2.dir/build
make[1]: Entering directory '/home/thfabian/Desktop/dawn/build/gcc/CMakeFiles/CMakeTmp'
Building C object CMakeFiles/cmTC_aaad2.dir/CheckSymbolExists.c.o
/usr/bin/cc     -o CMakeFiles/cmTC_aaad2.dir/CheckSymbolExists.c.o   -c /home/thfabian/Desktop/dawn/build/gcc/CMakeFiles/CMakeTmp/CheckSymbolExists.c
Linking C executable cmTC_aaad2
/usr/bin/cmake -E cmake_link_script CMakeFiles/cmTC_aaad2.dir/link.txt --verbose=1
/usr/bin/cc       CMakeFiles/cmTC_aaad2.dir/CheckSymbolExists.c.o  -o cmTC_aaad2 -rdynamic 
CMakeFiles/cmTC_aaad2.dir/CheckSymbolExists.c.o: In function `main':
CheckSymbolExists.c:(.text+0x16): undefined reference to `pthread_create'
collect2: error: ld returned 1 exit status
CMakeFiles/cmTC_aaad2.dir/build.make:97: recipe for target 'cmTC_aaad2' failed
make[1]: *** [cmTC_aaad2] Error 1
make[1]: Leaving directory '/home/thfabian/Desktop/dawn/build/gcc/CMakeFiles/CMakeTmp'
Makefile:126: recipe for target 'cmTC_aaad2/fast' failed
make: *** [cmTC_aaad2/fast] Error 2

File /home/thfabian/Desktop/dawn/build/gcc/CMakeFiles/CMakeTmp/CheckSymbolExists.c:
/* */
#include <pthread.h>

int main(int argc, char** argv)
{
  (void)argv;
#ifndef pthread_create
  return ((int*)(&pthread_create))[argc];
#else
  (void)argc;
  return 0;
#endif
}

Determining if the function pthread_create exists in the pthreads failed with the following output:
Change Dir: /home/thfabian/Desktop/dawn/build/gcc/CMakeFiles/CMakeTmp

Run Build Command:"/usr/bin/make" "cmTC_7988d/fast"
/usr/bin/make -f CMakeFiles/cmTC_7988d.dir/build.make CMakeFiles/cmTC_7988d.dir/build
make[1]: Entering directory '/home/thfabian/Desktop/dawn/build/gcc/CMakeFiles/CMakeTmp'
Building C object CMakeFiles/cmTC_7988d.dir/CheckFunctionExists.c.o
/usr/bin/cc    -DCHECK_FUNCTION_EXISTS=pthread_create   -o CMakeFiles/cmTC_7988d.dir/CheckFunctionExists.c.o   -c /usr/share/cmake-3.5/Modules/CheckFunctionExists.c
Linking C executable cmTC_7988d
/usr/bin/cmake -E cmake_link_script CMakeFiles/cmTC_7988d.dir/link.txt --verbose=1
/usr/bin/cc   -DCHECK_FUNCTION_EXISTS=pthread_create    CMakeFiles/cmTC_7988d.dir/CheckFunctionExists.c.o  -o cmTC_7988d -rdynamic -lpthreads 
/usr/bin/ld: cannot find -lpthreads
collect2: error: ld returned 1 exit status
CMakeFiles/cmTC_7988d.dir/build.make:97: recipe for target 'cmTC_7988d' failed
make[1]: *** [cmTC_7988d] Error 1
make[1]: Leaving directory '/home/thfabian/Desktop/dawn/build/gcc/CMakeFiles/CMakeTmp'
Makefile:126: recipe for target 'cmTC_7988d/fast' failed
make: *** [cmTC_7988d/fast] Error 2


