The system is: Linux - 4.4.0-96-generic - x86_64
Compiling the C compiler identification source file "CMakeCCompilerId.c" succeeded.
Compiler: /usr/bin/clang 
Build flags: 
Id flags: 

The output was:
0


Compilation of the C compiler identification source "CMakeCCompilerId.c" produced "a.out"

The C compiler identification is Clang, found in "/home/thfabian/Desktop/dawn/build/clang/CMakeFiles/3.5.1/CompilerIdC/a.out"

Compiling the CXX compiler identification source file "CMakeCXXCompilerId.cpp" succeeded.
Compiler: /usr/bin/clang++ 
Build flags: 
Id flags: 

The output was:
0


Compilation of the CXX compiler identification source "CMakeCXXCompilerId.cpp" produced "a.out"

The CXX compiler identification is Clang, found in "/home/thfabian/Desktop/dawn/build/clang/CMakeFiles/3.5.1/CompilerIdCXX/a.out"

Determining if the C compiler works passed with the following output:
Change Dir: /home/thfabian/Desktop/dawn/build/clang/CMakeFiles/CMakeTmp

Run Build Command:"/usr/bin/make" "cmTC_5b70d/fast"
/usr/bin/make -f CMakeFiles/cmTC_5b70d.dir/build.make CMakeFiles/cmTC_5b70d.dir/build
make[1]: Entering directory '/home/thfabian/Desktop/dawn/build/clang/CMakeFiles/CMakeTmp'
Building C object CMakeFiles/cmTC_5b70d.dir/testCCompiler.c.o
/usr/bin/clang     -o CMakeFiles/cmTC_5b70d.dir/testCCompiler.c.o   -c /home/thfabian/Desktop/dawn/build/clang/CMakeFiles/CMakeTmp/testCCompiler.c
Linking C executable cmTC_5b70d
/usr/bin/cmake -E cmake_link_script CMakeFiles/cmTC_5b70d.dir/link.txt --verbose=1
/usr/bin/clang       CMakeFiles/cmTC_5b70d.dir/testCCompiler.c.o  -o cmTC_5b70d -rdynamic 
make[1]: Leaving directory '/home/thfabian/Desktop/dawn/build/clang/CMakeFiles/CMakeTmp'


Detecting C compiler ABI info compiled with the following output:
Change Dir: /home/thfabian/Desktop/dawn/build/clang/CMakeFiles/CMakeTmp

Run Build Command:"/usr/bin/make" "cmTC_19a56/fast"
/usr/bin/make -f CMakeFiles/cmTC_19a56.dir/build.make CMakeFiles/cmTC_19a56.dir/build
make[1]: Entering directory '/home/thfabian/Desktop/dawn/build/clang/CMakeFiles/CMakeTmp'
Building C object CMakeFiles/cmTC_19a56.dir/CMakeCCompilerABI.c.o
/usr/bin/clang     -o CMakeFiles/cmTC_19a56.dir/CMakeCCompilerABI.c.o   -c /usr/share/cmake-3.5/Modules/CMakeCCompilerABI.c
Linking C executable cmTC_19a56
/usr/bin/cmake -E cmake_link_script CMakeFiles/cmTC_19a56.dir/link.txt --verbose=1
/usr/bin/clang      -v CMakeFiles/cmTC_19a56.dir/CMakeCCompilerABI.c.o  -o cmTC_19a56 -rdynamic  
clang version 3.8.0-2ubuntu4 (tags/RELEASE_380/final)
Target: x86_64-pc-linux-gnu
Thread model: posix
InstalledDir: /usr/bin
Found candidate GCC installation: /usr/bin/../lib/gcc/i686-linux-gnu/5.4.0
Found candidate GCC installation: /usr/bin/../lib/gcc/i686-linux-gnu/6.0.0
Found candidate GCC installation: /usr/bin/../lib/gcc/x86_64-linux-gnu/4.9
Found candidate GCC installation: /usr/bin/../lib/gcc/x86_64-linux-gnu/4.9.3
Found candidate GCC installation: /usr/bin/../lib/gcc/x86_64-linux-gnu/5.4.0
Found candidate GCC installation: /usr/bin/../lib/gcc/x86_64-linux-gnu/6.0.0
Found candidate GCC installation: /usr/lib/gcc/i686-linux-gnu/5.4.0
Found candidate GCC installation: /usr/lib/gcc/i686-linux-gnu/6.0.0
Found candidate GCC installation: /usr/lib/gcc/x86_64-linux-gnu/4.9
Found candidate GCC installation: /usr/lib/gcc/x86_64-linux-gnu/4.9.3
Found candidate GCC installation: /usr/lib/gcc/x86_64-linux-gnu/5.4.0
Found candidate GCC installation: /usr/lib/gcc/x86_64-linux-gnu/6.0.0
Selected GCC installation: /usr/bin/../lib/gcc/x86_64-linux-gnu/5.4.0
Candidate multilib: .;@m64
Selected multilib: .;@m64
 "/usr/bin/ld" -export-dynamic -z relro --hash-style=gnu --build-id --eh-frame-hdr -m elf_x86_64 -dynamic-linker /lib64/ld-linux-x86-64.so.2 -o cmTC_19a56 /usr/bin/../lib/gcc/x86_64-linux-gnu/5.4.0/../../../x86_64-linux-gnu/crt1.o /usr/bin/../lib/gcc/x86_64-linux-gnu/5.4.0/../../../x86_64-linux-gnu/crti.o /usr/bin/../lib/gcc/x86_64-linux-gnu/5.4.0/crtbegin.o -L/usr/bin/../lib/gcc/x86_64-linux-gnu/5.4.0 -L/usr/bin/../lib/gcc/x86_64-linux-gnu/5.4.0/../../../x86_64-linux-gnu -L/lib/x86_64-linux-gnu -L/lib/../lib64 -L/usr/lib/x86_64-linux-gnu -L/usr/bin/../lib/gcc/x86_64-linux-gnu/5.4.0/../../.. -L/usr/lib/llvm-3.8/bin/../lib -L/lib -L/usr/lib CMakeFiles/cmTC_19a56.dir/CMakeCCompilerABI.c.o -L/opt/intel/compilers_and_libraries_2017.0.098/linux/ipp/lib/intel64 -L/opt/intel/compilers_and_libraries_2017.0.098/linux/compiler/lib/intel64 -L/opt/intel/compilers_and_libraries_2017.0.098/linux/mkl/lib/intel64 -L/opt/intel/compilers_and_libraries_2017.0.098/linux/tbb/lib/intel64/gcc4.7 -L/opt/intel/compilers_and_libraries_2017.0.098/linux/daal/lib/intel64_lin -L/opt/intel/compilers_and_libraries_2017.0.098/linux/daal/../tbb/lib/intel64_lin/gcc4.4 -lgcc --as-needed -lgcc_s --no-as-needed -lc -lgcc --as-needed -lgcc_s --no-as-needed /usr/bin/../lib/gcc/x86_64-linux-gnu/5.4.0/crtend.o /usr/bin/../lib/gcc/x86_64-linux-gnu/5.4.0/../../../x86_64-linux-gnu/crtn.o
make[1]: Leaving directory '/home/thfabian/Desktop/dawn/build/clang/CMakeFiles/CMakeTmp'


Parsed C implicit link information from above output:
  link line regex: [^( *|.*[/\])(ld|([^/\]+-)?ld|collect2)[^/\]*( |$)]
  ignore line: [Change Dir: /home/thfabian/Desktop/dawn/build/clang/CMakeFiles/CMakeTmp]
  ignore line: []
  ignore line: [Run Build Command:"/usr/bin/make" "cmTC_19a56/fast"]
  ignore line: [/usr/bin/make -f CMakeFiles/cmTC_19a56.dir/build.make CMakeFiles/cmTC_19a56.dir/build]
  ignore line: [make[1]: Entering directory '/home/thfabian/Desktop/dawn/build/clang/CMakeFiles/CMakeTmp']
  ignore line: [Building C object CMakeFiles/cmTC_19a56.dir/CMakeCCompilerABI.c.o]
  ignore line: [/usr/bin/clang     -o CMakeFiles/cmTC_19a56.dir/CMakeCCompilerABI.c.o   -c /usr/share/cmake-3.5/Modules/CMakeCCompilerABI.c]
  ignore line: [Linking C executable cmTC_19a56]
  ignore line: [/usr/bin/cmake -E cmake_link_script CMakeFiles/cmTC_19a56.dir/link.txt --verbose=1]
  ignore line: [/usr/bin/clang      -v CMakeFiles/cmTC_19a56.dir/CMakeCCompilerABI.c.o  -o cmTC_19a56 -rdynamic  ]
  ignore line: [clang version 3.8.0-2ubuntu4 (tags/RELEASE_380/final)]
  ignore line: [Target: x86_64-pc-linux-gnu]
  ignore line: [Thread model: posix]
  ignore line: [InstalledDir: /usr/bin]
  ignore line: [Found candidate GCC installation: /usr/bin/../lib/gcc/i686-linux-gnu/5.4.0]
  ignore line: [Found candidate GCC installation: /usr/bin/../lib/gcc/i686-linux-gnu/6.0.0]
  ignore line: [Found candidate GCC installation: /usr/bin/../lib/gcc/x86_64-linux-gnu/4.9]
  ignore line: [Found candidate GCC installation: /usr/bin/../lib/gcc/x86_64-linux-gnu/4.9.3]
  ignore line: [Found candidate GCC installation: /usr/bin/../lib/gcc/x86_64-linux-gnu/5.4.0]
  ignore line: [Found candidate GCC installation: /usr/bin/../lib/gcc/x86_64-linux-gnu/6.0.0]
  ignore line: [Found candidate GCC installation: /usr/lib/gcc/i686-linux-gnu/5.4.0]
  ignore line: [Found candidate GCC installation: /usr/lib/gcc/i686-linux-gnu/6.0.0]
  ignore line: [Found candidate GCC installation: /usr/lib/gcc/x86_64-linux-gnu/4.9]
  ignore line: [Found candidate GCC installation: /usr/lib/gcc/x86_64-linux-gnu/4.9.3]
  ignore line: [Found candidate GCC installation: /usr/lib/gcc/x86_64-linux-gnu/5.4.0]
  ignore line: [Found candidate GCC installation: /usr/lib/gcc/x86_64-linux-gnu/6.0.0]
  ignore line: [Selected GCC installation: /usr/bin/../lib/gcc/x86_64-linux-gnu/5.4.0]
  ignore line: [Candidate multilib: .]
  ignore line: [@m64]
  ignore line: [Selected multilib: .]
  ignore line: [@m64]
  link line: [ "/usr/bin/ld" -export-dynamic -z relro --hash-style=gnu --build-id --eh-frame-hdr -m elf_x86_64 -dynamic-linker /lib64/ld-linux-x86-64.so.2 -o cmTC_19a56 /usr/bin/../lib/gcc/x86_64-linux-gnu/5.4.0/../../../x86_64-linux-gnu/crt1.o /usr/bin/../lib/gcc/x86_64-linux-gnu/5.4.0/../../../x86_64-linux-gnu/crti.o /usr/bin/../lib/gcc/x86_64-linux-gnu/5.4.0/crtbegin.o -L/usr/bin/../lib/gcc/x86_64-linux-gnu/5.4.0 -L/usr/bin/../lib/gcc/x86_64-linux-gnu/5.4.0/../../../x86_64-linux-gnu -L/lib/x86_64-linux-gnu -L/lib/../lib64 -L/usr/lib/x86_64-linux-gnu -L/usr/bin/../lib/gcc/x86_64-linux-gnu/5.4.0/../../.. -L/usr/lib/llvm-3.8/bin/../lib -L/lib -L/usr/lib CMakeFiles/cmTC_19a56.dir/CMakeCCompilerABI.c.o -L/opt/intel/compilers_and_libraries_2017.0.098/linux/ipp/lib/intel64 -L/opt/intel/compilers_and_libraries_2017.0.098/linux/compiler/lib/intel64 -L/opt/intel/compilers_and_libraries_2017.0.098/linux/mkl/lib/intel64 -L/opt/intel/compilers_and_libraries_2017.0.098/linux/tbb/lib/intel64/gcc4.7 -L/opt/intel/compilers_and_libraries_2017.0.098/linux/daal/lib/intel64_lin -L/opt/intel/compilers_and_libraries_2017.0.098/linux/daal/../tbb/lib/intel64_lin/gcc4.4 -lgcc --as-needed -lgcc_s --no-as-needed -lc -lgcc --as-needed -lgcc_s --no-as-needed /usr/bin/../lib/gcc/x86_64-linux-gnu/5.4.0/crtend.o /usr/bin/../lib/gcc/x86_64-linux-gnu/5.4.0/../../../x86_64-linux-gnu/crtn.o]
    arg [/usr/bin/ld] ==> ignore
    arg [-export-dynamic] ==> ignore
    arg [-zrelro] ==> ignore
    arg [--hash-style=gnu] ==> ignore
    arg [--build-id] ==> ignore
    arg [--eh-frame-hdr] ==> ignore
    arg [-m] ==> ignore
    arg [elf_x86_64] ==> ignore
    arg [-dynamic-linker] ==> ignore
    arg [/lib64/ld-linux-x86-64.so.2] ==> ignore
    arg [-o] ==> ignore
    arg [cmTC_19a56] ==> ignore
    arg [/usr/bin/../lib/gcc/x86_64-linux-gnu/5.4.0/../../../x86_64-linux-gnu/crt1.o] ==> ignore
    arg [/usr/bin/../lib/gcc/x86_64-linux-gnu/5.4.0/../../../x86_64-linux-gnu/crti.o] ==> ignore
    arg [/usr/bin/../lib/gcc/x86_64-linux-gnu/5.4.0/crtbegin.o] ==> ignore
    arg [-L/usr/bin/../lib/gcc/x86_64-linux-gnu/5.4.0] ==> dir [/usr/bin/../lib/gcc/x86_64-linux-gnu/5.4.0]
    arg [-L/usr/bin/../lib/gcc/x86_64-linux-gnu/5.4.0/../../../x86_64-linux-gnu] ==> dir [/usr/bin/../lib/gcc/x86_64-linux-gnu/5.4.0/../../../x86_64-linux-gnu]
    arg [-L/lib/x86_64-linux-gnu] ==> dir [/lib/x86_64-linux-gnu]
    arg [-L/lib/../lib64] ==> dir [/lib/../lib64]
    arg [-L/usr/lib/x86_64-linux-gnu] ==> dir [/usr/lib/x86_64-linux-gnu]
    arg [-L/usr/bin/../lib/gcc/x86_64-linux-gnu/5.4.0/../../..] ==> dir [/usr/bin/../lib/gcc/x86_64-linux-gnu/5.4.0/../../..]
    arg [-L/usr/lib/llvm-3.8/bin/../lib] ==> dir [/usr/lib/llvm-3.8/bin/../lib]
    arg [-L/lib] ==> dir [/lib]
    arg [-L/usr/lib] ==> dir [/usr/lib]
    arg [CMakeFiles/cmTC_19a56.dir/CMakeCCompilerABI.c.o] ==> ignore
    arg [-L/opt/intel/compilers_and_libraries_2017.0.098/linux/ipp/lib/intel64] ==> dir [/opt/intel/compilers_and_libraries_2017.0.098/linux/ipp/lib/intel64]
    arg [-L/opt/intel/compilers_and_libraries_2017.0.098/linux/compiler/lib/intel64] ==> dir [/opt/intel/compilers_and_libraries_2017.0.098/linux/compiler/lib/intel64]
    arg [-L/opt/intel/compilers_and_libraries_2017.0.098/linux/mkl/lib/intel64] ==> dir [/opt/intel/compilers_and_libraries_2017.0.098/linux/mkl/lib/intel64]
    arg [-L/opt/intel/compilers_and_libraries_2017.0.098/linux/tbb/lib/intel64/gcc4.7] ==> dir [/opt/intel/compilers_and_libraries_2017.0.098/linux/tbb/lib/intel64/gcc4.7]
    arg [-L/opt/intel/compilers_and_libraries_2017.0.098/linux/daal/lib/intel64_lin] ==> dir [/opt/intel/compilers_and_libraries_2017.0.098/linux/daal/lib/intel64_lin]
    arg [-L/opt/intel/compilers_and_libraries_2017.0.098/linux/daal/../tbb/lib/intel64_lin/gcc4.4] ==> dir [/opt/intel/compilers_and_libraries_2017.0.098/linux/daal/../tbb/lib/intel64_lin/gcc4.4]
    arg [-lgcc] ==> lib [gcc]
    arg [--as-needed] ==> ignore
    arg [-lgcc_s] ==> lib [gcc_s]
    arg [--no-as-needed] ==> ignore
    arg [-lc] ==> lib [c]
    arg [-lgcc] ==> lib [gcc]
    arg [--as-needed] ==> ignore
    arg [-lgcc_s] ==> lib [gcc_s]
    arg [--no-as-needed] ==> ignore
    arg [/usr/bin/../lib/gcc/x86_64-linux-gnu/5.4.0/crtend.o] ==> ignore
    arg [/usr/bin/../lib/gcc/x86_64-linux-gnu/5.4.0/../../../x86_64-linux-gnu/crtn.o] ==> ignore
  remove lib [gcc]
  remove lib [gcc_s]
  remove lib [gcc]
  remove lib [gcc_s]
  collapse library dir [/usr/bin/../lib/gcc/x86_64-linux-gnu/5.4.0] ==> [/usr/lib/gcc/x86_64-linux-gnu/5.4.0]
  collapse library dir [/usr/bin/../lib/gcc/x86_64-linux-gnu/5.4.0/../../../x86_64-linux-gnu] ==> [/usr/lib/x86_64-linux-gnu]
  collapse library dir [/lib/x86_64-linux-gnu] ==> [/lib/x86_64-linux-gnu]
  collapse library dir [/lib/../lib64] ==> [/lib64]
  collapse library dir [/usr/lib/x86_64-linux-gnu] ==> [/usr/lib/x86_64-linux-gnu]
  collapse library dir [/usr/bin/../lib/gcc/x86_64-linux-gnu/5.4.0/../../..] ==> [/usr/lib]
  collapse library dir [/usr/lib/llvm-3.8/bin/../lib] ==> [/usr/lib/llvm-3.8/lib]
  collapse library dir [/lib] ==> [/lib]
  collapse library dir [/usr/lib] ==> [/usr/lib]
  collapse library dir [/opt/intel/compilers_and_libraries_2017.0.098/linux/ipp/lib/intel64] ==> [/opt/intel/compilers_and_libraries_2017.0.098/linux/ipp/lib/intel64]
  collapse library dir [/opt/intel/compilers_and_libraries_2017.0.098/linux/compiler/lib/intel64] ==> [/opt/intel/compilers_and_libraries_2017.0.098/linux/compiler/lib/intel64]
  collapse library dir [/opt/intel/compilers_and_libraries_2017.0.098/linux/mkl/lib/intel64] ==> [/opt/intel/compilers_and_libraries_2017.0.098/linux/mkl/lib/intel64]
  collapse library dir [/opt/intel/compilers_and_libraries_2017.0.098/linux/tbb/lib/intel64/gcc4.7] ==> [/opt/intel/compilers_and_libraries_2017.0.098/linux/tbb/lib/intel64/gcc4.7]
  collapse library dir [/opt/intel/compilers_and_libraries_2017.0.098/linux/daal/lib/intel64_lin] ==> [/opt/intel/compilers_and_libraries_2017.0.098/linux/daal/lib/intel64_lin]
  collapse library dir [/opt/intel/compilers_and_libraries_2017.0.098/linux/daal/../tbb/lib/intel64_lin/gcc4.4] ==> [/opt/intel/compilers_and_libraries_2017.0.098/linux/tbb/lib/intel64_lin/gcc4.4]
  implicit libs: [c]
  implicit dirs: [/usr/lib/gcc/x86_64-linux-gnu/5.4.0;/usr/lib/x86_64-linux-gnu;/lib/x86_64-linux-gnu;/lib64;/usr/lib;/usr/lib/llvm-3.8/lib;/lib;/opt/intel/compilers_and_libraries_2017.0.098/linux/ipp/lib/intel64;/opt/intel/compilers_and_libraries_2017.0.098/linux/compiler/lib/intel64;/opt/intel/compilers_and_libraries_2017.0.098/linux/mkl/lib/intel64;/opt/intel/compilers_and_libraries_2017.0.098/linux/tbb/lib/intel64/gcc4.7;/opt/intel/compilers_and_libraries_2017.0.098/linux/daal/lib/intel64_lin;/opt/intel/compilers_and_libraries_2017.0.098/linux/tbb/lib/intel64_lin/gcc4.4]
  implicit fwks: []




Detecting C [-std=c11] compiler features compiled with the following output:
Change Dir: /home/thfabian/Desktop/dawn/build/clang/CMakeFiles/CMakeTmp

Run Build Command:"/usr/bin/make" "cmTC_73f19/fast"
/usr/bin/make -f CMakeFiles/cmTC_73f19.dir/build.make CMakeFiles/cmTC_73f19.dir/build
make[1]: Entering directory '/home/thfabian/Desktop/dawn/build/clang/CMakeFiles/CMakeTmp'
Building C object CMakeFiles/cmTC_73f19.dir/feature_tests.c.o
/usr/bin/clang    -std=c11 -o CMakeFiles/cmTC_73f19.dir/feature_tests.c.o   -c /home/thfabian/Desktop/dawn/build/clang/CMakeFiles/feature_tests.c
Linking C executable cmTC_73f19
/usr/bin/cmake -E cmake_link_script CMakeFiles/cmTC_73f19.dir/link.txt --verbose=1
/usr/bin/clang       CMakeFiles/cmTC_73f19.dir/feature_tests.c.o  -o cmTC_73f19 -rdynamic 
make[1]: Leaving directory '/home/thfabian/Desktop/dawn/build/clang/CMakeFiles/CMakeTmp'


    Feature record: C_FEATURE:1c_function_prototypes
    Feature record: C_FEATURE:1c_restrict
    Feature record: C_FEATURE:1c_static_assert
    Feature record: C_FEATURE:1c_variadic_macros


Detecting C [-std=c99] compiler features compiled with the following output:
Change Dir: /home/thfabian/Desktop/dawn/build/clang/CMakeFiles/CMakeTmp

Run Build Command:"/usr/bin/make" "cmTC_48f1d/fast"
/usr/bin/make -f CMakeFiles/cmTC_48f1d.dir/build.make CMakeFiles/cmTC_48f1d.dir/build
make[1]: Entering directory '/home/thfabian/Desktop/dawn/build/clang/CMakeFiles/CMakeTmp'
Building C object CMakeFiles/cmTC_48f1d.dir/feature_tests.c.o
/usr/bin/clang    -std=c99 -o CMakeFiles/cmTC_48f1d.dir/feature_tests.c.o   -c /home/thfabian/Desktop/dawn/build/clang/CMakeFiles/feature_tests.c
Linking C executable cmTC_48f1d
/usr/bin/cmake -E cmake_link_script CMakeFiles/cmTC_48f1d.dir/link.txt --verbose=1
/usr/bin/clang       CMakeFiles/cmTC_48f1d.dir/feature_tests.c.o  -o cmTC_48f1d -rdynamic 
make[1]: Leaving directory '/home/thfabian/Desktop/dawn/build/clang/CMakeFiles/CMakeTmp'


    Feature record: C_FEATURE:1c_function_prototypes
    Feature record: C_FEATURE:1c_restrict
    Feature record: C_FEATURE:0c_static_assert
    Feature record: C_FEATURE:1c_variadic_macros


Detecting C [-std=c90] compiler features compiled with the following output:
Change Dir: /home/thfabian/Desktop/dawn/build/clang/CMakeFiles/CMakeTmp

Run Build Command:"/usr/bin/make" "cmTC_96d0c/fast"
/usr/bin/make -f CMakeFiles/cmTC_96d0c.dir/build.make CMakeFiles/cmTC_96d0c.dir/build
make[1]: Entering directory '/home/thfabian/Desktop/dawn/build/clang/CMakeFiles/CMakeTmp'
Building C object CMakeFiles/cmTC_96d0c.dir/feature_tests.c.o
/usr/bin/clang    -std=c90 -o CMakeFiles/cmTC_96d0c.dir/feature_tests.c.o   -c /home/thfabian/Desktop/dawn/build/clang/CMakeFiles/feature_tests.c
Linking C executable cmTC_96d0c
/usr/bin/cmake -E cmake_link_script CMakeFiles/cmTC_96d0c.dir/link.txt --verbose=1
/usr/bin/clang       CMakeFiles/cmTC_96d0c.dir/feature_tests.c.o  -o cmTC_96d0c -rdynamic 
make[1]: Leaving directory '/home/thfabian/Desktop/dawn/build/clang/CMakeFiles/CMakeTmp'


    Feature record: C_FEATURE:1c_function_prototypes
    Feature record: C_FEATURE:0c_restrict
    Feature record: C_FEATURE:0c_static_assert
    Feature record: C_FEATURE:0c_variadic_macros
Determining if the CXX compiler works passed with the following output:
Change Dir: /home/thfabian/Desktop/dawn/build/clang/CMakeFiles/CMakeTmp

Run Build Command:"/usr/bin/make" "cmTC_681ad/fast"
/usr/bin/make -f CMakeFiles/cmTC_681ad.dir/build.make CMakeFiles/cmTC_681ad.dir/build
make[1]: Entering directory '/home/thfabian/Desktop/dawn/build/clang/CMakeFiles/CMakeTmp'
Building CXX object CMakeFiles/cmTC_681ad.dir/testCXXCompiler.cxx.o
/usr/bin/clang++      -o CMakeFiles/cmTC_681ad.dir/testCXXCompiler.cxx.o -c /home/thfabian/Desktop/dawn/build/clang/CMakeFiles/CMakeTmp/testCXXCompiler.cxx
Linking CXX executable cmTC_681ad
/usr/bin/cmake -E cmake_link_script CMakeFiles/cmTC_681ad.dir/link.txt --verbose=1
/usr/bin/clang++        CMakeFiles/cmTC_681ad.dir/testCXXCompiler.cxx.o  -o cmTC_681ad -rdynamic 
make[1]: Leaving directory '/home/thfabian/Desktop/dawn/build/clang/CMakeFiles/CMakeTmp'


Detecting CXX compiler ABI info compiled with the following output:
Change Dir: /home/thfabian/Desktop/dawn/build/clang/CMakeFiles/CMakeTmp

Run Build Command:"/usr/bin/make" "cmTC_c1f31/fast"
/usr/bin/make -f CMakeFiles/cmTC_c1f31.dir/build.make CMakeFiles/cmTC_c1f31.dir/build
make[1]: Entering directory '/home/thfabian/Desktop/dawn/build/clang/CMakeFiles/CMakeTmp'
Building CXX object CMakeFiles/cmTC_c1f31.dir/CMakeCXXCompilerABI.cpp.o
/usr/bin/clang++      -o CMakeFiles/cmTC_c1f31.dir/CMakeCXXCompilerABI.cpp.o -c /usr/share/cmake-3.5/Modules/CMakeCXXCompilerABI.cpp
Linking CXX executable cmTC_c1f31
/usr/bin/cmake -E cmake_link_script CMakeFiles/cmTC_c1f31.dir/link.txt --verbose=1
/usr/bin/clang++       -v CMakeFiles/cmTC_c1f31.dir/CMakeCXXCompilerABI.cpp.o  -o cmTC_c1f31 -rdynamic  
clang version 3.8.0-2ubuntu4 (tags/RELEASE_380/final)
Target: x86_64-pc-linux-gnu
Thread model: posix
InstalledDir: /usr/bin
Found candidate GCC installation: /usr/bin/../lib/gcc/i686-linux-gnu/5.4.0
Found candidate GCC installation: /usr/bin/../lib/gcc/i686-linux-gnu/6.0.0
Found candidate GCC installation: /usr/bin/../lib/gcc/x86_64-linux-gnu/4.9
Found candidate GCC installation: /usr/bin/../lib/gcc/x86_64-linux-gnu/4.9.3
Found candidate GCC installation: /usr/bin/../lib/gcc/x86_64-linux-gnu/5.4.0
Found candidate GCC installation: /usr/bin/../lib/gcc/x86_64-linux-gnu/6.0.0
Found candidate GCC installation: /usr/lib/gcc/i686-linux-gnu/5.4.0
Found candidate GCC installation: /usr/lib/gcc/i686-linux-gnu/6.0.0
Found candidate GCC installation: /usr/lib/gcc/x86_64-linux-gnu/4.9
Found candidate GCC installation: /usr/lib/gcc/x86_64-linux-gnu/4.9.3
Found candidate GCC installation: /usr/lib/gcc/x86_64-linux-gnu/5.4.0
Found candidate GCC installation: /usr/lib/gcc/x86_64-linux-gnu/6.0.0
Selected GCC installation: /usr/bin/../lib/gcc/x86_64-linux-gnu/5.4.0
Candidate multilib: .;@m64
Selected multilib: .;@m64
 "/usr/bin/ld" -export-dynamic -z relro --hash-style=gnu --build-id --eh-frame-hdr -m elf_x86_64 -dynamic-linker /lib64/ld-linux-x86-64.so.2 -o cmTC_c1f31 /usr/bin/../lib/gcc/x86_64-linux-gnu/5.4.0/../../../x86_64-linux-gnu/crt1.o /usr/bin/../lib/gcc/x86_64-linux-gnu/5.4.0/../../../x86_64-linux-gnu/crti.o /usr/bin/../lib/gcc/x86_64-linux-gnu/5.4.0/crtbegin.o -L/usr/bin/../lib/gcc/x86_64-linux-gnu/5.4.0 -L/usr/bin/../lib/gcc/x86_64-linux-gnu/5.4.0/../../../x86_64-linux-gnu -L/lib/x86_64-linux-gnu -L/lib/../lib64 -L/usr/lib/x86_64-linux-gnu -L/usr/bin/../lib/gcc/x86_64-linux-gnu/5.4.0/../../.. -L/usr/lib/llvm-3.8/bin/../lib -L/lib -L/usr/lib CMakeFiles/cmTC_c1f31.dir/CMakeCXXCompilerABI.cpp.o -L/opt/intel/compilers_and_libraries_2017.0.098/linux/ipp/lib/intel64 -L/opt/intel/compilers_and_libraries_2017.0.098/linux/compiler/lib/intel64 -L/opt/intel/compilers_and_libraries_2017.0.098/linux/mkl/lib/intel64 -L/opt/intel/compilers_and_libraries_2017.0.098/linux/tbb/lib/intel64/gcc4.7 -L/opt/intel/compilers_and_libraries_2017.0.098/linux/daal/lib/intel64_lin -L/opt/intel/compilers_and_libraries_2017.0.098/linux/daal/../tbb/lib/intel64_lin/gcc4.4 -lstdc++ -lm -lgcc_s -lgcc -lc -lgcc_s -lgcc /usr/bin/../lib/gcc/x86_64-linux-gnu/5.4.0/crtend.o /usr/bin/../lib/gcc/x86_64-linux-gnu/5.4.0/../../../x86_64-linux-gnu/crtn.o
make[1]: Leaving directory '/home/thfabian/Desktop/dawn/build/clang/CMakeFiles/CMakeTmp'


Parsed CXX implicit link information from above output:
  link line regex: [^( *|.*[/\])(ld|([^/\]+-)?ld|collect2)[^/\]*( |$)]
  ignore line: [Change Dir: /home/thfabian/Desktop/dawn/build/clang/CMakeFiles/CMakeTmp]
  ignore line: []
  ignore line: [Run Build Command:"/usr/bin/make" "cmTC_c1f31/fast"]
  ignore line: [/usr/bin/make -f CMakeFiles/cmTC_c1f31.dir/build.make CMakeFiles/cmTC_c1f31.dir/build]
  ignore line: [make[1]: Entering directory '/home/thfabian/Desktop/dawn/build/clang/CMakeFiles/CMakeTmp']
  ignore line: [Building CXX object CMakeFiles/cmTC_c1f31.dir/CMakeCXXCompilerABI.cpp.o]
  ignore line: [/usr/bin/clang++      -o CMakeFiles/cmTC_c1f31.dir/CMakeCXXCompilerABI.cpp.o -c /usr/share/cmake-3.5/Modules/CMakeCXXCompilerABI.cpp]
  ignore line: [Linking CXX executable cmTC_c1f31]
  ignore line: [/usr/bin/cmake -E cmake_link_script CMakeFiles/cmTC_c1f31.dir/link.txt --verbose=1]
  ignore line: [/usr/bin/clang++       -v CMakeFiles/cmTC_c1f31.dir/CMakeCXXCompilerABI.cpp.o  -o cmTC_c1f31 -rdynamic  ]
  ignore line: [clang version 3.8.0-2ubuntu4 (tags/RELEASE_380/final)]
  ignore line: [Target: x86_64-pc-linux-gnu]
  ignore line: [Thread model: posix]
  ignore line: [InstalledDir: /usr/bin]
  ignore line: [Found candidate GCC installation: /usr/bin/../lib/gcc/i686-linux-gnu/5.4.0]
  ignore line: [Found candidate GCC installation: /usr/bin/../lib/gcc/i686-linux-gnu/6.0.0]
  ignore line: [Found candidate GCC installation: /usr/bin/../lib/gcc/x86_64-linux-gnu/4.9]
  ignore line: [Found candidate GCC installation: /usr/bin/../lib/gcc/x86_64-linux-gnu/4.9.3]
  ignore line: [Found candidate GCC installation: /usr/bin/../lib/gcc/x86_64-linux-gnu/5.4.0]
  ignore line: [Found candidate GCC installation: /usr/bin/../lib/gcc/x86_64-linux-gnu/6.0.0]
  ignore line: [Found candidate GCC installation: /usr/lib/gcc/i686-linux-gnu/5.4.0]
  ignore line: [Found candidate GCC installation: /usr/lib/gcc/i686-linux-gnu/6.0.0]
  ignore line: [Found candidate GCC installation: /usr/lib/gcc/x86_64-linux-gnu/4.9]
  ignore line: [Found candidate GCC installation: /usr/lib/gcc/x86_64-linux-gnu/4.9.3]
  ignore line: [Found candidate GCC installation: /usr/lib/gcc/x86_64-linux-gnu/5.4.0]
  ignore line: [Found candidate GCC installation: /usr/lib/gcc/x86_64-linux-gnu/6.0.0]
  ignore line: [Selected GCC installation: /usr/bin/../lib/gcc/x86_64-linux-gnu/5.4.0]
  ignore line: [Candidate multilib: .]
  ignore line: [@m64]
  ignore line: [Selected multilib: .]
  ignore line: [@m64]
  link line: [ "/usr/bin/ld" -export-dynamic -z relro --hash-style=gnu --build-id --eh-frame-hdr -m elf_x86_64 -dynamic-linker /lib64/ld-linux-x86-64.so.2 -o cmTC_c1f31 /usr/bin/../lib/gcc/x86_64-linux-gnu/5.4.0/../../../x86_64-linux-gnu/crt1.o /usr/bin/../lib/gcc/x86_64-linux-gnu/5.4.0/../../../x86_64-linux-gnu/crti.o /usr/bin/../lib/gcc/x86_64-linux-gnu/5.4.0/crtbegin.o -L/usr/bin/../lib/gcc/x86_64-linux-gnu/5.4.0 -L/usr/bin/../lib/gcc/x86_64-linux-gnu/5.4.0/../../../x86_64-linux-gnu -L/lib/x86_64-linux-gnu -L/lib/../lib64 -L/usr/lib/x86_64-linux-gnu -L/usr/bin/../lib/gcc/x86_64-linux-gnu/5.4.0/../../.. -L/usr/lib/llvm-3.8/bin/../lib -L/lib -L/usr/lib CMakeFiles/cmTC_c1f31.dir/CMakeCXXCompilerABI.cpp.o -L/opt/intel/compilers_and_libraries_2017.0.098/linux/ipp/lib/intel64 -L/opt/intel/compilers_and_libraries_2017.0.098/linux/compiler/lib/intel64 -L/opt/intel/compilers_and_libraries_2017.0.098/linux/mkl/lib/intel64 -L/opt/intel/compilers_and_libraries_2017.0.098/linux/tbb/lib/intel64/gcc4.7 -L/opt/intel/compilers_and_libraries_2017.0.098/linux/daal/lib/intel64_lin -L/opt/intel/compilers_and_libraries_2017.0.098/linux/daal/../tbb/lib/intel64_lin/gcc4.4 -lstdc++ -lm -lgcc_s -lgcc -lc -lgcc_s -lgcc /usr/bin/../lib/gcc/x86_64-linux-gnu/5.4.0/crtend.o /usr/bin/../lib/gcc/x86_64-linux-gnu/5.4.0/../../../x86_64-linux-gnu/crtn.o]
    arg [/usr/bin/ld] ==> ignore
    arg [-export-dynamic] ==> ignore
    arg [-zrelro] ==> ignore
    arg [--hash-style=gnu] ==> ignore
    arg [--build-id] ==> ignore
    arg [--eh-frame-hdr] ==> ignore
    arg [-m] ==> ignore
    arg [elf_x86_64] ==> ignore
    arg [-dynamic-linker] ==> ignore
    arg [/lib64/ld-linux-x86-64.so.2] ==> ignore
    arg [-o] ==> ignore
    arg [cmTC_c1f31] ==> ignore
    arg [/usr/bin/../lib/gcc/x86_64-linux-gnu/5.4.0/../../../x86_64-linux-gnu/crt1.o] ==> ignore
    arg [/usr/bin/../lib/gcc/x86_64-linux-gnu/5.4.0/../../../x86_64-linux-gnu/crti.o] ==> ignore
    arg [/usr/bin/../lib/gcc/x86_64-linux-gnu/5.4.0/crtbegin.o] ==> ignore
    arg [-L/usr/bin/../lib/gcc/x86_64-linux-gnu/5.4.0] ==> dir [/usr/bin/../lib/gcc/x86_64-linux-gnu/5.4.0]
    arg [-L/usr/bin/../lib/gcc/x86_64-linux-gnu/5.4.0/../../../x86_64-linux-gnu] ==> dir [/usr/bin/../lib/gcc/x86_64-linux-gnu/5.4.0/../../../x86_64-linux-gnu]
    arg [-L/lib/x86_64-linux-gnu] ==> dir [/lib/x86_64-linux-gnu]
    arg [-L/lib/../lib64] ==> dir [/lib/../lib64]
    arg [-L/usr/lib/x86_64-linux-gnu] ==> dir [/usr/lib/x86_64-linux-gnu]
    arg [-L/usr/bin/../lib/gcc/x86_64-linux-gnu/5.4.0/../../..] ==> dir [/usr/bin/../lib/gcc/x86_64-linux-gnu/5.4.0/../../..]
    arg [-L/usr/lib/llvm-3.8/bin/../lib] ==> dir [/usr/lib/llvm-3.8/bin/../lib]
    arg [-L/lib] ==> dir [/lib]
    arg [-L/usr/lib] ==> dir [/usr/lib]
    arg [CMakeFiles/cmTC_c1f31.dir/CMakeCXXCompilerABI.cpp.o] ==> ignore
    arg [-L/opt/intel/compilers_and_libraries_2017.0.098/linux/ipp/lib/intel64] ==> dir [/opt/intel/compilers_and_libraries_2017.0.098/linux/ipp/lib/intel64]
    arg [-L/opt/intel/compilers_and_libraries_2017.0.098/linux/compiler/lib/intel64] ==> dir [/opt/intel/compilers_and_libraries_2017.0.098/linux/compiler/lib/intel64]
    arg [-L/opt/intel/compilers_and_libraries_2017.0.098/linux/mkl/lib/intel64] ==> dir [/opt/intel/compilers_and_libraries_2017.0.098/linux/mkl/lib/intel64]
    arg [-L/opt/intel/compilers_and_libraries_2017.0.098/linux/tbb/lib/intel64/gcc4.7] ==> dir [/opt/intel/compilers_and_libraries_2017.0.098/linux/tbb/lib/intel64/gcc4.7]
    arg [-L/opt/intel/compilers_and_libraries_2017.0.098/linux/daal/lib/intel64_lin] ==> dir [/opt/intel/compilers_and_libraries_2017.0.098/linux/daal/lib/intel64_lin]
    arg [-L/opt/intel/compilers_and_libraries_2017.0.098/linux/daal/../tbb/lib/intel64_lin/gcc4.4] ==> dir [/opt/intel/compilers_and_libraries_2017.0.098/linux/daal/../tbb/lib/intel64_lin/gcc4.4]
    arg [-lstdc++] ==> lib [stdc++]
    arg [-lm] ==> lib [m]
    arg [-lgcc_s] ==> lib [gcc_s]
    arg [-lgcc] ==> lib [gcc]
    arg [-lc] ==> lib [c]
    arg [-lgcc_s] ==> lib [gcc_s]
    arg [-lgcc] ==> lib [gcc]
    arg [/usr/bin/../lib/gcc/x86_64-linux-gnu/5.4.0/crtend.o] ==> ignore
    arg [/usr/bin/../lib/gcc/x86_64-linux-gnu/5.4.0/../../../x86_64-linux-gnu/crtn.o] ==> ignore
  remove lib [gcc_s]
  remove lib [gcc]
  remove lib [gcc_s]
  remove lib [gcc]
  collapse library dir [/usr/bin/../lib/gcc/x86_64-linux-gnu/5.4.0] ==> [/usr/lib/gcc/x86_64-linux-gnu/5.4.0]
  collapse library dir [/usr/bin/../lib/gcc/x86_64-linux-gnu/5.4.0/../../../x86_64-linux-gnu] ==> [/usr/lib/x86_64-linux-gnu]
  collapse library dir [/lib/x86_64-linux-gnu] ==> [/lib/x86_64-linux-gnu]
  collapse library dir [/lib/../lib64] ==> [/lib64]
  collapse library dir [/usr/lib/x86_64-linux-gnu] ==> [/usr/lib/x86_64-linux-gnu]
  collapse library dir [/usr/bin/../lib/gcc/x86_64-linux-gnu/5.4.0/../../..] ==> [/usr/lib]
  collapse library dir [/usr/lib/llvm-3.8/bin/../lib] ==> [/usr/lib/llvm-3.8/lib]
  collapse library dir [/lib] ==> [/lib]
  collapse library dir [/usr/lib] ==> [/usr/lib]
  collapse library dir [/opt/intel/compilers_and_libraries_2017.0.098/linux/ipp/lib/intel64] ==> [/opt/intel/compilers_and_libraries_2017.0.098/linux/ipp/lib/intel64]
  collapse library dir [/opt/intel/compilers_and_libraries_2017.0.098/linux/compiler/lib/intel64] ==> [/opt/intel/compilers_and_libraries_2017.0.098/linux/compiler/lib/intel64]
  collapse library dir [/opt/intel/compilers_and_libraries_2017.0.098/linux/mkl/lib/intel64] ==> [/opt/intel/compilers_and_libraries_2017.0.098/linux/mkl/lib/intel64]
  collapse library dir [/opt/intel/compilers_and_libraries_2017.0.098/linux/tbb/lib/intel64/gcc4.7] ==> [/opt/intel/compilers_and_libraries_2017.0.098/linux/tbb/lib/intel64/gcc4.7]
  collapse library dir [/opt/intel/compilers_and_libraries_2017.0.098/linux/daal/lib/intel64_lin] ==> [/opt/intel/compilers_and_libraries_2017.0.098/linux/daal/lib/intel64_lin]
  collapse library dir [/opt/intel/compilers_and_libraries_2017.0.098/linux/daal/../tbb/lib/intel64_lin/gcc4.4] ==> [/opt/intel/compilers_and_libraries_2017.0.098/linux/tbb/lib/intel64_lin/gcc4.4]
  implicit libs: [stdc++;m;c]
  implicit dirs: [/usr/lib/gcc/x86_64-linux-gnu/5.4.0;/usr/lib/x86_64-linux-gnu;/lib/x86_64-linux-gnu;/lib64;/usr/lib;/usr/lib/llvm-3.8/lib;/lib;/opt/intel/compilers_and_libraries_2017.0.098/linux/ipp/lib/intel64;/opt/intel/compilers_and_libraries_2017.0.098/linux/compiler/lib/intel64;/opt/intel/compilers_and_libraries_2017.0.098/linux/mkl/lib/intel64;/opt/intel/compilers_and_libraries_2017.0.098/linux/tbb/lib/intel64/gcc4.7;/opt/intel/compilers_and_libraries_2017.0.098/linux/daal/lib/intel64_lin;/opt/intel/compilers_and_libraries_2017.0.098/linux/tbb/lib/intel64_lin/gcc4.4]
  implicit fwks: []




Detecting CXX [-std=c++14] compiler features compiled with the following output:
Change Dir: /home/thfabian/Desktop/dawn/build/clang/CMakeFiles/CMakeTmp

Run Build Command:"/usr/bin/make" "cmTC_820ca/fast"
/usr/bin/make -f CMakeFiles/cmTC_820ca.dir/build.make CMakeFiles/cmTC_820ca.dir/build
make[1]: Entering directory '/home/thfabian/Desktop/dawn/build/clang/CMakeFiles/CMakeTmp'
Building CXX object CMakeFiles/cmTC_820ca.dir/feature_tests.cxx.o
/usr/bin/clang++     -std=c++14 -o CMakeFiles/cmTC_820ca.dir/feature_tests.cxx.o -c /home/thfabian/Desktop/dawn/build/clang/CMakeFiles/feature_tests.cxx
Linking CXX executable cmTC_820ca
/usr/bin/cmake -E cmake_link_script CMakeFiles/cmTC_820ca.dir/link.txt --verbose=1
/usr/bin/clang++        CMakeFiles/cmTC_820ca.dir/feature_tests.cxx.o  -o cmTC_820ca -rdynamic 
make[1]: Leaving directory '/home/thfabian/Desktop/dawn/build/clang/CMakeFiles/CMakeTmp'


    Feature record: CXX_FEATURE:1cxx_aggregate_default_initializers
    Feature record: CXX_FEATURE:1cxx_alias_templates
    Feature record: CXX_FEATURE:1cxx_alignas
    Feature record: CXX_FEATURE:1cxx_alignof
    Feature record: CXX_FEATURE:1cxx_attributes
    Feature record: CXX_FEATURE:1cxx_attribute_deprecated
    Feature record: CXX_FEATURE:1cxx_auto_type
    Feature record: CXX_FEATURE:1cxx_binary_literals
    Feature record: CXX_FEATURE:1cxx_constexpr
    Feature record: CXX_FEATURE:1cxx_contextual_conversions
    Feature record: CXX_FEATURE:1cxx_decltype
    Feature record: CXX_FEATURE:1cxx_decltype_auto
    Feature record: CXX_FEATURE:1cxx_decltype_incomplete_return_types
    Feature record: CXX_FEATURE:1cxx_default_function_template_args
    Feature record: CXX_FEATURE:1cxx_defaulted_functions
    Feature record: CXX_FEATURE:1cxx_defaulted_move_initializers
    Feature record: CXX_FEATURE:1cxx_delegating_constructors
    Feature record: CXX_FEATURE:1cxx_deleted_functions
    Feature record: CXX_FEATURE:1cxx_digit_separators
    Feature record: CXX_FEATURE:1cxx_enum_forward_declarations
    Feature record: CXX_FEATURE:1cxx_explicit_conversions
    Feature record: CXX_FEATURE:1cxx_extended_friend_declarations
    Feature record: CXX_FEATURE:1cxx_extern_templates
    Feature record: CXX_FEATURE:1cxx_final
    Feature record: CXX_FEATURE:1cxx_func_identifier
    Feature record: CXX_FEATURE:1cxx_generalized_initializers
    Feature record: CXX_FEATURE:1cxx_generic_lambdas
    Feature record: CXX_FEATURE:1cxx_inheriting_constructors
    Feature record: CXX_FEATURE:1cxx_inline_namespaces
    Feature record: CXX_FEATURE:1cxx_lambdas
    Feature record: CXX_FEATURE:1cxx_lambda_init_captures
    Feature record: CXX_FEATURE:1cxx_local_type_template_args
    Feature record: CXX_FEATURE:1cxx_long_long_type
    Feature record: CXX_FEATURE:1cxx_noexcept
    Feature record: CXX_FEATURE:1cxx_nonstatic_member_init
    Feature record: CXX_FEATURE:1cxx_nullptr
    Feature record: CXX_FEATURE:1cxx_override
    Feature record: CXX_FEATURE:1cxx_range_for
    Feature record: CXX_FEATURE:1cxx_raw_string_literals
    Feature record: CXX_FEATURE:1cxx_reference_qualified_functions
    Feature record: CXX_FEATURE:1cxx_relaxed_constexpr
    Feature record: CXX_FEATURE:1cxx_return_type_deduction
    Feature record: CXX_FEATURE:1cxx_right_angle_brackets
    Feature record: CXX_FEATURE:1cxx_rvalue_references
    Feature record: CXX_FEATURE:1cxx_sizeof_member
    Feature record: CXX_FEATURE:1cxx_static_assert
    Feature record: CXX_FEATURE:1cxx_strong_enums
    Feature record: CXX_FEATURE:1cxx_template_template_parameters
    Feature record: CXX_FEATURE:1cxx_thread_local
    Feature record: CXX_FEATURE:1cxx_trailing_return_types
    Feature record: CXX_FEATURE:1cxx_unicode_literals
    Feature record: CXX_FEATURE:1cxx_uniform_initialization
    Feature record: CXX_FEATURE:1cxx_unrestricted_unions
    Feature record: CXX_FEATURE:1cxx_user_literals
    Feature record: CXX_FEATURE:1cxx_variable_templates
    Feature record: CXX_FEATURE:1cxx_variadic_macros
    Feature record: CXX_FEATURE:1cxx_variadic_templates


Detecting CXX [-std=c++11] compiler features compiled with the following output:
Change Dir: /home/thfabian/Desktop/dawn/build/clang/CMakeFiles/CMakeTmp

Run Build Command:"/usr/bin/make" "cmTC_a9807/fast"
/usr/bin/make -f CMakeFiles/cmTC_a9807.dir/build.make CMakeFiles/cmTC_a9807.dir/build
make[1]: Entering directory '/home/thfabian/Desktop/dawn/build/clang/CMakeFiles/CMakeTmp'
Building CXX object CMakeFiles/cmTC_a9807.dir/feature_tests.cxx.o
/usr/bin/clang++     -std=c++11 -o CMakeFiles/cmTC_a9807.dir/feature_tests.cxx.o -c /home/thfabian/Desktop/dawn/build/clang/CMakeFiles/feature_tests.cxx
Linking CXX executable cmTC_a9807
/usr/bin/cmake -E cmake_link_script CMakeFiles/cmTC_a9807.dir/link.txt --verbose=1
/usr/bin/clang++        CMakeFiles/cmTC_a9807.dir/feature_tests.cxx.o  -o cmTC_a9807 -rdynamic 
make[1]: Leaving directory '/home/thfabian/Desktop/dawn/build/clang/CMakeFiles/CMakeTmp'


    Feature record: CXX_FEATURE:0cxx_aggregate_default_initializers
    Feature record: CXX_FEATURE:1cxx_alias_templates
    Feature record: CXX_FEATURE:1cxx_alignas
    Feature record: CXX_FEATURE:1cxx_alignof
    Feature record: CXX_FEATURE:1cxx_attributes
    Feature record: CXX_FEATURE:0cxx_attribute_deprecated
    Feature record: CXX_FEATURE:1cxx_auto_type
    Feature record: CXX_FEATURE:0cxx_binary_literals
    Feature record: CXX_FEATURE:1cxx_constexpr
    Feature record: CXX_FEATURE:0cxx_contextual_conversions
    Feature record: CXX_FEATURE:1cxx_decltype
    Feature record: CXX_FEATURE:0cxx_decltype_auto
    Feature record: CXX_FEATURE:1cxx_decltype_incomplete_return_types
    Feature record: CXX_FEATURE:1cxx_default_function_template_args
    Feature record: CXX_FEATURE:1cxx_defaulted_functions
    Feature record: CXX_FEATURE:1cxx_defaulted_move_initializers
    Feature record: CXX_FEATURE:1cxx_delegating_constructors
    Feature record: CXX_FEATURE:1cxx_deleted_functions
    Feature record: CXX_FEATURE:0cxx_digit_separators
    Feature record: CXX_FEATURE:1cxx_enum_forward_declarations
    Feature record: CXX_FEATURE:1cxx_explicit_conversions
    Feature record: CXX_FEATURE:1cxx_extended_friend_declarations
    Feature record: CXX_FEATURE:1cxx_extern_templates
    Feature record: CXX_FEATURE:1cxx_final
    Feature record: CXX_FEATURE:1cxx_func_identifier
    Feature record: CXX_FEATURE:1cxx_generalized_initializers
    Feature record: CXX_FEATURE:0cxx_generic_lambdas
    Feature record: CXX_FEATURE:1cxx_inheriting_constructors
    Feature record: CXX_FEATURE:1cxx_inline_namespaces
    Feature record: CXX_FEATURE:1cxx_lambdas
    Feature record: CXX_FEATURE:0cxx_lambda_init_captures
    Feature record: CXX_FEATURE:1cxx_local_type_template_args
    Feature record: CXX_FEATURE:1cxx_long_long_type
    Feature record: CXX_FEATURE:1cxx_noexcept
    Feature record: CXX_FEATURE:1cxx_nonstatic_member_init
    Feature record: CXX_FEATURE:1cxx_nullptr
    Feature record: CXX_FEATURE:1cxx_override
    Feature record: CXX_FEATURE:1cxx_range_for
    Feature record: CXX_FEATURE:1cxx_raw_string_literals
    Feature record: CXX_FEATURE:1cxx_reference_qualified_functions
    Feature record: CXX_FEATURE:0cxx_relaxed_constexpr
    Feature record: CXX_FEATURE:0cxx_return_type_deduction
    Feature record: CXX_FEATURE:1cxx_right_angle_brackets
    Feature record: CXX_FEATURE:1cxx_rvalue_references
    Feature record: CXX_FEATURE:1cxx_sizeof_member
    Feature record: CXX_FEATURE:1cxx_static_assert
    Feature record: CXX_FEATURE:1cxx_strong_enums
    Feature record: CXX_FEATURE:1cxx_template_template_parameters
    Feature record: CXX_FEATURE:1cxx_thread_local
    Feature record: CXX_FEATURE:1cxx_trailing_return_types
    Feature record: CXX_FEATURE:1cxx_unicode_literals
    Feature record: CXX_FEATURE:1cxx_uniform_initialization
    Feature record: CXX_FEATURE:1cxx_unrestricted_unions
    Feature record: CXX_FEATURE:1cxx_user_literals
    Feature record: CXX_FEATURE:0cxx_variable_templates
    Feature record: CXX_FEATURE:1cxx_variadic_macros
    Feature record: CXX_FEATURE:1cxx_variadic_templates


Detecting CXX [-std=c++98] compiler features compiled with the following output:
Change Dir: /home/thfabian/Desktop/dawn/build/clang/CMakeFiles/CMakeTmp

Run Build Command:"/usr/bin/make" "cmTC_d28c9/fast"
/usr/bin/make -f CMakeFiles/cmTC_d28c9.dir/build.make CMakeFiles/cmTC_d28c9.dir/build
make[1]: Entering directory '/home/thfabian/Desktop/dawn/build/clang/CMakeFiles/CMakeTmp'
Building CXX object CMakeFiles/cmTC_d28c9.dir/feature_tests.cxx.o
/usr/bin/clang++     -std=c++98 -o CMakeFiles/cmTC_d28c9.dir/feature_tests.cxx.o -c /home/thfabian/Desktop/dawn/build/clang/CMakeFiles/feature_tests.cxx
Linking CXX executable cmTC_d28c9
/usr/bin/cmake -E cmake_link_script CMakeFiles/cmTC_d28c9.dir/link.txt --verbose=1
/usr/bin/clang++        CMakeFiles/cmTC_d28c9.dir/feature_tests.cxx.o  -o cmTC_d28c9 -rdynamic 
make[1]: Leaving directory '/home/thfabian/Desktop/dawn/build/clang/CMakeFiles/CMakeTmp'


    Feature record: CXX_FEATURE:0cxx_aggregate_default_initializers
    Feature record: CXX_FEATURE:0cxx_alias_templates
    Feature record: CXX_FEATURE:0cxx_alignas
    Feature record: CXX_FEATURE:0cxx_alignof
    Feature record: CXX_FEATURE:0cxx_attributes
    Feature record: CXX_FEATURE:0cxx_attribute_deprecated
    Feature record: CXX_FEATURE:0cxx_auto_type
    Feature record: CXX_FEATURE:0cxx_binary_literals
    Feature record: CXX_FEATURE:0cxx_constexpr
    Feature record: CXX_FEATURE:0cxx_contextual_conversions
    Feature record: CXX_FEATURE:0cxx_decltype
    Feature record: CXX_FEATURE:0cxx_decltype_auto
    Feature record: CXX_FEATURE:0cxx_decltype_incomplete_return_types
    Feature record: CXX_FEATURE:0cxx_default_function_template_args
    Feature record: CXX_FEATURE:0cxx_defaulted_functions
    Feature record: CXX_FEATURE:0cxx_defaulted_move_initializers
    Feature record: CXX_FEATURE:0cxx_delegating_constructors
    Feature record: CXX_FEATURE:0cxx_deleted_functions
    Feature record: CXX_FEATURE:0cxx_digit_separators
    Feature record: CXX_FEATURE:0cxx_enum_forward_declarations
    Feature record: CXX_FEATURE:0cxx_explicit_conversions
    Feature record: CXX_FEATURE:0cxx_extended_friend_declarations
    Feature record: CXX_FEATURE:0cxx_extern_templates
    Feature record: CXX_FEATURE:0cxx_final
    Feature record: CXX_FEATURE:0cxx_func_identifier
    Feature record: CXX_FEATURE:0cxx_generalized_initializers
    Feature record: CXX_FEATURE:0cxx_generic_lambdas
    Feature record: CXX_FEATURE:0cxx_inheriting_constructors
    Feature record: CXX_FEATURE:0cxx_inline_namespaces
    Feature record: CXX_FEATURE:0cxx_lambdas
    Feature record: CXX_FEATURE:0cxx_lambda_init_captures
    Feature record: CXX_FEATURE:0cxx_local_type_template_args
    Feature record: CXX_FEATURE:0cxx_long_long_type
    Feature record: CXX_FEATURE:0cxx_noexcept
    Feature record: CXX_FEATURE:0cxx_nonstatic_member_init
    Feature record: CXX_FEATURE:0cxx_nullptr
    Feature record: CXX_FEATURE:0cxx_override
    Feature record: CXX_FEATURE:0cxx_range_for
    Feature record: CXX_FEATURE:0cxx_raw_string_literals
    Feature record: CXX_FEATURE:0cxx_reference_qualified_functions
    Feature record: CXX_FEATURE:0cxx_relaxed_constexpr
    Feature record: CXX_FEATURE:0cxx_return_type_deduction
    Feature record: CXX_FEATURE:0cxx_right_angle_brackets
    Feature record: CXX_FEATURE:0cxx_rvalue_references
    Feature record: CXX_FEATURE:0cxx_sizeof_member
    Feature record: CXX_FEATURE:0cxx_static_assert
    Feature record: CXX_FEATURE:0cxx_strong_enums
    Feature record: CXX_FEATURE:1cxx_template_template_parameters
    Feature record: CXX_FEATURE:0cxx_thread_local
    Feature record: CXX_FEATURE:0cxx_trailing_return_types
    Feature record: CXX_FEATURE:0cxx_unicode_literals
    Feature record: CXX_FEATURE:0cxx_uniform_initialization
    Feature record: CXX_FEATURE:0cxx_unrestricted_unions
    Feature record: CXX_FEATURE:0cxx_user_literals
    Feature record: CXX_FEATURE:0cxx_variable_templates
    Feature record: CXX_FEATURE:0cxx_variadic_macros
    Feature record: CXX_FEATURE:0cxx_variadic_templates
Performing C++ SOURCE FILE Test HAVE_CXX11_STANDARD_SUPPORT succeeded with the following output:
Change Dir: /home/thfabian/Desktop/dawn/build/clang/CMakeFiles/CMakeTmp

Run Build Command:"/usr/bin/make" "cmTC_a7015/fast"
/usr/bin/make -f CMakeFiles/cmTC_a7015.dir/build.make CMakeFiles/cmTC_a7015.dir/build
make[1]: Entering directory '/home/thfabian/Desktop/dawn/build/clang/CMakeFiles/CMakeTmp'
Building CXX object CMakeFiles/cmTC_a7015.dir/src.cxx.o
/usr/bin/clang++     -DHAVE_CXX11_STANDARD_SUPPORT   -std=c++11 -o CMakeFiles/cmTC_a7015.dir/src.cxx.o -c /home/thfabian/Desktop/dawn/build/clang/CMakeFiles/CMakeTmp/src.cxx
Linking CXX executable cmTC_a7015
/usr/bin/cmake -E cmake_link_script CMakeFiles/cmTC_a7015.dir/link.txt --verbose=1
/usr/bin/clang++    -DHAVE_CXX11_STANDARD_SUPPORT    CMakeFiles/cmTC_a7015.dir/src.cxx.o  -o cmTC_a7015 -rdynamic 
make[1]: Leaving directory '/home/thfabian/Desktop/dawn/build/clang/CMakeFiles/CMakeTmp'

Source file was:
int main() { return 0; }
Performing C++ SOURCE FILE Test HAVE_GCC_MARCH_NATIVE succeeded with the following output:
Change Dir: /home/thfabian/Desktop/dawn/build/clang/CMakeFiles/CMakeTmp

Run Build Command:"/usr/bin/make" "cmTC_e2152/fast"
/usr/bin/make -f CMakeFiles/cmTC_e2152.dir/build.make CMakeFiles/cmTC_e2152.dir/build
make[1]: Entering directory '/home/thfabian/Desktop/dawn/build/clang/CMakeFiles/CMakeTmp'
Building CXX object CMakeFiles/cmTC_e2152.dir/src.cxx.o
/usr/bin/clang++     -std=c++11 -DHAVE_GCC_MARCH_NATIVE   -march=native -o CMakeFiles/cmTC_e2152.dir/src.cxx.o -c /home/thfabian/Desktop/dawn/build/clang/CMakeFiles/CMakeTmp/src.cxx
Linking CXX executable cmTC_e2152
/usr/bin/cmake -E cmake_link_script CMakeFiles/cmTC_e2152.dir/link.txt --verbose=1
/usr/bin/clang++    -std=c++11 -DHAVE_GCC_MARCH_NATIVE    CMakeFiles/cmTC_e2152.dir/src.cxx.o  -o cmTC_e2152 -rdynamic 
make[1]: Leaving directory '/home/thfabian/Desktop/dawn/build/clang/CMakeFiles/CMakeTmp'

Source file was:
int main() { return 0; }
Performing C++ SOURCE FILE Test HAVE_GCC_PTHREAD succeeded with the following output:
Change Dir: /home/thfabian/Desktop/dawn/build/clang/CMakeFiles/CMakeTmp

Run Build Command:"/usr/bin/make" "cmTC_c8fde/fast"
/usr/bin/make -f CMakeFiles/cmTC_c8fde.dir/build.make CMakeFiles/cmTC_c8fde.dir/build
make[1]: Entering directory '/home/thfabian/Desktop/dawn/build/clang/CMakeFiles/CMakeTmp'
Building CXX object CMakeFiles/cmTC_c8fde.dir/src.cxx.o
/usr/bin/clang++     -std=c++11 -march=native -DHAVE_GCC_PTHREAD   -pthread -o CMakeFiles/cmTC_c8fde.dir/src.cxx.o -c /home/thfabian/Desktop/dawn/build/clang/CMakeFiles/CMakeTmp/src.cxx
Linking CXX executable cmTC_c8fde
/usr/bin/cmake -E cmake_link_script CMakeFiles/cmTC_c8fde.dir/link.txt --verbose=1
/usr/bin/clang++    -std=c++11 -march=native -DHAVE_GCC_PTHREAD    CMakeFiles/cmTC_c8fde.dir/src.cxx.o  -o cmTC_c8fde -rdynamic 
make[1]: Leaving directory '/home/thfabian/Desktop/dawn/build/clang/CMakeFiles/CMakeTmp'

Source file was:
int main() { return 0; }
Performing C++ SOURCE FILE Test HAVE_GCC_WALL succeeded with the following output:
Change Dir: /home/thfabian/Desktop/dawn/build/clang/CMakeFiles/CMakeTmp

Run Build Command:"/usr/bin/make" "cmTC_c3d91/fast"
/usr/bin/make -f CMakeFiles/cmTC_c3d91.dir/build.make CMakeFiles/cmTC_c3d91.dir/build
make[1]: Entering directory '/home/thfabian/Desktop/dawn/build/clang/CMakeFiles/CMakeTmp'
Building CXX object CMakeFiles/cmTC_c3d91.dir/src.cxx.o
/usr/bin/clang++     -std=c++11 -march=native -pthread -DHAVE_GCC_WALL   -Wall -o CMakeFiles/cmTC_c3d91.dir/src.cxx.o -c /home/thfabian/Desktop/dawn/build/clang/CMakeFiles/CMakeTmp/src.cxx
Linking CXX executable cmTC_c3d91
/usr/bin/cmake -E cmake_link_script CMakeFiles/cmTC_c3d91.dir/link.txt --verbose=1
/usr/bin/clang++    -std=c++11 -march=native -pthread -DHAVE_GCC_WALL    CMakeFiles/cmTC_c3d91.dir/src.cxx.o  -o cmTC_c3d91 -rdynamic 
make[1]: Leaving directory '/home/thfabian/Desktop/dawn/build/clang/CMakeFiles/CMakeTmp'

Source file was:
int main() { return 0; }
Performing C++ SOURCE FILE Test HAVE_GCC_W succeeded with the following output:
Change Dir: /home/thfabian/Desktop/dawn/build/clang/CMakeFiles/CMakeTmp

Run Build Command:"/usr/bin/make" "cmTC_9fe4d/fast"
/usr/bin/make -f CMakeFiles/cmTC_9fe4d.dir/build.make CMakeFiles/cmTC_9fe4d.dir/build
make[1]: Entering directory '/home/thfabian/Desktop/dawn/build/clang/CMakeFiles/CMakeTmp'
Building CXX object CMakeFiles/cmTC_9fe4d.dir/src.cxx.o
/usr/bin/clang++     -std=c++11 -march=native -pthread -Wall -DHAVE_GCC_W   -W -o CMakeFiles/cmTC_9fe4d.dir/src.cxx.o -c /home/thfabian/Desktop/dawn/build/clang/CMakeFiles/CMakeTmp/src.cxx
Linking CXX executable cmTC_9fe4d
/usr/bin/cmake -E cmake_link_script CMakeFiles/cmTC_9fe4d.dir/link.txt --verbose=1
/usr/bin/clang++    -std=c++11 -march=native -pthread -Wall -DHAVE_GCC_W    CMakeFiles/cmTC_9fe4d.dir/src.cxx.o  -o cmTC_9fe4d -rdynamic 
make[1]: Leaving directory '/home/thfabian/Desktop/dawn/build/clang/CMakeFiles/CMakeTmp'

Source file was:
int main() { return 0; }
Performing C++ SOURCE FILE Test HAVE_GCC_WFORMAT succeeded with the following output:
Change Dir: /home/thfabian/Desktop/dawn/build/clang/CMakeFiles/CMakeTmp

Run Build Command:"/usr/bin/make" "cmTC_cfdd3/fast"
/usr/bin/make -f CMakeFiles/cmTC_cfdd3.dir/build.make CMakeFiles/cmTC_cfdd3.dir/build
make[1]: Entering directory '/home/thfabian/Desktop/dawn/build/clang/CMakeFiles/CMakeTmp'
Building CXX object CMakeFiles/cmTC_cfdd3.dir/src.cxx.o
/usr/bin/clang++     -std=c++11 -march=native -pthread -Wall -W -DHAVE_GCC_WFORMAT   -Wformat -o CMakeFiles/cmTC_cfdd3.dir/src.cxx.o -c /home/thfabian/Desktop/dawn/build/clang/CMakeFiles/CMakeTmp/src.cxx
Linking CXX executable cmTC_cfdd3
/usr/bin/cmake -E cmake_link_script CMakeFiles/cmTC_cfdd3.dir/link.txt --verbose=1
/usr/bin/clang++    -std=c++11 -march=native -pthread -Wall -W -DHAVE_GCC_WFORMAT    CMakeFiles/cmTC_cfdd3.dir/src.cxx.o  -o cmTC_cfdd3 -rdynamic 
make[1]: Leaving directory '/home/thfabian/Desktop/dawn/build/clang/CMakeFiles/CMakeTmp'

Source file was:
int main() { return 0; }
Performing C++ SOURCE FILE Test HAVE_GCC_WMISSING_DECLARATIONS succeeded with the following output:
Change Dir: /home/thfabian/Desktop/dawn/build/clang/CMakeFiles/CMakeTmp

Run Build Command:"/usr/bin/make" "cmTC_99134/fast"
/usr/bin/make -f CMakeFiles/cmTC_99134.dir/build.make CMakeFiles/cmTC_99134.dir/build
make[1]: Entering directory '/home/thfabian/Desktop/dawn/build/clang/CMakeFiles/CMakeTmp'
Building CXX object CMakeFiles/cmTC_99134.dir/src.cxx.o
/usr/bin/clang++     -std=c++11 -march=native -pthread -Wall -W -Wformat -DHAVE_GCC_WMISSING_DECLARATIONS   -Wmissing-declarations -o CMakeFiles/cmTC_99134.dir/src.cxx.o -c /home/thfabian/Desktop/dawn/build/clang/CMakeFiles/CMakeTmp/src.cxx
Linking CXX executable cmTC_99134
/usr/bin/cmake -E cmake_link_script CMakeFiles/cmTC_99134.dir/link.txt --verbose=1
/usr/bin/clang++    -std=c++11 -march=native -pthread -Wall -W -Wformat -DHAVE_GCC_WMISSING_DECLARATIONS    CMakeFiles/cmTC_99134.dir/src.cxx.o  -o cmTC_99134 -rdynamic 
make[1]: Leaving directory '/home/thfabian/Desktop/dawn/build/clang/CMakeFiles/CMakeTmp'

Source file was:
int main() { return 0; }
Performing C++ SOURCE FILE Test HAVE_GCC_WMISSING_PROTOTYPES succeeded with the following output:
Change Dir: /home/thfabian/Desktop/dawn/build/clang/CMakeFiles/CMakeTmp

Run Build Command:"/usr/bin/make" "cmTC_b5739/fast"
/usr/bin/make -f CMakeFiles/cmTC_b5739.dir/build.make CMakeFiles/cmTC_b5739.dir/build
make[1]: Entering directory '/home/thfabian/Desktop/dawn/build/clang/CMakeFiles/CMakeTmp'
Building CXX object CMakeFiles/cmTC_b5739.dir/src.cxx.o
/usr/bin/clang++     -std=c++11 -march=native -pthread -Wall -W -Wformat -Wmissing-declarations -DHAVE_GCC_WMISSING_PROTOTYPES   -Wmissing-prototypes -o CMakeFiles/cmTC_b5739.dir/src.cxx.o -c /home/thfabian/Desktop/dawn/build/clang/CMakeFiles/CMakeTmp/src.cxx
Linking CXX executable cmTC_b5739
/usr/bin/cmake -E cmake_link_script CMakeFiles/cmTC_b5739.dir/link.txt --verbose=1
/usr/bin/clang++    -std=c++11 -march=native -pthread -Wall -W -Wformat -Wmissing-declarations -DHAVE_GCC_WMISSING_PROTOTYPES    CMakeFiles/cmTC_b5739.dir/src.cxx.o  -o cmTC_b5739 -rdynamic 
make[1]: Leaving directory '/home/thfabian/Desktop/dawn/build/clang/CMakeFiles/CMakeTmp'

Source file was:
int main() { return 0; }
Performing C++ SOURCE FILE Test HAVE_GCC_WSTRICT_PROTOTYPES succeeded with the following output:
Change Dir: /home/thfabian/Desktop/dawn/build/clang/CMakeFiles/CMakeTmp

Run Build Command:"/usr/bin/make" "cmTC_17aeb/fast"
/usr/bin/make -f CMakeFiles/cmTC_17aeb.dir/build.make CMakeFiles/cmTC_17aeb.dir/build
make[1]: Entering directory '/home/thfabian/Desktop/dawn/build/clang/CMakeFiles/CMakeTmp'
Building CXX object CMakeFiles/cmTC_17aeb.dir/src.cxx.o
/usr/bin/clang++     -std=c++11 -march=native -pthread -Wall -W -Wformat -Wmissing-declarations -Wmissing-prototypes -DHAVE_GCC_WSTRICT_PROTOTYPES   -Wstrict-prototypes -o CMakeFiles/cmTC_17aeb.dir/src.cxx.o -c /home/thfabian/Desktop/dawn/build/clang/CMakeFiles/CMakeTmp/src.cxx
Linking CXX executable cmTC_17aeb
/usr/bin/cmake -E cmake_link_script CMakeFiles/cmTC_17aeb.dir/link.txt --verbose=1
/usr/bin/clang++    -std=c++11 -march=native -pthread -Wall -W -Wformat -Wmissing-declarations -Wmissing-prototypes -DHAVE_GCC_WSTRICT_PROTOTYPES    CMakeFiles/cmTC_17aeb.dir/src.cxx.o  -o cmTC_17aeb -rdynamic 
make[1]: Leaving directory '/home/thfabian/Desktop/dawn/build/clang/CMakeFiles/CMakeTmp'

Source file was:
int main() { return 0; }
Performing C++ SOURCE FILE Test HAVE_GCC_WUNDEF succeeded with the following output:
Change Dir: /home/thfabian/Desktop/dawn/build/clang/CMakeFiles/CMakeTmp

Run Build Command:"/usr/bin/make" "cmTC_023f1/fast"
/usr/bin/make -f CMakeFiles/cmTC_023f1.dir/build.make CMakeFiles/cmTC_023f1.dir/build
make[1]: Entering directory '/home/thfabian/Desktop/dawn/build/clang/CMakeFiles/CMakeTmp'
Building CXX object CMakeFiles/cmTC_023f1.dir/src.cxx.o
/usr/bin/clang++     -std=c++11 -march=native -pthread -Wall -W -Wformat -Wmissing-declarations -Wmissing-prototypes -Wstrict-prototypes -DHAVE_GCC_WUNDEF   -Wundef -o CMakeFiles/cmTC_023f1.dir/src.cxx.o -c /home/thfabian/Desktop/dawn/build/clang/CMakeFiles/CMakeTmp/src.cxx
Linking CXX executable cmTC_023f1
/usr/bin/cmake -E cmake_link_script CMakeFiles/cmTC_023f1.dir/link.txt --verbose=1
/usr/bin/clang++    -std=c++11 -march=native -pthread -Wall -W -Wformat -Wmissing-declarations -Wmissing-prototypes -Wstrict-prototypes -DHAVE_GCC_WUNDEF    CMakeFiles/cmTC_023f1.dir/src.cxx.o  -o cmTC_023f1 -rdynamic 
make[1]: Leaving directory '/home/thfabian/Desktop/dawn/build/clang/CMakeFiles/CMakeTmp'

Source file was:
int main() { return 0; }
Performing C++ SOURCE FILE Test HAVE_GCC_WINI_SELF succeeded with the following output:
Change Dir: /home/thfabian/Desktop/dawn/build/clang/CMakeFiles/CMakeTmp

Run Build Command:"/usr/bin/make" "cmTC_5ce21/fast"
/usr/bin/make -f CMakeFiles/cmTC_5ce21.dir/build.make CMakeFiles/cmTC_5ce21.dir/build
make[1]: Entering directory '/home/thfabian/Desktop/dawn/build/clang/CMakeFiles/CMakeTmp'
Building CXX object CMakeFiles/cmTC_5ce21.dir/src.cxx.o
/usr/bin/clang++     -std=c++11 -march=native -pthread -Wall -W -Wformat -Wmissing-declarations -Wmissing-prototypes -Wstrict-prototypes -Wundef -DHAVE_GCC_WINI_SELF   -Winit-self -o CMakeFiles/cmTC_5ce21.dir/src.cxx.o -c /home/thfabian/Desktop/dawn/build/clang/CMakeFiles/CMakeTmp/src.cxx
Linking CXX executable cmTC_5ce21
/usr/bin/cmake -E cmake_link_script CMakeFiles/cmTC_5ce21.dir/link.txt --verbose=1
/usr/bin/clang++    -std=c++11 -march=native -pthread -Wall -W -Wformat -Wmissing-declarations -Wmissing-prototypes -Wstrict-prototypes -Wundef -DHAVE_GCC_WINI_SELF    CMakeFiles/cmTC_5ce21.dir/src.cxx.o  -o cmTC_5ce21 -rdynamic 
make[1]: Leaving directory '/home/thfabian/Desktop/dawn/build/clang/CMakeFiles/CMakeTmp'

Source file was:
int main() { return 0; }
Performing C++ SOURCE FILE Test HAVE_GCC_WPOINTER_ARITH succeeded with the following output:
Change Dir: /home/thfabian/Desktop/dawn/build/clang/CMakeFiles/CMakeTmp

Run Build Command:"/usr/bin/make" "cmTC_d09f3/fast"
/usr/bin/make -f CMakeFiles/cmTC_d09f3.dir/build.make CMakeFiles/cmTC_d09f3.dir/build
make[1]: Entering directory '/home/thfabian/Desktop/dawn/build/clang/CMakeFiles/CMakeTmp'
Building CXX object CMakeFiles/cmTC_d09f3.dir/src.cxx.o
/usr/bin/clang++     -std=c++11 -march=native -pthread -Wall -W -Wformat -Wmissing-declarations -Wmissing-prototypes -Wstrict-prototypes -Wundef -Winit-self -DHAVE_GCC_WPOINTER_ARITH   -Wpointer-arith -o CMakeFiles/cmTC_d09f3.dir/src.cxx.o -c /home/thfabian/Desktop/dawn/build/clang/CMakeFiles/CMakeTmp/src.cxx
Linking CXX executable cmTC_d09f3
/usr/bin/cmake -E cmake_link_script CMakeFiles/cmTC_d09f3.dir/link.txt --verbose=1
/usr/bin/clang++    -std=c++11 -march=native -pthread -Wall -W -Wformat -Wmissing-declarations -Wmissing-prototypes -Wstrict-prototypes -Wundef -Winit-self -DHAVE_GCC_WPOINTER_ARITH    CMakeFiles/cmTC_d09f3.dir/src.cxx.o  -o cmTC_d09f3 -rdynamic 
make[1]: Leaving directory '/home/thfabian/Desktop/dawn/build/clang/CMakeFiles/CMakeTmp'

Source file was:
int main() { return 0; }
Performing C++ SOURCE FILE Test HAVE_GCC_WSHADOW succeeded with the following output:
Change Dir: /home/thfabian/Desktop/dawn/build/clang/CMakeFiles/CMakeTmp

Run Build Command:"/usr/bin/make" "cmTC_5fc98/fast"
/usr/bin/make -f CMakeFiles/cmTC_5fc98.dir/build.make CMakeFiles/cmTC_5fc98.dir/build
make[1]: Entering directory '/home/thfabian/Desktop/dawn/build/clang/CMakeFiles/CMakeTmp'
Building CXX object CMakeFiles/cmTC_5fc98.dir/src.cxx.o
/usr/bin/clang++     -std=c++11 -march=native -pthread -Wall -W -Wformat -Wmissing-declarations -Wmissing-prototypes -Wstrict-prototypes -Wundef -Winit-self -Wpointer-arith -DHAVE_GCC_WSHADOW   -Wshadow -o CMakeFiles/cmTC_5fc98.dir/src.cxx.o -c /home/thfabian/Desktop/dawn/build/clang/CMakeFiles/CMakeTmp/src.cxx
Linking CXX executable cmTC_5fc98
/usr/bin/cmake -E cmake_link_script CMakeFiles/cmTC_5fc98.dir/link.txt --verbose=1
/usr/bin/clang++    -std=c++11 -march=native -pthread -Wall -W -Wformat -Wmissing-declarations -Wmissing-prototypes -Wstrict-prototypes -Wundef -Winit-self -Wpointer-arith -DHAVE_GCC_WSHADOW    CMakeFiles/cmTC_5fc98.dir/src.cxx.o  -o cmTC_5fc98 -rdynamic 
make[1]: Leaving directory '/home/thfabian/Desktop/dawn/build/clang/CMakeFiles/CMakeTmp'

Source file was:
int main() { return 0; }
Performing C++ SOURCE FILE Test HAVE_GCC_WSIGN_PROMO succeeded with the following output:
Change Dir: /home/thfabian/Desktop/dawn/build/clang/CMakeFiles/CMakeTmp

Run Build Command:"/usr/bin/make" "cmTC_2a0b7/fast"
/usr/bin/make -f CMakeFiles/cmTC_2a0b7.dir/build.make CMakeFiles/cmTC_2a0b7.dir/build
make[1]: Entering directory '/home/thfabian/Desktop/dawn/build/clang/CMakeFiles/CMakeTmp'
Building CXX object CMakeFiles/cmTC_2a0b7.dir/src.cxx.o
/usr/bin/clang++     -std=c++11 -march=native -pthread -Wall -W -Wformat -Wmissing-declarations -Wmissing-prototypes -Wstrict-prototypes -Wundef -Winit-self -Wpointer-arith -Wshadow -DHAVE_GCC_WSIGN_PROMO   -Wsign-promo -o CMakeFiles/cmTC_2a0b7.dir/src.cxx.o -c /home/thfabian/Desktop/dawn/build/clang/CMakeFiles/CMakeTmp/src.cxx
Linking CXX executable cmTC_2a0b7
/usr/bin/cmake -E cmake_link_script CMakeFiles/cmTC_2a0b7.dir/link.txt --verbose=1
/usr/bin/clang++    -std=c++11 -march=native -pthread -Wall -W -Wformat -Wmissing-declarations -Wmissing-prototypes -Wstrict-prototypes -Wundef -Winit-self -Wpointer-arith -Wshadow -DHAVE_GCC_WSIGN_PROMO    CMakeFiles/cmTC_2a0b7.dir/src.cxx.o  -o cmTC_2a0b7 -rdynamic 
make[1]: Leaving directory '/home/thfabian/Desktop/dawn/build/clang/CMakeFiles/CMakeTmp'

Source file was:
int main() { return 0; }
Performing C++ SOURCE FILE Test HAVE_GCC_WERROR_RETURN_TYPE succeeded with the following output:
Change Dir: /home/thfabian/Desktop/dawn/build/clang/CMakeFiles/CMakeTmp

Run Build Command:"/usr/bin/make" "cmTC_1fa3f/fast"
/usr/bin/make -f CMakeFiles/cmTC_1fa3f.dir/build.make CMakeFiles/cmTC_1fa3f.dir/build
make[1]: Entering directory '/home/thfabian/Desktop/dawn/build/clang/CMakeFiles/CMakeTmp'
Building CXX object CMakeFiles/cmTC_1fa3f.dir/src.cxx.o
/usr/bin/clang++     -std=c++11 -march=native -pthread -Wall -W -Wformat -Wmissing-declarations -Wmissing-prototypes -Wstrict-prototypes -Wundef -Winit-self -Wpointer-arith -Wshadow -Wsign-promo -DHAVE_GCC_WERROR_RETURN_TYPE   -Werror=return-type -o CMakeFiles/cmTC_1fa3f.dir/src.cxx.o -c /home/thfabian/Desktop/dawn/build/clang/CMakeFiles/CMakeTmp/src.cxx
Linking CXX executable cmTC_1fa3f
/usr/bin/cmake -E cmake_link_script CMakeFiles/cmTC_1fa3f.dir/link.txt --verbose=1
/usr/bin/clang++    -std=c++11 -march=native -pthread -Wall -W -Wformat -Wmissing-declarations -Wmissing-prototypes -Wstrict-prototypes -Wundef -Winit-self -Wpointer-arith -Wshadow -Wsign-promo -DHAVE_GCC_WERROR_RETURN_TYPE    CMakeFiles/cmTC_1fa3f.dir/src.cxx.o  -o cmTC_1fa3f -rdynamic 
make[1]: Leaving directory '/home/thfabian/Desktop/dawn/build/clang/CMakeFiles/CMakeTmp'

Source file was:
int main() { return 0; }
Performing C++ SOURCE FILE Test HAVE_GCC_WERROR_NON_VIRTUAL_DTOR succeeded with the following output:
Change Dir: /home/thfabian/Desktop/dawn/build/clang/CMakeFiles/CMakeTmp

Run Build Command:"/usr/bin/make" "cmTC_778f2/fast"
/usr/bin/make -f CMakeFiles/cmTC_778f2.dir/build.make CMakeFiles/cmTC_778f2.dir/build
make[1]: Entering directory '/home/thfabian/Desktop/dawn/build/clang/CMakeFiles/CMakeTmp'
Building CXX object CMakeFiles/cmTC_778f2.dir/src.cxx.o
/usr/bin/clang++     -std=c++11 -march=native -pthread -Wall -W -Wformat -Wmissing-declarations -Wmissing-prototypes -Wstrict-prototypes -Wundef -Winit-self -Wpointer-arith -Wshadow -Wsign-promo -Werror=return-type -DHAVE_GCC_WERROR_NON_VIRTUAL_DTOR   -Werror=non-virtual-dtor -o CMakeFiles/cmTC_778f2.dir/src.cxx.o -c /home/thfabian/Desktop/dawn/build/clang/CMakeFiles/CMakeTmp/src.cxx
Linking CXX executable cmTC_778f2
/usr/bin/cmake -E cmake_link_script CMakeFiles/cmTC_778f2.dir/link.txt --verbose=1
/usr/bin/clang++    -std=c++11 -march=native -pthread -Wall -W -Wformat -Wmissing-declarations -Wmissing-prototypes -Wstrict-prototypes -Wundef -Winit-self -Wpointer-arith -Wshadow -Wsign-promo -Werror=return-type -DHAVE_GCC_WERROR_NON_VIRTUAL_DTOR    CMakeFiles/cmTC_778f2.dir/src.cxx.o  -o cmTC_778f2 -rdynamic 
make[1]: Leaving directory '/home/thfabian/Desktop/dawn/build/clang/CMakeFiles/CMakeTmp'

Source file was:
int main() { return 0; }
Performing C++ SOURCE FILE Test HAVE_GCC_WERROR_ADDRESS succeeded with the following output:
Change Dir: /home/thfabian/Desktop/dawn/build/clang/CMakeFiles/CMakeTmp

Run Build Command:"/usr/bin/make" "cmTC_c57a7/fast"
/usr/bin/make -f CMakeFiles/cmTC_c57a7.dir/build.make CMakeFiles/cmTC_c57a7.dir/build
make[1]: Entering directory '/home/thfabian/Desktop/dawn/build/clang/CMakeFiles/CMakeTmp'
Building CXX object CMakeFiles/cmTC_c57a7.dir/src.cxx.o
/usr/bin/clang++     -std=c++11 -march=native -pthread -Wall -W -Wformat -Wmissing-declarations -Wmissing-prototypes -Wstrict-prototypes -Wundef -Winit-self -Wpointer-arith -Wshadow -Wsign-promo -Werror=return-type -Werror=non-virtual-dtor -DHAVE_GCC_WERROR_ADDRESS   -Werror=address -o CMakeFiles/cmTC_c57a7.dir/src.cxx.o -c /home/thfabian/Desktop/dawn/build/clang/CMakeFiles/CMakeTmp/src.cxx
Linking CXX executable cmTC_c57a7
/usr/bin/cmake -E cmake_link_script CMakeFiles/cmTC_c57a7.dir/link.txt --verbose=1
/usr/bin/clang++    -std=c++11 -march=native -pthread -Wall -W -Wformat -Wmissing-declarations -Wmissing-prototypes -Wstrict-prototypes -Wundef -Winit-self -Wpointer-arith -Wshadow -Wsign-promo -Werror=return-type -Werror=non-virtual-dtor -DHAVE_GCC_WERROR_ADDRESS    CMakeFiles/cmTC_c57a7.dir/src.cxx.o  -o cmTC_c57a7 -rdynamic 
make[1]: Leaving directory '/home/thfabian/Desktop/dawn/build/clang/CMakeFiles/CMakeTmp'

Source file was:
int main() { return 0; }
Performing C++ SOURCE FILE Test HAVE_GCC_WERROR_SEQUENCE_POINT succeeded with the following output:
Change Dir: /home/thfabian/Desktop/dawn/build/clang/CMakeFiles/CMakeTmp

Run Build Command:"/usr/bin/make" "cmTC_5ba39/fast"
/usr/bin/make -f CMakeFiles/cmTC_5ba39.dir/build.make CMakeFiles/cmTC_5ba39.dir/build
make[1]: Entering directory '/home/thfabian/Desktop/dawn/build/clang/CMakeFiles/CMakeTmp'
Building CXX object CMakeFiles/cmTC_5ba39.dir/src.cxx.o
/usr/bin/clang++     -std=c++11 -march=native -pthread -Wall -W -Wformat -Wmissing-declarations -Wmissing-prototypes -Wstrict-prototypes -Wundef -Winit-self -Wpointer-arith -Wshadow -Wsign-promo -Werror=return-type -Werror=non-virtual-dtor -Werror=address -DHAVE_GCC_WERROR_SEQUENCE_POINT   -Werror=sequence-point -o CMakeFiles/cmTC_5ba39.dir/src.cxx.o -c /home/thfabian/Desktop/dawn/build/clang/CMakeFiles/CMakeTmp/src.cxx
Linking CXX executable cmTC_5ba39
/usr/bin/cmake -E cmake_link_script CMakeFiles/cmTC_5ba39.dir/link.txt --verbose=1
/usr/bin/clang++    -std=c++11 -march=native -pthread -Wall -W -Wformat -Wmissing-declarations -Wmissing-prototypes -Wstrict-prototypes -Wundef -Winit-self -Wpointer-arith -Wshadow -Wsign-promo -Werror=return-type -Werror=non-virtual-dtor -Werror=address -DHAVE_GCC_WERROR_SEQUENCE_POINT    CMakeFiles/cmTC_5ba39.dir/src.cxx.o  -o cmTC_5ba39 -rdynamic 
make[1]: Leaving directory '/home/thfabian/Desktop/dawn/build/clang/CMakeFiles/CMakeTmp'

Source file was:
int main() { return 0; }
Performing C++ SOURCE FILE Test HAVE_GCC_WNO_SIGN_PROMO succeeded with the following output:
Change Dir: /home/thfabian/Desktop/dawn/build/clang/CMakeFiles/CMakeTmp

Run Build Command:"/usr/bin/make" "cmTC_4f15d/fast"
/usr/bin/make -f CMakeFiles/cmTC_4f15d.dir/build.make CMakeFiles/cmTC_4f15d.dir/build
make[1]: Entering directory '/home/thfabian/Desktop/dawn/build/clang/CMakeFiles/CMakeTmp'
Building CXX object CMakeFiles/cmTC_4f15d.dir/src.cxx.o
/usr/bin/clang++     -std=c++11 -march=native -pthread -Wall -W -Wformat -Wmissing-declarations -Wmissing-prototypes -Wstrict-prototypes -Wundef -Winit-self -Wpointer-arith -Wshadow -Wsign-promo -Werror=return-type -Werror=non-virtual-dtor -Werror=address -Werror=sequence-point -DHAVE_GCC_WNO_SIGN_PROMO   -Wno-sign-promo -o CMakeFiles/cmTC_4f15d.dir/src.cxx.o -c /home/thfabian/Desktop/dawn/build/clang/CMakeFiles/CMakeTmp/src.cxx
Linking CXX executable cmTC_4f15d
/usr/bin/cmake -E cmake_link_script CMakeFiles/cmTC_4f15d.dir/link.txt --verbose=1
/usr/bin/clang++    -std=c++11 -march=native -pthread -Wall -W -Wformat -Wmissing-declarations -Wmissing-prototypes -Wstrict-prototypes -Wundef -Winit-self -Wpointer-arith -Wshadow -Wsign-promo -Werror=return-type -Werror=non-virtual-dtor -Werror=address -Werror=sequence-point -DHAVE_GCC_WNO_SIGN_PROMO    CMakeFiles/cmTC_4f15d.dir/src.cxx.o  -o cmTC_4f15d -rdynamic 
make[1]: Leaving directory '/home/thfabian/Desktop/dawn/build/clang/CMakeFiles/CMakeTmp'

Source file was:
int main() { return 0; }
Performing C++ SOURCE FILE Test HAVE_GCC_WNO_SIGN_COMPARE succeeded with the following output:
Change Dir: /home/thfabian/Desktop/dawn/build/clang/CMakeFiles/CMakeTmp

Run Build Command:"/usr/bin/make" "cmTC_1a2b6/fast"
/usr/bin/make -f CMakeFiles/cmTC_1a2b6.dir/build.make CMakeFiles/cmTC_1a2b6.dir/build
make[1]: Entering directory '/home/thfabian/Desktop/dawn/build/clang/CMakeFiles/CMakeTmp'
Building CXX object CMakeFiles/cmTC_1a2b6.dir/src.cxx.o
/usr/bin/clang++     -std=c++11 -march=native -pthread -Wall -W -Wformat -Wmissing-declarations -Wmissing-prototypes -Wstrict-prototypes -Wundef -Winit-self -Wpointer-arith -Wshadow -Wsign-promo -Werror=return-type -Werror=non-virtual-dtor -Werror=address -Werror=sequence-point -Wno-sign-promo -DHAVE_GCC_WNO_SIGN_COMPARE   -Wno-sign-compare -o CMakeFiles/cmTC_1a2b6.dir/src.cxx.o -c /home/thfabian/Desktop/dawn/build/clang/CMakeFiles/CMakeTmp/src.cxx
Linking CXX executable cmTC_1a2b6
/usr/bin/cmake -E cmake_link_script CMakeFiles/cmTC_1a2b6.dir/link.txt --verbose=1
/usr/bin/clang++    -std=c++11 -march=native -pthread -Wall -W -Wformat -Wmissing-declarations -Wmissing-prototypes -Wstrict-prototypes -Wundef -Winit-self -Wpointer-arith -Wshadow -Wsign-promo -Werror=return-type -Werror=non-virtual-dtor -Werror=address -Werror=sequence-point -Wno-sign-promo -DHAVE_GCC_WNO_SIGN_COMPARE    CMakeFiles/cmTC_1a2b6.dir/src.cxx.o  -o cmTC_1a2b6 -rdynamic 
make[1]: Leaving directory '/home/thfabian/Desktop/dawn/build/clang/CMakeFiles/CMakeTmp'

Source file was:
int main() { return 0; }
Performing C++ SOURCE FILE Test HAVE_GCC_WNO_UNUSDED_PARAMETER succeeded with the following output:
Change Dir: /home/thfabian/Desktop/dawn/build/clang/CMakeFiles/CMakeTmp

Run Build Command:"/usr/bin/make" "cmTC_55f84/fast"
/usr/bin/make -f CMakeFiles/cmTC_55f84.dir/build.make CMakeFiles/cmTC_55f84.dir/build
make[1]: Entering directory '/home/thfabian/Desktop/dawn/build/clang/CMakeFiles/CMakeTmp'
Building CXX object CMakeFiles/cmTC_55f84.dir/src.cxx.o
/usr/bin/clang++     -std=c++11 -march=native -pthread -Wall -W -Wformat -Wmissing-declarations -Wmissing-prototypes -Wstrict-prototypes -Wundef -Winit-self -Wpointer-arith -Wshadow -Wsign-promo -Werror=return-type -Werror=non-virtual-dtor -Werror=address -Werror=sequence-point -Wno-sign-promo -Wno-sign-compare -DHAVE_GCC_WNO_UNUSDED_PARAMETER   -Wno-unused-parameter -o CMakeFiles/cmTC_55f84.dir/src.cxx.o -c /home/thfabian/Desktop/dawn/build/clang/CMakeFiles/CMakeTmp/src.cxx
Linking CXX executable cmTC_55f84
/usr/bin/cmake -E cmake_link_script CMakeFiles/cmTC_55f84.dir/link.txt --verbose=1
/usr/bin/clang++    -std=c++11 -march=native -pthread -Wall -W -Wformat -Wmissing-declarations -Wmissing-prototypes -Wstrict-prototypes -Wundef -Winit-self -Wpointer-arith -Wshadow -Wsign-promo -Werror=return-type -Werror=non-virtual-dtor -Werror=address -Werror=sequence-point -Wno-sign-promo -Wno-sign-compare -DHAVE_GCC_WNO_UNUSDED_PARAMETER    CMakeFiles/cmTC_55f84.dir/src.cxx.o  -o cmTC_55f84 -rdynamic 
make[1]: Leaving directory '/home/thfabian/Desktop/dawn/build/clang/CMakeFiles/CMakeTmp'

Source file was:
int main() { return 0; }
Performing C++ SOURCE FILE Test HAVE_CLANG_UNUSED_ARGUMENTS succeeded with the following output:
Change Dir: /home/thfabian/Desktop/dawn/build/clang/CMakeFiles/CMakeTmp

Run Build Command:"/usr/bin/make" "cmTC_44751/fast"
/usr/bin/make -f CMakeFiles/cmTC_44751.dir/build.make CMakeFiles/cmTC_44751.dir/build
make[1]: Entering directory '/home/thfabian/Desktop/dawn/build/clang/CMakeFiles/CMakeTmp'
Building CXX object CMakeFiles/cmTC_44751.dir/src.cxx.o
/usr/bin/clang++     -std=c++11 -march=native -pthread -Wall -W -Wformat -Wmissing-declarations -Wmissing-prototypes -Wstrict-prototypes -Wundef -Winit-self -Wpointer-arith -Wshadow -Wsign-promo -Werror=return-type -Werror=non-virtual-dtor -Werror=address -Werror=sequence-point -Wno-sign-promo -Wno-sign-compare -Wno-unused-parameter -DHAVE_CLANG_UNUSED_ARGUMENTS   -Qunused-arguments -o CMakeFiles/cmTC_44751.dir/src.cxx.o -c /home/thfabian/Desktop/dawn/build/clang/CMakeFiles/CMakeTmp/src.cxx
Linking CXX executable cmTC_44751
/usr/bin/cmake -E cmake_link_script CMakeFiles/cmTC_44751.dir/link.txt --verbose=1
/usr/bin/clang++    -std=c++11 -march=native -pthread -Wall -W -Wformat -Wmissing-declarations -Wmissing-prototypes -Wstrict-prototypes -Wundef -Winit-self -Wpointer-arith -Wshadow -Wsign-promo -Werror=return-type -Werror=non-virtual-dtor -Werror=address -Werror=sequence-point -Wno-sign-promo -Wno-sign-compare -Wno-unused-parameter -DHAVE_CLANG_UNUSED_ARGUMENTS    CMakeFiles/cmTC_44751.dir/src.cxx.o  -o cmTC_44751 -rdynamic 
make[1]: Leaving directory '/home/thfabian/Desktop/dawn/build/clang/CMakeFiles/CMakeTmp'

Source file was:
int main() { return 0; }
Performing C++ SOURCE FILE Test HAVE_CLANG_COLOR_DIAGNOSTICS succeeded with the following output:
Change Dir: /home/thfabian/Desktop/dawn/build/clang/CMakeFiles/CMakeTmp

Run Build Command:"/usr/bin/make" "cmTC_e7c59/fast"
/usr/bin/make -f CMakeFiles/cmTC_e7c59.dir/build.make CMakeFiles/cmTC_e7c59.dir/build
make[1]: Entering directory '/home/thfabian/Desktop/dawn/build/clang/CMakeFiles/CMakeTmp'
Building CXX object CMakeFiles/cmTC_e7c59.dir/src.cxx.o
/usr/bin/clang++     -std=c++11 -march=native -pthread -Wall -W -Wformat -Wmissing-declarations -Wmissing-prototypes -Wstrict-prototypes -Wundef -Winit-self -Wpointer-arith -Wshadow -Wsign-promo -Werror=return-type -Werror=non-virtual-dtor -Werror=address -Werror=sequence-point -Wno-sign-promo -Wno-sign-compare -Wno-unused-parameter -Qunused-arguments -DHAVE_CLANG_COLOR_DIAGNOSTICS   -fcolor-diagnostics -o CMakeFiles/cmTC_e7c59.dir/src.cxx.o -c /home/thfabian/Desktop/dawn/build/clang/CMakeFiles/CMakeTmp/src.cxx
Linking CXX executable cmTC_e7c59
/usr/bin/cmake -E cmake_link_script CMakeFiles/cmTC_e7c59.dir/link.txt --verbose=1
/usr/bin/clang++    -std=c++11 -march=native -pthread -Wall -W -Wformat -Wmissing-declarations -Wmissing-prototypes -Wstrict-prototypes -Wundef -Winit-self -Wpointer-arith -Wshadow -Wsign-promo -Werror=return-type -Werror=non-virtual-dtor -Werror=address -Werror=sequence-point -Wno-sign-promo -Wno-sign-compare -Wno-unused-parameter -Qunused-arguments -DHAVE_CLANG_COLOR_DIAGNOSTICS    CMakeFiles/cmTC_e7c59.dir/src.cxx.o  -o cmTC_e7c59 -rdynamic 
make[1]: Leaving directory '/home/thfabian/Desktop/dawn/build/clang/CMakeFiles/CMakeTmp'

Source file was:
int main() { return 0; }
Determining if the include file pthread.h exists passed with the following output:
Change Dir: /home/thfabian/Desktop/dawn/build/clang/CMakeFiles/CMakeTmp

Run Build Command:"/usr/bin/make" "cmTC_88b90/fast"
/usr/bin/make -f CMakeFiles/cmTC_88b90.dir/build.make CMakeFiles/cmTC_88b90.dir/build
make[1]: Entering directory '/home/thfabian/Desktop/dawn/build/clang/CMakeFiles/CMakeTmp'
Building C object CMakeFiles/cmTC_88b90.dir/CheckIncludeFile.c.o
/usr/bin/clang     -o CMakeFiles/cmTC_88b90.dir/CheckIncludeFile.c.o   -c /home/thfabian/Desktop/dawn/build/clang/CMakeFiles/CMakeTmp/CheckIncludeFile.c
Linking C executable cmTC_88b90
/usr/bin/cmake -E cmake_link_script CMakeFiles/cmTC_88b90.dir/link.txt --verbose=1
/usr/bin/clang       CMakeFiles/cmTC_88b90.dir/CheckIncludeFile.c.o  -o cmTC_88b90 -rdynamic 
make[1]: Leaving directory '/home/thfabian/Desktop/dawn/build/clang/CMakeFiles/CMakeTmp'


Determining if the function pthread_create exists in the pthread passed with the following output:
Change Dir: /home/thfabian/Desktop/dawn/build/clang/CMakeFiles/CMakeTmp

Run Build Command:"/usr/bin/make" "cmTC_086c3/fast"
/usr/bin/make -f CMakeFiles/cmTC_086c3.dir/build.make CMakeFiles/cmTC_086c3.dir/build
make[1]: Entering directory '/home/thfabian/Desktop/dawn/build/clang/CMakeFiles/CMakeTmp'
Building C object CMakeFiles/cmTC_086c3.dir/CheckFunctionExists.c.o
/usr/bin/clang    -DCHECK_FUNCTION_EXISTS=pthread_create   -o CMakeFiles/cmTC_086c3.dir/CheckFunctionExists.c.o   -c /usr/share/cmake-3.5/Modules/CheckFunctionExists.c
Linking C executable cmTC_086c3
/usr/bin/cmake -E cmake_link_script CMakeFiles/cmTC_086c3.dir/link.txt --verbose=1
/usr/bin/clang   -DCHECK_FUNCTION_EXISTS=pthread_create    CMakeFiles/cmTC_086c3.dir/CheckFunctionExists.c.o  -o cmTC_086c3 -rdynamic -lpthread 
make[1]: Leaving directory '/home/thfabian/Desktop/dawn/build/clang/CMakeFiles/CMakeTmp'


Performing C++ SOURCE FILE Test HAVE_GCC_NO_WARNING succeeded with the following output:
Change Dir: /home/thfabian/Desktop/dawn/build/clang/CMakeFiles/CMakeTmp

Run Build Command:"/usr/bin/make" "cmTC_a4812/fast"
/usr/bin/make -f CMakeFiles/cmTC_a4812.dir/build.make CMakeFiles/cmTC_a4812.dir/build
make[1]: Entering directory '/home/thfabian/Desktop/dawn/build/clang/CMakeFiles/CMakeTmp'
Building CXX object CMakeFiles/cmTC_a4812.dir/src.cxx.o
/usr/bin/clang++     -std=c++11 -march=native -pthread -Wall -W -Wformat -Wmissing-declarations -Wmissing-prototypes -Wstrict-prototypes -Wundef -Winit-self -Wpointer-arith -Wshadow -Wsign-promo -Werror=return-type -Werror=non-virtual-dtor -Werror=address -Werror=sequence-point -Wno-sign-promo -Wno-sign-compare -Wno-unused-parameter -Qunused-arguments -fcolor-diagnostics -DHAVE_GCC_NO_WARNING   -w -o CMakeFiles/cmTC_a4812.dir/src.cxx.o -c /home/thfabian/Desktop/dawn/build/clang/CMakeFiles/CMakeTmp/src.cxx
Linking CXX executable cmTC_a4812
/usr/bin/cmake -E cmake_link_script CMakeFiles/cmTC_a4812.dir/link.txt --verbose=1
/usr/bin/clang++    -std=c++11 -march=native -pthread -Wall -W -Wformat -Wmissing-declarations -Wmissing-prototypes -Wstrict-prototypes -Wundef -Winit-self -Wpointer-arith -Wshadow -Wsign-promo -Werror=return-type -Werror=non-virtual-dtor -Werror=address -Werror=sequence-point -Wno-sign-promo -Wno-sign-compare -Wno-unused-parameter -Qunused-arguments -fcolor-diagnostics -DHAVE_GCC_NO_WARNING    CMakeFiles/cmTC_a4812.dir/src.cxx.o  -o cmTC_a4812 -rdynamic 
make[1]: Leaving directory '/home/thfabian/Desktop/dawn/build/clang/CMakeFiles/CMakeTmp'

Source file was:
int main() { return 0; }
