Performing C++ SOURCE FILE Test HAVE_CLANG_WNO_UNDEFINED_VAR_TEMPLATE failed with the following output:
Change Dir: /home/thfabian/Desktop/dawn/build/clang/CMakeFiles/CMakeTmp

Run Build Command:"/usr/bin/make" "cmTC_ffbf0/fast"
/usr/bin/make -f CMakeFiles/cmTC_ffbf0.dir/build.make CMakeFiles/cmTC_ffbf0.dir/build
make[1]: Entering directory '/home/thfabian/Desktop/dawn/build/clang/CMakeFiles/CMakeTmp'
Building CXX object CMakeFiles/cmTC_ffbf0.dir/src.cxx.o
/usr/bin/clang++     -std=c++11 -march=native -pthread -Wall -W -Wformat -Wmissing-declarations -Wmissing-prototypes -Wstrict-prototypes -Wundef -Winit-self -Wpointer-arith -Wshadow -Wsign-promo -Werror=return-type -Werror=non-virtual-dtor -Werror=address -Werror=sequence-point -Wno-sign-promo -Wno-sign-compare -Wno-unused-parameter -Qunused-arguments -fcolor-diagnostics -DHAVE_CLANG_WNO_UNDEFINED_VAR_TEMPLATE   -Wno-undefined-var-template -o CMakeFiles/cmTC_ffbf0.dir/src.cxx.o -c /home/thfabian/Desktop/dawn/build/clang/CMakeFiles/CMakeTmp/src.cxx
[0;1;35mwarning: [0munknown warning option '-Wno-undefined-var-template'; did you mean '-Wno-undefined-internal'? [-Wunknown-warning-option][0m
1 warning generated.
Linking CXX executable cmTC_ffbf0
/usr/bin/cmake -E cmake_link_script CMakeFiles/cmTC_ffbf0.dir/link.txt --verbose=1
/usr/bin/clang++    -std=c++11 -march=native -pthread -Wall -W -Wformat -Wmissing-declarations -Wmissing-prototypes -Wstrict-prototypes -Wundef -Winit-self -Wpointer-arith -Wshadow -Wsign-promo -Werror=return-type -Werror=non-virtual-dtor -Werror=address -Werror=sequence-point -Wno-sign-promo -Wno-sign-compare -Wno-unused-parameter -Qunused-arguments -fcolor-diagnostics -DHAVE_CLANG_WNO_UNDEFINED_VAR_TEMPLATE    CMakeFiles/cmTC_ffbf0.dir/src.cxx.o  -o cmTC_ffbf0 -rdynamic 
make[1]: Leaving directory '/home/thfabian/Desktop/dawn/build/clang/CMakeFiles/CMakeTmp'

Source file was:
int main() { return 0; }
Determining if the pthread_create exist failed with the following output:
Change Dir: /home/thfabian/Desktop/dawn/build/clang/CMakeFiles/CMakeTmp

Run Build Command:"/usr/bin/make" "cmTC_404ae/fast"
/usr/bin/make -f CMakeFiles/cmTC_404ae.dir/build.make CMakeFiles/cmTC_404ae.dir/build
make[1]: Entering directory '/home/thfabian/Desktop/dawn/build/clang/CMakeFiles/CMakeTmp'
Building C object CMakeFiles/cmTC_404ae.dir/CheckSymbolExists.c.o
/usr/bin/clang     -o CMakeFiles/cmTC_404ae.dir/CheckSymbolExists.c.o   -c /home/thfabian/Desktop/dawn/build/clang/CMakeFiles/CMakeTmp/CheckSymbolExists.c
Linking C executable cmTC_404ae
/usr/bin/cmake -E cmake_link_script CMakeFiles/cmTC_404ae.dir/link.txt --verbose=1
/usr/bin/clang       CMakeFiles/cmTC_404ae.dir/CheckSymbolExists.c.o  -o cmTC_404ae -rdynamic 
CMakeFiles/cmTC_404ae.dir/CheckSymbolExists.c.o: In function `main':
/home/thfabian/Desktop/dawn/build/clang/CMakeFiles/CMakeTmp/CheckSymbolExists.c:(.text+0x19): undefined reference to `pthread_create'
clang: error: linker command failed with exit code 1 (use -v to see invocation)
CMakeFiles/cmTC_404ae.dir/build.make:97: recipe for target 'cmTC_404ae' failed
make[1]: *** [cmTC_404ae] Error 1
make[1]: Leaving directory '/home/thfabian/Desktop/dawn/build/clang/CMakeFiles/CMakeTmp'
Makefile:126: recipe for target 'cmTC_404ae/fast' failed
make: *** [cmTC_404ae/fast] Error 2

File /home/thfabian/Desktop/dawn/build/clang/CMakeFiles/CMakeTmp/CheckSymbolExists.c:
/* */
#include <pthread.h>

int main(int argc, char** argv)
{
  (void)argv;
#ifndef pthread_create
  return ((int*)(&pthread_create))[argc];
#else
  (void)argc;
  return 0;
#endif
}

Determining if the function pthread_create exists in the pthreads failed with the following output:
Change Dir: /home/thfabian/Desktop/dawn/build/clang/CMakeFiles/CMakeTmp

Run Build Command:"/usr/bin/make" "cmTC_02e65/fast"
/usr/bin/make -f CMakeFiles/cmTC_02e65.dir/build.make CMakeFiles/cmTC_02e65.dir/build
make[1]: Entering directory '/home/thfabian/Desktop/dawn/build/clang/CMakeFiles/CMakeTmp'
Building C object CMakeFiles/cmTC_02e65.dir/CheckFunctionExists.c.o
/usr/bin/clang    -DCHECK_FUNCTION_EXISTS=pthread_create   -o CMakeFiles/cmTC_02e65.dir/CheckFunctionExists.c.o   -c /usr/share/cmake-3.5/Modules/CheckFunctionExists.c
Linking C executable cmTC_02e65
/usr/bin/cmake -E cmake_link_script CMakeFiles/cmTC_02e65.dir/link.txt --verbose=1
/usr/bin/clang   -DCHECK_FUNCTION_EXISTS=pthread_create    CMakeFiles/cmTC_02e65.dir/CheckFunctionExists.c.o  -o cmTC_02e65 -rdynamic -lpthreads 
/usr/bin/ld: cannot find -lpthreads
clang: error: linker command failed with exit code 1 (use -v to see invocation)
CMakeFiles/cmTC_02e65.dir/build.make:97: recipe for target 'cmTC_02e65' failed
make[1]: *** [cmTC_02e65] Error 1
make[1]: Leaving directory '/home/thfabian/Desktop/dawn/build/clang/CMakeFiles/CMakeTmp'
Makefile:126: recipe for target 'cmTC_02e65/fast' failed
make: *** [cmTC_02e65/fast] Error 2


